{"C:\\Proyects\\ciunac-backend-v1\\backend\\src\\app.controller.ts": {"path":"C:\\Proyects\\ciunac-backend-v1\\backend\\src\\app.controller.ts","statementMap":{"0":{"start":{"line":1,"column":0},"end":{"line":1,"column":76}},"1":{"start":{"line":2,"column":0},"end":{"line":2,"column":43}},"2":{"start":{"line":3,"column":0},"end":{"line":3,"column":45}},"3":{"start":{"line":6,"column":7},"end":{"line":29,"column":null}},"4":{"start":{"line":7,"column":30},"end":{"line":7,"column":42}},"5":{"start":{"line":11,"column":2},"end":{"line":11,"column":36}},"6":{"start":{"line":16,"column":2},"end":{"line":16,"column":48}},"7":{"start":{"line":21,"column":2},"end":{"line":21,"column":45}},"8":{"start":{"line":27,"column":2},"end":{"line":27,"column":18}},"9":{"start":{"line":6,"column":13},"end":{"line":6,"column":26}},"10":{"start":{"line":10,"column":1},"end":{"line":12,"column":null}},"11":{"start":{"line":15,"column":1},"end":{"line":17,"column":null}},"12":{"start":{"line":20,"column":1},"end":{"line":22,"column":null}},"13":{"start":{"line":26,"column":1},"end":{"line":28,"column":null}},"14":{"start":{"line":6,"column":13},"end":{"line":29,"column":null}}},"fnMap":{"0":{"name":"(anonymous_4)","decl":{"start":{"line":7,"column":1},"end":{"line":7,"column":30}},"loc":{"start":{"line":7,"column":52},"end":{"line":7,"column":56}}},"1":{"name":"(anonymous_5)","decl":{"start":{"line":10,"column":1},"end":{"line":10,"column":9}},"loc":{"start":{"line":10,"column":9},"end":{"line":12,"column":2}}},"2":{"name":"(anonymous_6)","decl":{"start":{"line":15,"column":1},"end":{"line":15,"column":6}},"loc":{"start":{"line":15,"column":34},"end":{"line":17,"column":2}}},"3":{"name":"(anonymous_7)","decl":{"start":{"line":20,"column":1},"end":{"line":20,"column":8}},"loc":{"start":{"line":20,"column":38},"end":{"line":22,"column":2}}},"4":{"name":"(anonymous_8)","decl":{"start":{"line":26,"column":1},"end":{"line":26,"column":11}},"loc":{"start":{"line":26,"column":26},"end":{"line":28,"column":2}}}},"branchMap":{"0":{"loc":{"start":{"line":7,"column":42},"end":{"line":7,"column":55}},"type":"cond-expr","locations":[{"start":{"line":7,"column":52},"end":{"line":7,"column":55}},{"start":{"line":7,"column":52},"end":{"line":7,"column":55}}]},"1":{"loc":{"start":{"line":7,"column":42},"end":{"line":7,"column":52}},"type":"binary-expr","locations":[{"start":{"line":7,"column":42},"end":{"line":7,"column":55}},{"start":{"line":7,"column":42},"end":{"line":7,"column":52}}]}},"s":{"0":1,"1":1,"2":1,"3":1,"4":1,"5":1,"6":0,"7":0,"8":0,"9":1,"10":1,"11":1,"12":1,"13":1,"14":1},"f":{"0":1,"1":1,"2":0,"3":0,"4":0},"b":{"0":[1,0],"1":[1,1]}}
,"C:\\Proyects\\ciunac-backend-v1\\backend\\src\\app.module.ts": {"path":"C:\\Proyects\\ciunac-backend-v1\\backend\\src\\app.module.ts","statementMap":{"0":{"start":{"line":1,"column":0},"end":{"line":1,"column":40}},"1":{"start":{"line":2,"column":0},"end":{"line":2,"column":61}},"2":{"start":{"line":3,"column":0},"end":{"line":3,"column":49}},"3":{"start":{"line":4,"column":0},"end":{"line":4,"column":43}},"4":{"start":{"line":5,"column":0},"end":{"line":5,"column":48}},"5":{"start":{"line":6,"column":0},"end":{"line":6,"column":50}},"6":{"start":{"line":7,"column":0},"end":{"line":7,"column":79}},"7":{"start":{"line":8,"column":0},"end":{"line":8,"column":76}},"8":{"start":{"line":9,"column":0},"end":{"line":9,"column":85}},"9":{"start":{"line":10,"column":0},"end":{"line":10,"column":89}},"10":{"start":{"line":11,"column":0},"end":{"line":11,"column":83}},"11":{"start":{"line":12,"column":0},"end":{"line":12,"column":76}},"12":{"start":{"line":13,"column":0},"end":{"line":13,"column":80}},"13":{"start":{"line":14,"column":0},"end":{"line":14,"column":76}},"14":{"start":{"line":15,"column":0},"end":{"line":15,"column":73}},"15":{"start":{"line":16,"column":0},"end":{"line":16,"column":73}},"16":{"start":{"line":17,"column":0},"end":{"line":17,"column":70}},"17":{"start":{"line":18,"column":0},"end":{"line":18,"column":95}},"18":{"start":{"line":19,"column":0},"end":{"line":19,"column":74}},"19":{"start":{"line":20,"column":0},"end":{"line":20,"column":89}},"20":{"start":{"line":21,"column":0},"end":{"line":21,"column":102}},"21":{"start":{"line":22,"column":0},"end":{"line":22,"column":76}},"22":{"start":{"line":23,"column":0},"end":{"line":23,"column":93}},"23":{"start":{"line":24,"column":0},"end":{"line":24,"column":112}},"24":{"start":{"line":25,"column":0},"end":{"line":25,"column":130}},"25":{"start":{"line":26,"column":0},"end":{"line":26,"column":112}},"26":{"start":{"line":27,"column":0},"end":{"line":27,"column":118}},"27":{"start":{"line":28,"column":0},"end":{"line":28,"column":73}},"28":{"start":{"line":29,"column":0},"end":{"line":29,"column":86}},"29":{"start":{"line":30,"column":0},"end":{"line":30,"column":121}},"30":{"start":{"line":31,"column":0},"end":{"line":31,"column":102}},"31":{"start":{"line":32,"column":0},"end":{"line":32,"column":93}},"32":{"start":{"line":33,"column":0},"end":{"line":33,"column":96}},"33":{"start":{"line":34,"column":0},"end":{"line":34,"column":40}},"34":{"start":{"line":35,"column":0},"end":{"line":35,"column":50}},"35":{"start":{"line":36,"column":0},"end":{"line":36,"column":71}},"36":{"start":{"line":37,"column":0},"end":{"line":37,"column":61}},"37":{"start":{"line":38,"column":0},"end":{"line":38,"column":61}},"38":{"start":{"line":39,"column":0},"end":{"line":39,"column":45}},"39":{"start":{"line":40,"column":0},"end":{"line":40,"column":105}},"40":{"start":{"line":41,"column":0},"end":{"line":41,"column":125}},"41":{"start":{"line":42,"column":0},"end":{"line":42,"column":117}},"42":{"start":{"line":43,"column":0},"end":{"line":43,"column":135}},"43":{"start":{"line":44,"column":0},"end":{"line":44,"column":158}},"44":{"start":{"line":45,"column":0},"end":{"line":45,"column":123}},"45":{"start":{"line":46,"column":0},"end":{"line":46,"column":117}},"46":{"start":{"line":47,"column":0},"end":{"line":47,"column":120}},"47":{"start":{"line":48,"column":0},"end":{"line":48,"column":143}},"48":{"start":{"line":49,"column":0},"end":{"line":49,"column":137}},"49":{"start":{"line":50,"column":0},"end":{"line":50,"column":137}},"50":{"start":{"line":51,"column":0},"end":{"line":51,"column":117}},"51":{"start":{"line":52,"column":0},"end":{"line":52,"column":94}},"52":{"start":{"line":53,"column":0},"end":{"line":53,"column":92}},"53":{"start":{"line":54,"column":0},"end":{"line":54,"column":73}},"54":{"start":{"line":55,"column":0},"end":{"line":55,"column":91}},"55":{"start":{"line":145,"column":7},"end":{"line":145,"column":null}},"56":{"start":{"line":145,"column":13},"end":{"line":145,"column":22}},"57":{"start":{"line":145,"column":13},"end":{"line":145,"column":null}},"58":{"start":{"line":72,"column":43},"end":{"line":81,"column":5}},"59":{"start":{"line":87,"column":43},"end":{"line":89,"column":5}}},"fnMap":{"0":{"name":"(anonymous_1)","decl":{"start":{"line":72,"column":15},"end":{"line":72,"column":16}},"loc":{"start":{"line":72,"column":43},"end":{"line":81,"column":5}}},"1":{"name":"(anonymous_2)","decl":{"start":{"line":87,"column":15},"end":{"line":87,"column":16}},"loc":{"start":{"line":87,"column":43},"end":{"line":89,"column":5}}}},"branchMap":{"0":{"loc":{"start":{"line":75,"column":12},"end":{"line":75,"column":55}},"type":"binary-expr","locations":[{"start":{"line":75,"column":12},"end":{"line":75,"column":47}},{"start":{"line":75,"column":51},"end":{"line":75,"column":55}}]}},"s":{"0":0,"1":0,"2":0,"3":0,"4":0,"5":0,"6":0,"7":0,"8":0,"9":0,"10":0,"11":0,"12":0,"13":0,"14":0,"15":0,"16":0,"17":0,"18":0,"19":0,"20":0,"21":0,"22":0,"23":0,"24":0,"25":0,"26":0,"27":0,"28":0,"29":0,"30":0,"31":0,"32":0,"33":0,"34":0,"35":0,"36":0,"37":0,"38":0,"39":0,"40":0,"41":0,"42":0,"43":0,"44":0,"45":0,"46":0,"47":0,"48":0,"49":0,"50":0,"51":0,"52":0,"53":0,"54":0,"55":0,"56":0,"57":0,"58":0,"59":0},"f":{"0":0,"1":0},"b":{"0":[0,0]}}
,"C:\\Proyects\\ciunac-backend-v1\\backend\\src\\app.service.ts": {"path":"C:\\Proyects\\ciunac-backend-v1\\backend\\src\\app.service.ts","statementMap":{"0":{"start":{"line":1,"column":0},"end":{"line":1,"column":44}},"1":{"start":{"line":3,"column":20},"end":{"line":3,"column":46}},"2":{"start":{"line":4,"column":0},"end":{"line":4,"column":41}},"3":{"start":{"line":7,"column":7},"end":{"line":26,"column":null}},"4":{"start":{"line":8,"column":21},"end":{"line":8,"column":33}},"5":{"start":{"line":11,"column":2},"end":{"line":11,"column":38}},"6":{"start":{"line":15,"column":15},"end":{"line":15,"column":49}},"7":{"start":{"line":16,"column":2},"end":{"line":16,"column":36}},"8":{"start":{"line":20,"column":2},"end":{"line":24,"column":3}},"9":{"start":{"line":21,"column":3},"end":{"line":21,"column":40}},"10":{"start":{"line":23,"column":3},"end":{"line":23,"column":15}},"11":{"start":{"line":7,"column":13},"end":{"line":7,"column":23}},"12":{"start":{"line":7,"column":13},"end":{"line":26,"column":null}}},"fnMap":{"0":{"name":"(anonymous_2)","decl":{"start":{"line":8,"column":1},"end":{"line":8,"column":21}},"loc":{"start":{"line":8,"column":43},"end":{"line":8,"column":48}}},"1":{"name":"(anonymous_3)","decl":{"start":{"line":10,"column":1},"end":{"line":10,"column":9}},"loc":{"start":{"line":10,"column":9},"end":{"line":12,"column":2}}},"2":{"name":"(anonymous_4)","decl":{"start":{"line":14,"column":1},"end":{"line":14,"column":13}},"loc":{"start":{"line":14,"column":26},"end":{"line":17,"column":2}}},"3":{"name":"(anonymous_5)","decl":{"start":{"line":19,"column":1},"end":{"line":19,"column":13}},"loc":{"start":{"line":19,"column":27},"end":{"line":25,"column":2}}}},"branchMap":{"0":{"loc":{"start":{"line":8,"column":33},"end":{"line":8,"column":47}},"type":"cond-expr","locations":[{"start":{"line":8,"column":43},"end":{"line":8,"column":47}},{"start":{"line":8,"column":43},"end":{"line":8,"column":47}}]},"1":{"loc":{"start":{"line":8,"column":33},"end":{"line":8,"column":43}},"type":"binary-expr","locations":[{"start":{"line":8,"column":33},"end":{"line":8,"column":47}},{"start":{"line":8,"column":33},"end":{"line":8,"column":43}}]}},"s":{"0":1,"1":1,"2":1,"3":1,"4":0,"5":0,"6":0,"7":0,"8":0,"9":0,"10":0,"11":1,"12":1},"f":{"0":0,"1":0,"2":0,"3":0},"b":{"0":[1,0],"1":[1,1]}}
,"C:\\Proyects\\ciunac-backend-v1\\backend\\src\\main.ts": {"path":"C:\\Proyects\\ciunac-backend-v1\\backend\\src\\main.ts","statementMap":{"0":{"start":{"line":1,"column":0},"end":{"line":1,"column":43}},"1":{"start":{"line":2,"column":0},"end":{"line":2,"column":41}},"2":{"start":{"line":3,"column":0},"end":{"line":3,"column":48}},"3":{"start":{"line":4,"column":0},"end":{"line":4,"column":28}},"4":{"start":{"line":5,"column":0},"end":{"line":5,"column":73}},"5":{"start":{"line":8,"column":13},"end":{"line":8,"column":48}},"6":{"start":{"line":10,"column":1},"end":{"line":22,"column":4}},"7":{"start":{"line":24,"column":1},"end":{"line":31,"column":5}},"8":{"start":{"line":33,"column":1},"end":{"line":41,"column":3}},"9":{"start":{"line":43,"column":1},"end":{"line":43,"column":19}},"10":{"start":{"line":46,"column":14},"end":{"line":46,"column":38}},"11":{"start":{"line":47,"column":1},"end":{"line":47,"column":35}},"12":{"start":{"line":49,"column":1},"end":{"line":49,"column":65}},"13":{"start":{"line":52,"column":0},"end":{"line":52,"column":12}}},"fnMap":{"0":{"name":"bootstrap","decl":{"start":{"line":7,"column":15},"end":{"line":7,"column":24}},"loc":{"start":{"line":7,"column":24},"end":{"line":50,"column":1}}}},"branchMap":{"0":{"loc":{"start":{"line":35,"column":3},"end":{"line":39,"column":15}},"type":"cond-expr","locations":[{"start":{"line":36,"column":6},"end":{"line":38,"column":null}},{"start":{"line":39,"column":6},"end":{"line":39,"column":15}}]},"1":{"loc":{"start":{"line":46,"column":14},"end":{"line":46,"column":38}},"type":"binary-expr","locations":[{"start":{"line":46,"column":14},"end":{"line":46,"column":30}},{"start":{"line":46,"column":34},"end":{"line":46,"column":38}}]}},"s":{"0":0,"1":0,"2":0,"3":0,"4":0,"5":0,"6":0,"7":0,"8":0,"9":0,"10":0,"11":0,"12":0,"13":0},"f":{"0":0},"b":{"0":[0,0],"1":[0,0]}}
,"C:\\Proyects\\ciunac-backend-v1\\backend\\src\\config\\openapi-metadata.ts": {"path":"C:\\Proyects\\ciunac-backend-v1\\backend\\src\\config\\openapi-metadata.ts","statementMap":{"0":{"start":{"line":15,"column":21},"end":{"line":23,"column":2}},"1":{"start":{"line":25,"column":17},"end":{"line":70,"column":2}},"2":{"start":{"line":72,"column":42},"end":{"line":118,"column":2}},"3":{"start":{"line":120,"column":25},"end":{"line":157,"column":2}},"4":{"start":{"line":159,"column":33},"end":{"line":159,"column":70}},"5":{"start":{"line":161,"column":35},"end":{"line":167,"column":2}},"6":{"start":{"line":169,"column":28},"end":{"line":169,"column":53}},"7":{"start":{"line":171,"column":30},"end":{"line":176,"column":2}},"8":{"start":{"line":178,"column":58},"end":{"line":241,"column":2}},"9":{"start":{"line":243,"column":28},"end":{"line":246,"column":1}},"10":{"start":{"line":244,"column":24},"end":{"line":244,"column":55}},"11":{"start":{"line":245,"column":1},"end":{"line":245,"column":27}},"12":{"start":{"line":248,"column":24},"end":{"line":249,"column":34}},"13":{"start":{"line":249,"column":1},"end":{"line":249,"column":34}},"14":{"start":{"line":251,"column":22},"end":{"line":254,"column":1}},"15":{"start":{"line":252,"column":22},"end":{"line":252,"column":47}},"16":{"start":{"line":253,"column":1},"end":{"line":253,"column":45}},"17":{"start":{"line":256,"column":21},"end":{"line":257,"column":34}},"18":{"start":{"line":257,"column":1},"end":{"line":257,"column":34}},"19":{"start":{"line":259,"column":32},"end":{"line":284,"column":1}},"20":{"start":{"line":263,"column":13},"end":{"line":263,"column":42}},"21":{"start":{"line":265,"column":1},"end":{"line":267,"column":2}},"22":{"start":{"line":266,"column":2},"end":{"line":266,"column":38}},"23":{"start":{"line":269,"column":1},"end":{"line":271,"column":2}},"24":{"start":{"line":270,"column":2},"end":{"line":270,"column":23}},"25":{"start":{"line":273,"column":22},"end":{"line":273,"column":47}},"26":{"start":{"line":275,"column":1},"end":{"line":277,"column":2}},"27":{"start":{"line":276,"column":2},"end":{"line":276,"column":38}},"28":{"start":{"line":279,"column":1},"end":{"line":281,"column":2}},"29":{"start":{"line":280,"column":2},"end":{"line":280,"column":29}},"30":{"start":{"line":283,"column":1},"end":{"line":283,"column":18}},"31":{"start":{"line":286,"column":23},"end":{"line":296,"column":1}},"32":{"start":{"line":291,"column":1},"end":{"line":291,"column":28}},"33":{"start":{"line":293,"column":1},"end":{"line":295,"column":2}},"34":{"start":{"line":294,"column":2},"end":{"line":294,"column":52}},"35":{"start":{"line":298,"column":29},"end":{"line":314,"column":1}},"36":{"start":{"line":303,"column":1},"end":{"line":303,"column":72}},"37":{"start":{"line":304,"column":1},"end":{"line":304,"column":76}},"38":{"start":{"line":306,"column":1},"end":{"line":308,"column":2}},"39":{"start":{"line":307,"column":2},"end":{"line":307,"column":61}},"40":{"start":{"line":310,"column":1},"end":{"line":313,"column":2}},"41":{"start":{"line":311,"column":2},"end":{"line":311,"column":73}},"42":{"start":{"line":312,"column":2},"end":{"line":312,"column":87}},"43":{"start":{"line":316,"column":26},"end":{"line":339,"column":1}},"44":{"start":{"line":321,"column":13},"end":{"line":321,"column":42}},"45":{"start":{"line":322,"column":31},"end":{"line":322,"column":61}},"46":{"start":{"line":323,"column":18},"end":{"line":323,"column":55}},"47":{"start":{"line":325,"column":1},"end":{"line":325,"column":40}},"48":{"start":{"line":326,"column":1},"end":{"line":326,"column":50}},"49":{"start":{"line":327,"column":1},"end":{"line":327,"column":79}},"50":{"start":{"line":328,"column":1},"end":{"line":328,"column":37}},"51":{"start":{"line":330,"column":1},"end":{"line":332,"column":2}},"52":{"start":{"line":331,"column":2},"end":{"line":331,"column":30}},"53":{"start":{"line":334,"column":1},"end":{"line":336,"column":2}},"54":{"start":{"line":335,"column":2},"end":{"line":335,"column":56}},"55":{"start":{"line":338,"column":1},"end":{"line":338,"column":49}},"56":{"start":{"line":341,"column":39},"end":{"line":359,"column":1}},"57":{"start":{"line":344,"column":1},"end":{"line":344,"column":26}},"58":{"start":{"line":346,"column":1},"end":{"line":356,"column":2}},"59":{"start":{"line":347,"column":24},"end":{"line":347,"column":51}},"60":{"start":{"line":349,"column":2},"end":{"line":355,"column":3}},"61":{"start":{"line":350,"column":3},"end":{"line":352,"column":4}},"62":{"start":{"line":351,"column":4},"end":{"line":351,"column":13}},"63":{"start":{"line":354,"column":3},"end":{"line":354,"column":66}},"64":{"start":{"line":358,"column":1},"end":{"line":358,"column":17}},"65":{"start":{"line":341,"column":13},"end":{"line":341,"column":39}}},"fnMap":{"0":{"name":"(anonymous_0)","decl":{"start":{"line":243,"column":28},"end":{"line":243,"column":29}},"loc":{"start":{"line":243,"column":53},"end":{"line":246,"column":1}}},"1":{"name":"(anonymous_1)","decl":{"start":{"line":248,"column":24},"end":{"line":248,"column":25}},"loc":{"start":{"line":249,"column":1},"end":{"line":249,"column":34}}},"2":{"name":"(anonymous_2)","decl":{"start":{"line":251,"column":22},"end":{"line":251,"column":23}},"loc":{"start":{"line":251,"column":47},"end":{"line":254,"column":1}}},"3":{"name":"(anonymous_3)","decl":{"start":{"line":256,"column":21},"end":{"line":256,"column":22}},"loc":{"start":{"line":257,"column":1},"end":{"line":257,"column":34}}},"4":{"name":"(anonymous_4)","decl":{"start":{"line":259,"column":32},"end":{"line":259,"column":null}},"loc":{"start":{"line":262,"column":44},"end":{"line":284,"column":1}}},"5":{"name":"(anonymous_5)","decl":{"start":{"line":286,"column":23},"end":{"line":286,"column":null}},"loc":{"start":{"line":290,"column":10},"end":{"line":296,"column":1}}},"6":{"name":"(anonymous_6)","decl":{"start":{"line":298,"column":29},"end":{"line":298,"column":null}},"loc":{"start":{"line":302,"column":10},"end":{"line":314,"column":1}}},"7":{"name":"(anonymous_7)","decl":{"start":{"line":316,"column":26},"end":{"line":316,"column":null}},"loc":{"start":{"line":320,"column":10},"end":{"line":339,"column":1}}},"8":{"name":"(anonymous_8)","decl":{"start":{"line":341,"column":39},"end":{"line":341,"column":null}},"loc":{"start":{"line":343,"column":19},"end":{"line":359,"column":1}}}},"branchMap":{"0":{"loc":{"start":{"line":245,"column":8},"end":{"line":245,"column":26}},"type":"binary-expr","locations":[{"start":{"line":245,"column":8},"end":{"line":245,"column":20}},{"start":{"line":245,"column":24},"end":{"line":245,"column":26}}]},"1":{"loc":{"start":{"line":253,"column":8},"end":{"line":253,"column":44}},"type":"binary-expr","locations":[{"start":{"line":253,"column":8},"end":{"line":253,"column":31}},{"start":{"line":253,"column":35},"end":{"line":253,"column":44}}]},"2":{"loc":{"start":{"line":265,"column":1},"end":{"line":267,"column":2}},"type":"if","locations":[{"start":{"line":265,"column":1},"end":{"line":267,"column":2}},{"start":{},"end":{}}]},"3":{"loc":{"start":{"line":269,"column":1},"end":{"line":271,"column":2}},"type":"if","locations":[{"start":{"line":269,"column":1},"end":{"line":271,"column":2}},{"start":{},"end":{}}]},"4":{"loc":{"start":{"line":275,"column":1},"end":{"line":277,"column":2}},"type":"if","locations":[{"start":{"line":275,"column":1},"end":{"line":277,"column":2}},{"start":{},"end":{}}]},"5":{"loc":{"start":{"line":279,"column":1},"end":{"line":281,"column":2}},"type":"if","locations":[{"start":{"line":279,"column":1},"end":{"line":281,"column":2}},{"start":{},"end":{}}]},"6":{"loc":{"start":{"line":293,"column":1},"end":{"line":295,"column":2}},"type":"if","locations":[{"start":{"line":293,"column":1},"end":{"line":295,"column":2}},{"start":{},"end":{}}]},"7":{"loc":{"start":{"line":306,"column":1},"end":{"line":308,"column":2}},"type":"if","locations":[{"start":{"line":306,"column":1},"end":{"line":308,"column":2}},{"start":{},"end":{}}]},"8":{"loc":{"start":{"line":310,"column":1},"end":{"line":313,"column":2}},"type":"if","locations":[{"start":{"line":310,"column":1},"end":{"line":313,"column":2}},{"start":{},"end":{}}]},"9":{"loc":{"start":{"line":327,"column":27},"end":{"line":327,"column":78}},"type":"binary-expr","locations":[{"start":{"line":327,"column":27},"end":{"line":327,"column":48}},{"start":{"line":327,"column":52},"end":{"line":327,"column":78}}]},"10":{"loc":{"start":{"line":328,"column":22},"end":{"line":328,"column":36}},"type":"binary-expr","locations":[{"start":{"line":328,"column":22},"end":{"line":328,"column":30}},{"start":{"line":328,"column":34},"end":{"line":328,"column":36}}]},"11":{"loc":{"start":{"line":330,"column":1},"end":{"line":332,"column":2}},"type":"if","locations":[{"start":{"line":330,"column":1},"end":{"line":332,"column":2}},{"start":{},"end":{}}]},"12":{"loc":{"start":{"line":334,"column":1},"end":{"line":336,"column":2}},"type":"if","locations":[{"start":{"line":334,"column":1},"end":{"line":336,"column":2}},{"start":{},"end":{}}]},"13":{"loc":{"start":{"line":350,"column":3},"end":{"line":352,"column":4}},"type":"if","locations":[{"start":{"line":350,"column":3},"end":{"line":352,"column":4}},{"start":{},"end":{}}]},"14":{"loc":{"start":{"line":350,"column":7},"end":{"line":350,"column":46}},"type":"binary-expr","locations":[{"start":{"line":350,"column":7},"end":{"line":350,"column":32}},{"start":{"line":350,"column":36},"end":{"line":350,"column":46}}]}},"s":{"0":2,"1":2,"2":2,"3":2,"4":2,"5":2,"6":2,"7":2,"8":2,"9":2,"10":45,"11":45,"12":2,"13":50,"14":2,"15":25,"16":25,"17":2,"18":45,"19":2,"20":25,"21":25,"22":5,"23":20,"24":0,"25":20,"26":20,"27":0,"28":20,"29":15,"30":5,"31":2,"32":100,"33":100,"34":100,"35":2,"36":25,"37":25,"38":25,"39":10,"40":25,"41":20,"42":20,"43":2,"44":25,"45":25,"46":25,"47":25,"48":25,"49":25,"50":25,"51":25,"52":5,"53":25,"54":5,"55":25,"56":2,"57":5,"58":5,"59":25,"60":25,"61":25,"62":0,"63":25,"64":5,"65":2},"f":{"0":45,"1":50,"2":25,"3":45,"4":25,"5":100,"6":25,"7":25,"8":5},"b":{"0":[45,0],"1":[25,0],"2":[5,20],"3":[0,20],"4":[0,20],"5":[15,5],"6":[100,0],"7":[10,15],"8":[20,5],"9":[25,20],"10":[25,5],"11":[5,20],"12":[5,20],"13":[0,25],"14":[25,25]}}
,"C:\\Proyects\\ciunac-backend-v1\\backend\\src\\config\\swagger.config.ts": {"path":"C:\\Proyects\\ciunac-backend-v1\\backend\\src\\config\\swagger.config.ts","statementMap":{"0":{"start":{"line":2,"column":0},"end":{"line":2,"column":80}},"1":{"start":{"line":3,"column":0},"end":{"line":3,"column":61}},"2":{"start":{"line":5,"column":13},"end":{"line":5,"column":42}},"3":{"start":{"line":6,"column":13},"end":{"line":6,"column":49}},"4":{"start":{"line":8,"column":32},"end":{"line":10,"column":38}},"5":{"start":{"line":10,"column":14},"end":{"line":10,"column":38}},"6":{"start":{"line":8,"column":13},"end":{"line":8,"column":32}},"7":{"start":{"line":12,"column":37},"end":{"line":48,"column":1}},"8":{"start":{"line":15,"column":16},"end":{"line":39,"column":10}},"9":{"start":{"line":41,"column":18},"end":{"line":45,"column":3}},"10":{"start":{"line":44,"column":3},"end":{"line":44,"column":34}},"11":{"start":{"line":47,"column":1},"end":{"line":47,"column":42}},"12":{"start":{"line":12,"column":13},"end":{"line":12,"column":37}},"13":{"start":{"line":50,"column":28},"end":{"line":67,"column":1}},"14":{"start":{"line":51,"column":1},"end":{"line":53,"column":2}},"15":{"start":{"line":52,"column":2},"end":{"line":52,"column":9}},"16":{"start":{"line":55,"column":18},"end":{"line":55,"column":44}},"17":{"start":{"line":57,"column":1},"end":{"line":66,"column":4}},"18":{"start":{"line":50,"column":13},"end":{"line":50,"column":28}}},"fnMap":{"0":{"name":"(anonymous_0)","decl":{"start":{"line":8,"column":32},"end":{"line":8,"column":null}},"loc":{"start":{"line":10,"column":14},"end":{"line":10,"column":38}}},"1":{"name":"(anonymous_1)","decl":{"start":{"line":12,"column":37},"end":{"line":12,"column":null}},"loc":{"start":{"line":14,"column":19},"end":{"line":48,"column":1}}},"2":{"name":"(anonymous_2)","decl":{"start":{"line":43,"column":22},"end":{"line":43,"column":23}},"loc":{"start":{"line":44,"column":3},"end":{"line":44,"column":34}}},"3":{"name":"(anonymous_3)","decl":{"start":{"line":50,"column":28},"end":{"line":50,"column":29}},"loc":{"start":{"line":50,"column":60},"end":{"line":67,"column":1}}}},"branchMap":{"0":{"loc":{"start":{"line":9,"column":1},"end":{"line":9,"column":51}},"type":"default-arg","locations":[{"start":{"line":9,"column":31},"end":{"line":9,"column":51}}]},"1":{"loc":{"start":{"line":20,"column":14},"end":{"line":20,"column":56}},"type":"binary-expr","locations":[{"start":{"line":20,"column":14},"end":{"line":20,"column":45}},{"start":{"line":20,"column":49},"end":{"line":20,"column":56}}]},"2":{"loc":{"start":{"line":51,"column":1},"end":{"line":53,"column":2}},"type":"if","locations":[{"start":{"line":51,"column":1},"end":{"line":53,"column":2}},{"start":{},"end":{}}]}},"s":{"0":1,"1":1,"2":1,"3":1,"4":1,"5":4,"6":1,"7":1,"8":0,"9":0,"10":0,"11":0,"12":1,"13":1,"14":0,"15":0,"16":0,"17":0,"18":1},"f":{"0":4,"1":0,"2":0,"3":0},"b":{"0":[1],"1":[0,0],"2":[0,0]}}
,"C:\\Proyects\\ciunac-backend-v1\\backend\\src\\modules\\administrativas\\certificados\\certificados.controller.ts": {"path":"C:\\Proyects\\ciunac-backend-v1\\backend\\src\\modules\\administrativas\\certificados\\certificados.controller.ts","statementMap":{"0":{"start":{"line":1,"column":0},"end":{"line":1,"column":101}},"1":{"start":{"line":2,"column":0},"end":{"line":2,"column":61}},"2":{"start":{"line":3,"column":0},"end":{"line":3,"column":68}},"3":{"start":{"line":4,"column":0},"end":{"line":4,"column":68}},"4":{"start":{"line":6,"column":0},"end":{"line":6,"column":83}},"5":{"start":{"line":12,"column":7},"end":{"line":53,"column":null}},"6":{"start":{"line":13,"column":30},"end":{"line":13,"column":51}},"7":{"start":{"line":17,"column":2},"end":{"line":17,"column":63}},"8":{"start":{"line":22,"column":2},"end":{"line":22,"column":44}},"9":{"start":{"line":27,"column":2},"end":{"line":27,"column":66}},"10":{"start":{"line":32,"column":22},"end":{"line":32,"column":40}},"11":{"start":{"line":33,"column":2},"end":{"line":33,"column":61}},"12":{"start":{"line":38,"column":2},"end":{"line":38,"column":46}},"13":{"start":{"line":43,"column":2},"end":{"line":43,"column":67}},"14":{"start":{"line":12,"column":13},"end":{"line":12,"column":35}},"15":{"start":{"line":16,"column":1},"end":{"line":18,"column":null}},"16":{"start":{"line":21,"column":1},"end":{"line":23,"column":null}},"17":{"start":{"line":26,"column":1},"end":{"line":28,"column":null}},"18":{"start":{"line":31,"column":1},"end":{"line":34,"column":null}},"19":{"start":{"line":37,"column":1},"end":{"line":39,"column":null}},"20":{"start":{"line":42,"column":1},"end":{"line":44,"column":null}},"21":{"start":{"line":12,"column":13},"end":{"line":53,"column":null}}},"fnMap":{"0":{"name":"(anonymous_4)","decl":{"start":{"line":13,"column":1},"end":{"line":13,"column":30}},"loc":{"start":{"line":13,"column":70},"end":{"line":13,"column":75}}},"1":{"name":"(anonymous_5)","decl":{"start":{"line":16,"column":1},"end":{"line":16,"column":7}},"loc":{"start":{"line":16,"column":58},"end":{"line":18,"column":2}}},"2":{"name":"(anonymous_6)","decl":{"start":{"line":21,"column":1},"end":{"line":21,"column":8}},"loc":{"start":{"line":21,"column":8},"end":{"line":23,"column":2}}},"3":{"name":"(anonymous_7)","decl":{"start":{"line":26,"column":1},"end":{"line":26,"column":18}},"loc":{"start":{"line":26,"column":60},"end":{"line":28,"column":2}}},"4":{"name":"(anonymous_8)","decl":{"start":{"line":31,"column":1},"end":{"line":31,"column":14}},"loc":{"start":{"line":31,"column":48},"end":{"line":34,"column":2}}},"5":{"name":"(anonymous_9)","decl":{"start":{"line":37,"column":1},"end":{"line":37,"column":8}},"loc":{"start":{"line":37,"column":32},"end":{"line":39,"column":2}}},"6":{"name":"(anonymous_10)","decl":{"start":{"line":42,"column":1},"end":{"line":42,"column":7}},"loc":{"start":{"line":42,"column":83},"end":{"line":44,"column":2}}}},"branchMap":{"0":{"loc":{"start":{"line":16,"column":38},"end":{"line":16,"column":null}},"type":"cond-expr","locations":[{"start":{"line":16,"column":58},"end":{"line":16,"column":null}},{"start":{"line":16,"column":58},"end":{"line":16,"column":null}}]},"1":{"loc":{"start":{"line":16,"column":38},"end":{"line":16,"column":58}},"type":"binary-expr","locations":[{"start":{"line":16,"column":38},"end":{"line":16,"column":null}},{"start":{"line":16,"column":38},"end":{"line":16,"column":58}}]},"2":{"loc":{"start":{"line":31,"column":51},"end":{"line":31,"column":null}},"type":"cond-expr","locations":[{"start":{"line":31,"column":58},"end":{"line":31,"column":null}},{"start":{"line":31,"column":58},"end":{"line":31,"column":null}}]},"3":{"loc":{"start":{"line":31,"column":51},"end":{"line":31,"column":58}},"type":"binary-expr","locations":[{"start":{"line":31,"column":51},"end":{"line":31,"column":null}},{"start":{"line":31,"column":51},"end":{"line":31,"column":58}}]},"4":{"loc":{"start":{"line":42,"column":63},"end":{"line":42,"column":null}},"type":"cond-expr","locations":[{"start":{"line":42,"column":83},"end":{"line":42,"column":null}},{"start":{"line":42,"column":83},"end":{"line":42,"column":null}}]},"5":{"loc":{"start":{"line":42,"column":63},"end":{"line":42,"column":83}},"type":"binary-expr","locations":[{"start":{"line":42,"column":63},"end":{"line":42,"column":null}},{"start":{"line":42,"column":63},"end":{"line":42,"column":83}}]},"6":{"loc":{"start":{"line":13,"column":51},"end":{"line":13,"column":74}},"type":"cond-expr","locations":[{"start":{"line":13,"column":70},"end":{"line":13,"column":74}},{"start":{"line":13,"column":70},"end":{"line":13,"column":74}}]},"7":{"loc":{"start":{"line":13,"column":51},"end":{"line":13,"column":70}},"type":"binary-expr","locations":[{"start":{"line":13,"column":51},"end":{"line":13,"column":74}},{"start":{"line":13,"column":51},"end":{"line":13,"column":70}}]}},"s":{"0":1,"1":1,"2":1,"3":1,"4":1,"5":1,"6":1,"7":0,"8":0,"9":0,"10":0,"11":0,"12":0,"13":0,"14":1,"15":1,"16":1,"17":1,"18":1,"19":1,"20":1,"21":1},"f":{"0":1,"1":0,"2":0,"3":0,"4":0,"5":0,"6":0},"b":{"0":[1,0],"1":[1,1],"2":[1,0],"3":[1,1],"4":[1,0],"5":[1,1],"6":[1,0],"7":[1,1]}}
,"C:\\Proyects\\ciunac-backend-v1\\backend\\src\\modules\\administrativas\\certificados\\certificados.module.ts": {"path":"C:\\Proyects\\ciunac-backend-v1\\backend\\src\\modules\\administrativas\\certificados\\certificados.module.ts","statementMap":{"0":{"start":{"line":1,"column":0},"end":{"line":1,"column":40}},"1":{"start":{"line":2,"column":0},"end":{"line":2,"column":61}},"2":{"start":{"line":3,"column":0},"end":{"line":3,"column":67}},"3":{"start":{"line":4,"column":0},"end":{"line":4,"column":50}},"4":{"start":{"line":5,"column":0},"end":{"line":5,"column":78}},"5":{"start":{"line":15,"column":7},"end":{"line":15,"column":null}},"6":{"start":{"line":15,"column":13},"end":{"line":15,"column":31}},"7":{"start":{"line":15,"column":13},"end":{"line":15,"column":null}}},"fnMap":{},"branchMap":{},"s":{"0":0,"1":0,"2":0,"3":0,"4":0,"5":0,"6":0,"7":0},"f":{},"b":{}}
,"C:\\Proyects\\ciunac-backend-v1\\backend\\src\\modules\\administrativas\\certificados\\certificados.service.ts": {"path":"C:\\Proyects\\ciunac-backend-v1\\backend\\src\\modules\\administrativas\\certificados\\certificados.service.ts","statementMap":{"0":{"start":{"line":1,"column":0},"end":{"line":1,"column":44}},"1":{"start":{"line":4,"column":0},"end":{"line":4,"column":47}},"2":{"start":{"line":5,"column":0},"end":{"line":5,"column":80}},"3":{"start":{"line":6,"column":0},"end":{"line":6,"column":40}},"4":{"start":{"line":9,"column":7},"end":{"line":109,"column":null}},"5":{"start":{"line":12,"column":10},"end":{"line":12,"column":28}},"6":{"start":{"line":17,"column":2},"end":{"line":17,"column":24}},"7":{"start":{"line":17,"column":12},"end":{"line":17,"column":24}},"8":{"start":{"line":20,"column":2},"end":{"line":22,"column":3}},"9":{"start":{"line":21,"column":2},"end":{"line":21,"column":43}},"10":{"start":{"line":21,"column":25},"end":{"line":21,"column":41}},"11":{"start":{"line":25,"column":19},"end":{"line":25,"column":54}},"12":{"start":{"line":27,"column":2},"end":{"line":31,"column":4}},"13":{"start":{"line":35,"column":18},"end":{"line":35,"column":65}},"14":{"start":{"line":37,"column":2},"end":{"line":39,"column":3}},"15":{"start":{"line":38,"column":2},"end":{"line":38,"column":37}},"16":{"start":{"line":40,"column":14},"end":{"line":40,"column":34}},"17":{"start":{"line":41,"column":2},"end":{"line":41,"column":36}},"18":{"start":{"line":45,"column":23},"end":{"line":45,"column":71}},"19":{"start":{"line":46,"column":5},"end":{"line":46,"column":55}},"20":{"start":{"line":46,"column":37},"end":{"line":46,"column":53}},"21":{"start":{"line":50,"column":23},"end":{"line":53,"column":9}},"22":{"start":{"line":56,"column":2},"end":{"line":56,"column":33}},"23":{"start":{"line":60,"column":23},"end":{"line":64,"column":10}},"24":{"start":{"line":65,"column":2},"end":{"line":65,"column":52}},"25":{"start":{"line":65,"column":34},"end":{"line":65,"column":50}},"26":{"start":{"line":69,"column":24},"end":{"line":69,"column":26}},"27":{"start":{"line":70,"column":2},"end":{"line":70,"column":null}},"28":{"start":{"line":72,"column":2},"end":{"line":74,"column":3}},"29":{"start":{"line":73,"column":3},"end":{"line":73,"column":null}},"30":{"start":{"line":76,"column":22},"end":{"line":79,"column":10}},"31":{"start":{"line":81,"column":2},"end":{"line":81,"column":32}},"32":{"start":{"line":81,"column":20},"end":{"line":81,"column":32}},"33":{"start":{"line":83,"column":5},"end":{"line":83,"column":36}},"34":{"start":{"line":86,"column":16},"end":{"line":91,"column":4}},"35":{"start":{"line":93,"column":18},"end":{"line":96,"column":10}},"36":{"start":{"line":98,"column":2},"end":{"line":98,"column":28}},"37":{"start":{"line":98,"column":16},"end":{"line":98,"column":28}},"38":{"start":{"line":100,"column":2},"end":{"line":100,"column":29}},"39":{"start":{"line":103,"column":18},"end":{"line":106,"column":10}},"40":{"start":{"line":107,"column":2},"end":{"line":107,"column":29}},"41":{"start":{"line":9,"column":13},"end":{"line":9,"column":32}},"42":{"start":{"line":9,"column":13},"end":{"line":109,"column":null}}},"fnMap":{"0":{"name":"(anonymous_4)","decl":{"start":{"line":10,"column":1},"end":{"line":10,"column":null}},"loc":{"start":{"line":12,"column":54},"end":{"line":13,"column":5}}},"1":{"name":"(anonymous_5)","decl":{"start":{"line":16,"column":9},"end":{"line":16,"column":14}},"loc":{"start":{"line":16,"column":23},"end":{"line":32,"column":2}}},"2":{"name":"(anonymous_6)","decl":{"start":{"line":21,"column":17},"end":{"line":21,"column":21}},"loc":{"start":{"line":21,"column":25},"end":{"line":21,"column":41}}},"3":{"name":"(anonymous_7)","decl":{"start":{"line":34,"column":1},"end":{"line":34,"column":6}},"loc":{"start":{"line":34,"column":56},"end":{"line":42,"column":2}}},"4":{"name":"(anonymous_8)","decl":{"start":{"line":44,"column":1},"end":{"line":44,"column":6}},"loc":{"start":{"line":44,"column":14},"end":{"line":47,"column":2}}},"5":{"name":"(anonymous_9)","decl":{"start":{"line":46,"column":29},"end":{"line":46,"column":33}},"loc":{"start":{"line":46,"column":37},"end":{"line":46,"column":53}}},"6":{"name":"(anonymous_10)","decl":{"start":{"line":49,"column":1},"end":{"line":49,"column":6}},"loc":{"start":{"line":49,"column":44},"end":{"line":57,"column":2}}},"7":{"name":"(anonymous_11)","decl":{"start":{"line":59,"column":1},"end":{"line":59,"column":6}},"loc":{"start":{"line":59,"column":37},"end":{"line":66,"column":2}}},"8":{"name":"(anonymous_12)","decl":{"start":{"line":65,"column":26},"end":{"line":65,"column":30}},"loc":{"start":{"line":65,"column":34},"end":{"line":65,"column":50}}},"9":{"name":"(anonymous_13)","decl":{"start":{"line":68,"column":1},"end":{"line":68,"column":6}},"loc":{"start":{"line":68,"column":25},"end":{"line":84,"column":2}}},"10":{"name":"(anonymous_14)","decl":{"start":{"line":85,"column":1},"end":{"line":85,"column":6}},"loc":{"start":{"line":85,"column":68},"end":{"line":101,"column":2}}},"11":{"name":"(anonymous_15)","decl":{"start":{"line":102,"column":1},"end":{"line":102,"column":6}},"loc":{"start":{"line":102,"column":24},"end":{"line":108,"column":2}}}},"branchMap":{"0":{"loc":{"start":{"line":17,"column":2},"end":{"line":17,"column":24}},"type":"if","locations":[{"start":{"line":17,"column":2},"end":{"line":17,"column":24}},{"start":{},"end":{}}]},"1":{"loc":{"start":{"line":20,"column":2},"end":{"line":22,"column":3}},"type":"if","locations":[{"start":{"line":20,"column":2},"end":{"line":22,"column":3}},{"start":{},"end":{}}]},"2":{"loc":{"start":{"line":25,"column":19},"end":{"line":25,"column":54}},"type":"cond-expr","locations":[{"start":{"line":25,"column":29},"end":{"line":25,"column":47}},{"start":{"line":25,"column":50},"end":{"line":25,"column":54}}]},"3":{"loc":{"start":{"line":37,"column":2},"end":{"line":39,"column":3}},"type":"if","locations":[{"start":{"line":37,"column":2},"end":{"line":39,"column":3}},{"start":{},"end":{}}]},"4":{"loc":{"start":{"line":72,"column":2},"end":{"line":74,"column":3}},"type":"if","locations":[{"start":{"line":72,"column":2},"end":{"line":74,"column":3}},{"start":{},"end":{}}]},"5":{"loc":{"start":{"line":81,"column":2},"end":{"line":81,"column":32}},"type":"if","locations":[{"start":{"line":81,"column":2},"end":{"line":81,"column":32}},{"start":{},"end":{}}]},"6":{"loc":{"start":{"line":89,"column":8},"end":{"line":89,"column":75}},"type":"cond-expr","locations":[{"start":{"line":89,"column":37},"end":{"line":89,"column":70}},{"start":{"line":89,"column":73},"end":{"line":89,"column":75}}]},"7":{"loc":{"start":{"line":98,"column":2},"end":{"line":98,"column":28}},"type":"if","locations":[{"start":{"line":98,"column":2},"end":{"line":98,"column":28}},{"start":{},"end":{}}]},"8":{"loc":{"start":{"line":12,"column":28},"end":{"line":12,"column":54}},"type":"cond-expr","locations":[{"start":{"line":12,"column":33},"end":{"line":12,"column":54}},{"start":{"line":12,"column":33},"end":{"line":12,"column":54}}]},"9":{"loc":{"start":{"line":12,"column":28},"end":{"line":12,"column":33}},"type":"binary-expr","locations":[{"start":{"line":12,"column":28},"end":{"line":12,"column":54}},{"start":{"line":12,"column":28},"end":{"line":12,"column":33}}]}},"s":{"0":2,"1":2,"2":2,"3":2,"4":2,"5":1,"6":0,"7":0,"8":0,"9":0,"10":0,"11":0,"12":0,"13":0,"14":0,"15":0,"16":0,"17":0,"18":0,"19":0,"20":0,"21":0,"22":0,"23":0,"24":0,"25":0,"26":0,"27":0,"28":0,"29":0,"30":0,"31":0,"32":0,"33":0,"34":0,"35":0,"36":0,"37":0,"38":0,"39":0,"40":0,"41":2,"42":2},"f":{"0":1,"1":0,"2":0,"3":0,"4":0,"5":0,"6":0,"7":0,"8":0,"9":0,"10":0,"11":0},"b":{"0":[0,0],"1":[0,0],"2":[0,0],"3":[0,0],"4":[0,0],"5":[0,0],"6":[0,0],"7":[0,0],"8":[2,0],"9":[2,2]}}
,"C:\\Proyects\\ciunac-backend-v1\\backend\\src\\modules\\administrativas\\certificados\\dto\\create-certificado.dto.ts": {"path":"C:\\Proyects\\ciunac-backend-v1\\backend\\src\\modules\\administrativas\\certificados\\dto\\create-certificado.dto.ts","statementMap":{"0":{"start":{"line":1,"column":0},"end":{"line":1,"column":98}},"1":{"start":{"line":2,"column":0},"end":{"line":2,"column":75}},"2":{"start":{"line":3,"column":0},"end":{"line":3,"column":66}},"3":{"start":{"line":4,"column":0},"end":{"line":4,"column":41}},"4":{"start":{"line":8,"column":4},"end":{"line":8,"column":null}},"5":{"start":{"line":11,"column":4},"end":{"line":11,"column":null}},"6":{"start":{"line":14,"column":4},"end":{"line":14,"column":null}},"7":{"start":{"line":17,"column":4},"end":{"line":17,"column":null}},"8":{"start":{"line":20,"column":0},"end":{"line":20,"column":13}},"9":{"start":{"line":22,"column":4},"end":{"line":22,"column":null}},"10":{"start":{"line":25,"column":4},"end":{"line":25,"column":null}},"11":{"start":{"line":28,"column":4},"end":{"line":28,"column":null}},"12":{"start":{"line":31,"column":4},"end":{"line":31,"column":null}},"13":{"start":{"line":34,"column":4},"end":{"line":34,"column":null}},"14":{"start":{"line":37,"column":4},"end":{"line":37,"column":null}},"15":{"start":{"line":40,"column":4},"end":{"line":40,"column":null}},"16":{"start":{"line":43,"column":4},"end":{"line":43,"column":null}},"17":{"start":{"line":46,"column":4},"end":{"line":46,"column":null}},"18":{"start":{"line":49,"column":4},"end":{"line":49,"column":null}},"19":{"start":{"line":53,"column":4},"end":{"line":53,"column":null}},"20":{"start":{"line":51,"column":16},"end":{"line":51,"column":20}},"21":{"start":{"line":56,"column":4},"end":{"line":56,"column":null}},"22":{"start":{"line":60,"column":4},"end":{"line":60,"column":null}},"23":{"start":{"line":58,"column":16},"end":{"line":58,"column":20}},"24":{"start":{"line":63,"column":4},"end":{"line":63,"column":null}},"25":{"start":{"line":66,"column":4},"end":{"line":66,"column":null}},"26":{"start":{"line":69,"column":4},"end":{"line":69,"column":null}},"27":{"start":{"line":73,"column":4},"end":{"line":73,"column":null}},"28":{"start":{"line":76,"column":4},"end":{"line":76,"column":null}},"29":{"start":{"line":80,"column":4},"end":{"line":80,"column":null}},"30":{"start":{"line":84,"column":4},"end":{"line":84,"column":null}},"31":{"start":{"line":89,"column":4},"end":{"line":89,"column":null}},"32":{"start":{"line":87,"column":16},"end":{"line":87,"column":20}},"33":{"start":{"line":94,"column":4},"end":{"line":94,"column":null}},"34":{"start":{"line":93,"column":16},"end":{"line":93,"column":34}}},"fnMap":{"0":{"name":"(anonymous_2)","decl":{"start":{"line":51,"column":10},"end":{"line":51,"column":13}},"loc":{"start":{"line":51,"column":16},"end":{"line":51,"column":20}}},"1":{"name":"(anonymous_3)","decl":{"start":{"line":58,"column":10},"end":{"line":58,"column":13}},"loc":{"start":{"line":58,"column":16},"end":{"line":58,"column":20}}},"2":{"name":"(anonymous_4)","decl":{"start":{"line":87,"column":10},"end":{"line":87,"column":13}},"loc":{"start":{"line":87,"column":16},"end":{"line":87,"column":20}}},"3":{"name":"(anonymous_5)","decl":{"start":{"line":93,"column":10},"end":{"line":93,"column":13}},"loc":{"start":{"line":93,"column":16},"end":{"line":93,"column":34}}}},"branchMap":{"0":{"loc":{"start":{"line":14,"column":15},"end":{"line":14,"column":25}},"type":"cond-expr","locations":[{"start":{"line":14,"column":24},"end":{"line":14,"column":25}},{"start":{"line":14,"column":24},"end":{"line":14,"column":25}}]},"1":{"loc":{"start":{"line":14,"column":15},"end":{"line":14,"column":24}},"type":"binary-expr","locations":[{"start":{"line":14,"column":15},"end":{"line":14,"column":25}},{"start":{"line":14,"column":15},"end":{"line":14,"column":24}}]},"2":{"loc":{"start":{"line":22,"column":10},"end":{"line":22,"column":26}},"type":"cond-expr","locations":[{"start":{"line":22,"column":25},"end":{"line":22,"column":26}},{"start":{"line":22,"column":25},"end":{"line":22,"column":26}}]},"3":{"loc":{"start":{"line":22,"column":10},"end":{"line":22,"column":25}},"type":"binary-expr","locations":[{"start":{"line":22,"column":10},"end":{"line":22,"column":26}},{"start":{"line":22,"column":10},"end":{"line":22,"column":25}}]},"4":{"loc":{"start":{"line":53,"column":18},"end":{"line":53,"column":23}},"type":"cond-expr","locations":[{"start":{"line":53,"column":22},"end":{"line":53,"column":23}},{"start":{"line":53,"column":22},"end":{"line":53,"column":23}}]},"5":{"loc":{"start":{"line":53,"column":18},"end":{"line":53,"column":22}},"type":"binary-expr","locations":[{"start":{"line":53,"column":18},"end":{"line":53,"column":23}},{"start":{"line":53,"column":18},"end":{"line":53,"column":22}}]},"6":{"loc":{"start":{"line":60,"column":20},"end":{"line":60,"column":25}},"type":"cond-expr","locations":[{"start":{"line":60,"column":24},"end":{"line":60,"column":25}},{"start":{"line":60,"column":24},"end":{"line":60,"column":25}}]},"7":{"loc":{"start":{"line":60,"column":20},"end":{"line":60,"column":24}},"type":"binary-expr","locations":[{"start":{"line":60,"column":20},"end":{"line":60,"column":25}},{"start":{"line":60,"column":20},"end":{"line":60,"column":24}}]},"8":{"loc":{"start":{"line":89,"column":21},"end":{"line":89,"column":26}},"type":"cond-expr","locations":[{"start":{"line":89,"column":25},"end":{"line":89,"column":26}},{"start":{"line":89,"column":25},"end":{"line":89,"column":26}}]},"9":{"loc":{"start":{"line":89,"column":21},"end":{"line":89,"column":25}},"type":"binary-expr","locations":[{"start":{"line":89,"column":21},"end":{"line":89,"column":26}},{"start":{"line":89,"column":21},"end":{"line":89,"column":25}}]}},"s":{"0":1,"1":1,"2":1,"3":1,"4":1,"5":1,"6":1,"7":1,"8":1,"9":1,"10":1,"11":1,"12":1,"13":1,"14":1,"15":1,"16":1,"17":1,"18":1,"19":1,"20":0,"21":1,"22":1,"23":0,"24":1,"25":1,"26":1,"27":1,"28":1,"29":1,"30":1,"31":1,"32":0,"33":1,"34":0},"f":{"0":0,"1":0,"2":0,"3":0},"b":{"0":[0,1],"1":[1,1],"2":[0,1],"3":[1,1],"4":[1,0],"5":[1,1],"6":[1,0],"7":[1,1],"8":[1,0],"9":[1,1]}}
,"C:\\Proyects\\ciunac-backend-v1\\backend\\src\\modules\\administrativas\\certificados\\dto\\update-certificado.dto.ts": {"path":"C:\\Proyects\\ciunac-backend-v1\\backend\\src\\modules\\administrativas\\certificados\\dto\\update-certificado.dto.ts","statementMap":{"0":{"start":{"line":1,"column":0},"end":{"line":1,"column":46}},"1":{"start":{"line":2,"column":0},"end":{"line":2,"column":64}},"2":{"start":{"line":4,"column":0},"end":{"line":4,"column":13}}},"fnMap":{},"branchMap":{},"s":{"0":1,"1":1,"2":1},"f":{},"b":{}}
,"C:\\Proyects\\ciunac-backend-v1\\backend\\src\\modules\\administrativas\\certificados\\schemas\\certificado.schema.ts": {"path":"C:\\Proyects\\ciunac-backend-v1\\backend\\src\\modules\\administrativas\\certificados\\schemas\\certificado.schema.ts","statementMap":{"0":{"start":{"line":1,"column":0},"end":{"line":1,"column":63}},"1":{"start":{"line":2,"column":0},"end":{"line":2,"column":62}},"2":{"start":{"line":6,"column":0},"end":{"line":6,"column":null}},"3":{"start":{"line":7,"column":2},"end":{"line":7,"column":null}},"4":{"start":{"line":8,"column":2},"end":{"line":8,"column":null}},"5":{"start":{"line":10,"column":0},"end":{"line":10,"column":null}},"6":{"start":{"line":11,"column":2},"end":{"line":11,"column":null}},"7":{"start":{"line":12,"column":2},"end":{"line":12,"column":null}},"8":{"start":{"line":13,"column":2},"end":{"line":13,"column":null}},"9":{"start":{"line":16,"column":0},"end":{"line":16,"column":13}},"10":{"start":{"line":18,"column":2},"end":{"line":18,"column":null}},"11":{"start":{"line":21,"column":2},"end":{"line":21,"column":null}},"12":{"start":{"line":24,"column":2},"end":{"line":24,"column":null}},"13":{"start":{"line":27,"column":2},"end":{"line":27,"column":null}},"14":{"start":{"line":34,"column":7},"end":{"line":104,"column":null}},"15":{"start":{"line":34,"column":13},"end":{"line":34,"column":24}},"16":{"start":{"line":37,"column":2},"end":{"line":37,"column":null}},"17":{"start":{"line":40,"column":2},"end":{"line":40,"column":null}},"18":{"start":{"line":43,"column":2},"end":{"line":43,"column":null}},"19":{"start":{"line":46,"column":2},"end":{"line":46,"column":null}},"20":{"start":{"line":49,"column":2},"end":{"line":49,"column":null}},"21":{"start":{"line":52,"column":2},"end":{"line":52,"column":null}},"22":{"start":{"line":55,"column":2},"end":{"line":55,"column":null}},"23":{"start":{"line":58,"column":2},"end":{"line":58,"column":null}},"24":{"start":{"line":61,"column":2},"end":{"line":61,"column":null}},"25":{"start":{"line":64,"column":2},"end":{"line":64,"column":null}},"26":{"start":{"line":67,"column":2},"end":{"line":67,"column":23}},"27":{"start":{"line":70,"column":2},"end":{"line":70,"column":null}},"28":{"start":{"line":73,"column":2},"end":{"line":73,"column":null}},"29":{"start":{"line":76,"column":2},"end":{"line":76,"column":null}},"30":{"start":{"line":79,"column":2},"end":{"line":79,"column":null}},"31":{"start":{"line":82,"column":2},"end":{"line":82,"column":null}},"32":{"start":{"line":85,"column":2},"end":{"line":85,"column":null}},"33":{"start":{"line":88,"column":2},"end":{"line":88,"column":null}},"34":{"start":{"line":91,"column":2},"end":{"line":91,"column":null}},"35":{"start":{"line":94,"column":2},"end":{"line":94,"column":null}},"36":{"start":{"line":97,"column":2},"end":{"line":97,"column":null}},"37":{"start":{"line":100,"column":2},"end":{"line":100,"column":null}},"38":{"start":{"line":103,"column":2},"end":{"line":103,"column":null}},"39":{"start":{"line":34,"column":13},"end":{"line":104,"column":null}},"40":{"start":{"line":106,"column":13},"end":{"line":106,"column":75}}},"fnMap":{"0":{"name":"(anonymous_2)","decl":{"start":{"line":6,"column":0},"end":{"line":6,"column":12}},"loc":{"start":{"line":6,"column":27},"end":{"line":9,"column":1}}},"1":{"name":"(anonymous_3)","decl":{"start":{"line":10,"column":0},"end":{"line":10,"column":12}},"loc":{"start":{"line":10,"column":21},"end":{"line":14,"column":1}}}},"branchMap":{"0":{"loc":{"start":{"line":6,"column":12},"end":{"line":6,"column":null}},"type":"binary-expr","locations":[{"start":{"line":6,"column":12},"end":{"line":6,"column":27}},{"start":{"line":6,"column":27},"end":{"line":6,"column":null}}]},"1":{"loc":{"start":{"line":10,"column":12},"end":{"line":10,"column":null}},"type":"binary-expr","locations":[{"start":{"line":10,"column":12},"end":{"line":10,"column":21}},{"start":{"line":10,"column":21},"end":{"line":10,"column":null}}]},"2":{"loc":{"start":{"line":70,"column":16},"end":{"line":70,"column":21}},"type":"cond-expr","locations":[{"start":{"line":70,"column":20},"end":{"line":70,"column":21}},{"start":{"line":70,"column":20},"end":{"line":70,"column":21}}]},"3":{"loc":{"start":{"line":70,"column":16},"end":{"line":70,"column":20}},"type":"binary-expr","locations":[{"start":{"line":70,"column":16},"end":{"line":70,"column":21}},{"start":{"line":70,"column":16},"end":{"line":70,"column":20}}]},"4":{"loc":{"start":{"line":76,"column":18},"end":{"line":76,"column":23}},"type":"cond-expr","locations":[{"start":{"line":76,"column":22},"end":{"line":76,"column":23}},{"start":{"line":76,"column":22},"end":{"line":76,"column":23}}]},"5":{"loc":{"start":{"line":76,"column":18},"end":{"line":76,"column":22}},"type":"binary-expr","locations":[{"start":{"line":76,"column":18},"end":{"line":76,"column":23}},{"start":{"line":76,"column":18},"end":{"line":76,"column":22}}]},"6":{"loc":{"start":{"line":100,"column":19},"end":{"line":100,"column":24}},"type":"cond-expr","locations":[{"start":{"line":100,"column":23},"end":{"line":100,"column":24}},{"start":{"line":100,"column":23},"end":{"line":100,"column":24}}]},"7":{"loc":{"start":{"line":100,"column":19},"end":{"line":100,"column":23}},"type":"binary-expr","locations":[{"start":{"line":100,"column":19},"end":{"line":100,"column":24}},{"start":{"line":100,"column":19},"end":{"line":100,"column":23}}]}},"s":{"0":6,"1":6,"2":6,"3":6,"4":6,"5":6,"6":6,"7":6,"8":6,"9":6,"10":6,"11":6,"12":6,"13":6,"14":6,"15":6,"16":6,"17":6,"18":6,"19":6,"20":6,"21":6,"22":6,"23":6,"24":6,"25":6,"26":6,"27":6,"28":6,"29":6,"30":6,"31":6,"32":6,"33":6,"34":6,"35":6,"36":6,"37":6,"38":6,"39":6,"40":6},"f":{"0":6,"1":6},"b":{"0":[6,6],"1":[6,6],"2":[6,0],"3":[6,6],"4":[6,0],"5":[6,6],"6":[6,0],"7":[6,6]}}
,"C:\\Proyects\\ciunac-backend-v1\\backend\\src\\modules\\administrativas\\constancias\\constancias.controller.ts": {"path":"C:\\Proyects\\ciunac-backend-v1\\backend\\src\\modules\\administrativas\\constancias\\constancias.controller.ts","statementMap":{"0":{"start":{"line":1,"column":0},"end":{"line":1,"column":null}},"1":{"start":{"line":10,"column":0},"end":{"line":10,"column":80}},"2":{"start":{"line":11,"column":0},"end":{"line":11,"column":66}},"3":{"start":{"line":12,"column":0},"end":{"line":12,"column":66}},"4":{"start":{"line":14,"column":0},"end":{"line":14,"column":83}},"5":{"start":{"line":16,"column":0},"end":{"line":16,"column":60}},"6":{"start":{"line":21,"column":7},"end":{"line":79,"column":null}},"7":{"start":{"line":22,"column":31},"end":{"line":22,"column":51}},"8":{"start":{"line":26,"column":4},"end":{"line":26,"column":63}},"9":{"start":{"line":31,"column":4},"end":{"line":31,"column":45}},"10":{"start":{"line":36,"column":4},"end":{"line":36,"column":52}},"11":{"start":{"line":41,"column":4},"end":{"line":41,"column":51}},"12":{"start":{"line":46,"column":4},"end":{"line":46,"column":52}},"13":{"start":{"line":51,"column":4},"end":{"line":56,"column":6}},"14":{"start":{"line":61,"column":4},"end":{"line":61,"column":47}},"15":{"start":{"line":69,"column":4},"end":{"line":69,"column":67}},"16":{"start":{"line":21,"column":13},"end":{"line":21,"column":34}},"17":{"start":{"line":25,"column":2},"end":{"line":27,"column":null}},"18":{"start":{"line":30,"column":2},"end":{"line":32,"column":null}},"19":{"start":{"line":35,"column":2},"end":{"line":37,"column":null}},"20":{"start":{"line":40,"column":2},"end":{"line":42,"column":null}},"21":{"start":{"line":45,"column":2},"end":{"line":47,"column":null}},"22":{"start":{"line":50,"column":2},"end":{"line":57,"column":null}},"23":{"start":{"line":60,"column":2},"end":{"line":62,"column":null}},"24":{"start":{"line":65,"column":2},"end":{"line":70,"column":null}},"25":{"start":{"line":21,"column":13},"end":{"line":79,"column":null}}},"fnMap":{"0":{"name":"(anonymous_4)","decl":{"start":{"line":22,"column":2},"end":{"line":22,"column":31}},"loc":{"start":{"line":22,"column":69},"end":{"line":22,"column":73}}},"1":{"name":"(anonymous_5)","decl":{"start":{"line":25,"column":2},"end":{"line":25,"column":8}},"loc":{"start":{"line":25,"column":57},"end":{"line":27,"column":3}}},"2":{"name":"(anonymous_6)","decl":{"start":{"line":30,"column":2},"end":{"line":30,"column":9}},"loc":{"start":{"line":30,"column":9},"end":{"line":32,"column":3}}},"3":{"name":"(anonymous_7)","decl":{"start":{"line":35,"column":2},"end":{"line":35,"column":16}},"loc":{"start":{"line":35,"column":16},"end":{"line":37,"column":3}}},"4":{"name":"(anonymous_8)","decl":{"start":{"line":40,"column":2},"end":{"line":40,"column":15}},"loc":{"start":{"line":40,"column":15},"end":{"line":42,"column":3}}},"5":{"name":"(anonymous_9)","decl":{"start":{"line":45,"column":2},"end":{"line":45,"column":16}},"loc":{"start":{"line":45,"column":16},"end":{"line":47,"column":3}}},"6":{"name":"(anonymous_10)","decl":{"start":{"line":50,"column":2},"end":{"line":50,"column":15}},"loc":{"start":{"line":50,"column":46},"end":{"line":57,"column":3}}},"7":{"name":"(anonymous_11)","decl":{"start":{"line":60,"column":2},"end":{"line":60,"column":9}},"loc":{"start":{"line":60,"column":33},"end":{"line":62,"column":3}}},"8":{"name":"(anonymous_12)","decl":{"start":{"line":65,"column":2},"end":{"line":65,"column":8}},"loc":{"start":{"line":67,"column":52},"end":{"line":70,"column":3}}}},"branchMap":{"0":{"loc":{"start":{"line":25,"column":38},"end":{"line":25,"column":null}},"type":"cond-expr","locations":[{"start":{"line":25,"column":57},"end":{"line":25,"column":null}},{"start":{"line":25,"column":57},"end":{"line":25,"column":null}}]},"1":{"loc":{"start":{"line":25,"column":38},"end":{"line":25,"column":57}},"type":"binary-expr","locations":[{"start":{"line":25,"column":38},"end":{"line":25,"column":null}},{"start":{"line":25,"column":38},"end":{"line":25,"column":57}}]},"2":{"loc":{"start":{"line":35,"column":20},"end":{"line":35,"column":null}},"type":"cond-expr","locations":[{"start":{"line":35,"column":27},"end":{"line":35,"column":null}},{"start":{"line":35,"column":27},"end":{"line":35,"column":null}}]},"3":{"loc":{"start":{"line":35,"column":20},"end":{"line":35,"column":27}},"type":"binary-expr","locations":[{"start":{"line":35,"column":20},"end":{"line":35,"column":null}},{"start":{"line":35,"column":20},"end":{"line":35,"column":27}}]},"4":{"loc":{"start":{"line":40,"column":19},"end":{"line":40,"column":null}},"type":"cond-expr","locations":[{"start":{"line":40,"column":26},"end":{"line":40,"column":null}},{"start":{"line":40,"column":26},"end":{"line":40,"column":null}}]},"5":{"loc":{"start":{"line":40,"column":19},"end":{"line":40,"column":26}},"type":"binary-expr","locations":[{"start":{"line":40,"column":19},"end":{"line":40,"column":null}},{"start":{"line":40,"column":19},"end":{"line":40,"column":26}}]},"6":{"loc":{"start":{"line":45,"column":20},"end":{"line":45,"column":null}},"type":"cond-expr","locations":[{"start":{"line":45,"column":27},"end":{"line":45,"column":null}},{"start":{"line":45,"column":27},"end":{"line":45,"column":null}}]},"7":{"loc":{"start":{"line":45,"column":20},"end":{"line":45,"column":27}},"type":"binary-expr","locations":[{"start":{"line":45,"column":20},"end":{"line":45,"column":null}},{"start":{"line":45,"column":20},"end":{"line":45,"column":27}}]},"8":{"loc":{"start":{"line":50,"column":30},"end":{"line":50,"column":49}},"type":"cond-expr","locations":[{"start":{"line":50,"column":46},"end":{"line":50,"column":49}},{"start":{"line":50,"column":46},"end":{"line":50,"column":49}}]},"9":{"loc":{"start":{"line":50,"column":30},"end":{"line":50,"column":46}},"type":"binary-expr","locations":[{"start":{"line":50,"column":30},"end":{"line":50,"column":49}},{"start":{"line":50,"column":30},"end":{"line":50,"column":46}}]},"10":{"loc":{"start":{"line":50,"column":49},"end":{"line":50,"column":null}},"type":"cond-expr","locations":[{"start":{"line":50,"column":56},"end":{"line":50,"column":null}},{"start":{"line":50,"column":56},"end":{"line":50,"column":null}}]},"11":{"loc":{"start":{"line":50,"column":49},"end":{"line":50,"column":56}},"type":"binary-expr","locations":[{"start":{"line":50,"column":49},"end":{"line":50,"column":null}},{"start":{"line":50,"column":49},"end":{"line":50,"column":56}}]},"12":{"loc":{"start":{"line":67,"column":33},"end":{"line":67,"column":null}},"type":"cond-expr","locations":[{"start":{"line":67,"column":52},"end":{"line":67,"column":null}},{"start":{"line":67,"column":52},"end":{"line":67,"column":null}}]},"13":{"loc":{"start":{"line":67,"column":33},"end":{"line":67,"column":52}},"type":"binary-expr","locations":[{"start":{"line":67,"column":33},"end":{"line":67,"column":null}},{"start":{"line":67,"column":33},"end":{"line":67,"column":52}}]},"14":{"loc":{"start":{"line":22,"column":51},"end":{"line":22,"column":72}},"type":"cond-expr","locations":[{"start":{"line":22,"column":69},"end":{"line":22,"column":72}},{"start":{"line":22,"column":69},"end":{"line":22,"column":72}}]},"15":{"loc":{"start":{"line":22,"column":51},"end":{"line":22,"column":69}},"type":"binary-expr","locations":[{"start":{"line":22,"column":51},"end":{"line":22,"column":72}},{"start":{"line":22,"column":51},"end":{"line":22,"column":69}}]}},"s":{"0":1,"1":1,"2":1,"3":1,"4":1,"5":1,"6":1,"7":5,"8":1,"9":1,"10":1,"11":0,"12":0,"13":0,"14":1,"15":0,"16":1,"17":1,"18":1,"19":1,"20":1,"21":1,"22":1,"23":1,"24":1,"25":1},"f":{"0":5,"1":1,"2":1,"3":1,"4":0,"5":0,"6":0,"7":1,"8":0},"b":{"0":[1,0],"1":[1,1],"2":[1,0],"3":[1,1],"4":[1,0],"5":[1,1],"6":[1,0],"7":[1,1],"8":[1,0],"9":[1,1],"10":[1,0],"11":[1,1],"12":[1,0],"13":[1,1],"14":[1,0],"15":[1,1]}}
,"C:\\Proyects\\ciunac-backend-v1\\backend\\src\\modules\\administrativas\\constancias\\constancias.module.ts": {"path":"C:\\Proyects\\ciunac-backend-v1\\backend\\src\\modules\\administrativas\\constancias\\constancias.module.ts","statementMap":{"0":{"start":{"line":1,"column":0},"end":{"line":1,"column":52}},"1":{"start":{"line":2,"column":0},"end":{"line":2,"column":59}},"2":{"start":{"line":3,"column":0},"end":{"line":3,"column":65}},"3":{"start":{"line":4,"column":0},"end":{"line":4,"column":50}},"4":{"start":{"line":5,"column":0},"end":{"line":5,"column":57}},"5":{"start":{"line":6,"column":0},"end":{"line":6,"column":63}},"6":{"start":{"line":7,"column":0},"end":{"line":7,"column":95}},"7":{"start":{"line":8,"column":0},"end":{"line":8,"column":63}},"8":{"start":{"line":23,"column":7},"end":{"line":23,"column":null}},"9":{"start":{"line":23,"column":13},"end":{"line":23,"column":30}},"10":{"start":{"line":23,"column":13},"end":{"line":23,"column":null}},"11":{"start":{"line":17,"column":21},"end":{"line":17,"column":33}}},"fnMap":{"0":{"name":"(anonymous_1)","decl":{"start":{"line":17,"column":15},"end":{"line":17,"column":18}},"loc":{"start":{"line":17,"column":21},"end":{"line":17,"column":33}}}},"branchMap":{},"s":{"0":0,"1":0,"2":0,"3":0,"4":0,"5":0,"6":0,"7":0,"8":0,"9":0,"10":0,"11":0},"f":{"0":0},"b":{}}
,"C:\\Proyects\\ciunac-backend-v1\\backend\\src\\modules\\administrativas\\constancias\\constancias.service.ts": {"path":"C:\\Proyects\\ciunac-backend-v1\\backend\\src\\modules\\administrativas\\constancias\\constancias.service.ts","statementMap":{"0":{"start":{"line":1,"column":0},"end":{"line":1,"column":null}},"1":{"start":{"line":12,"column":0},"end":{"line":12,"column":47}},"2":{"start":{"line":13,"column":0},"end":{"line":13,"column":77}},"3":{"start":{"line":14,"column":0},"end":{"line":14,"column":40}},"4":{"start":{"line":15,"column":0},"end":{"line":15,"column":65}},"5":{"start":{"line":16,"column":0},"end":{"line":16,"column":72}},"6":{"start":{"line":17,"column":0},"end":{"line":17,"column":88}},"7":{"start":{"line":29,"column":31},"end":{"line":366,"column":null}},"8":{"start":{"line":30,"column":28},"end":{"line":30,"column":63}},"9":{"start":{"line":34,"column":12},"end":{"line":34,"column":29}},"10":{"start":{"line":36,"column":21},"end":{"line":36,"column":36}},"11":{"start":{"line":37,"column":21},"end":{"line":37,"column":41}},"12":{"start":{"line":42,"column":4},"end":{"line":42,"column":26}},"13":{"start":{"line":42,"column":14},"end":{"line":42,"column":26}},"14":{"start":{"line":44,"column":4},"end":{"line":46,"column":5}},"15":{"start":{"line":45,"column":6},"end":{"line":45,"column":49}},"16":{"start":{"line":45,"column":31},"end":{"line":45,"column":47}},"17":{"start":{"line":48,"column":21},"end":{"line":48,"column":56}},"18":{"start":{"line":50,"column":4},"end":{"line":54,"column":6}},"19":{"start":{"line":58,"column":20},"end":{"line":58,"column":65}},"20":{"start":{"line":59,"column":4},"end":{"line":61,"column":5}},"21":{"start":{"line":60,"column":6},"end":{"line":60,"column":41}},"22":{"start":{"line":62,"column":16},"end":{"line":62,"column":36}},"23":{"start":{"line":63,"column":4},"end":{"line":63,"column":38}},"24":{"start":{"line":67,"column":24},"end":{"line":67,"column":71}},"25":{"start":{"line":68,"column":4},"end":{"line":68,"column":67}},"26":{"start":{"line":68,"column":43},"end":{"line":68,"column":65}},"27":{"start":{"line":72,"column":24},"end":{"line":76,"column":13}},"28":{"start":{"line":77,"column":4},"end":{"line":77,"column":67}},"29":{"start":{"line":77,"column":43},"end":{"line":77,"column":65}},"30":{"start":{"line":81,"column":24},"end":{"line":85,"column":13}},"31":{"start":{"line":86,"column":4},"end":{"line":86,"column":67}},"32":{"start":{"line":86,"column":43},"end":{"line":86,"column":65}},"33":{"start":{"line":90,"column":24},"end":{"line":94,"column":13}},"34":{"start":{"line":95,"column":4},"end":{"line":95,"column":67}},"35":{"start":{"line":95,"column":43},"end":{"line":95,"column":65}},"36":{"start":{"line":99,"column":27},"end":{"line":99,"column":29}},"37":{"start":{"line":100,"column":4},"end":{"line":100,"column":32}},"38":{"start":{"line":102,"column":4},"end":{"line":104,"column":5}},"39":{"start":{"line":103,"column":6},"end":{"line":103,"column":54}},"40":{"start":{"line":106,"column":23},"end":{"line":109,"column":13}},"41":{"start":{"line":111,"column":4},"end":{"line":111,"column":33}},"42":{"start":{"line":111,"column":21},"end":{"line":111,"column":33}},"43":{"start":{"line":113,"column":4},"end":{"line":113,"column":34}},"44":{"start":{"line":120,"column":18},"end":{"line":127,"column":6}},"45":{"start":{"line":129,"column":20},"end":{"line":132,"column":13}},"46":{"start":{"line":134,"column":4},"end":{"line":134,"column":30}},"47":{"start":{"line":134,"column":18},"end":{"line":134,"column":30}},"48":{"start":{"line":136,"column":4},"end":{"line":136,"column":31}},"49":{"start":{"line":140,"column":20},"end":{"line":143,"column":13}},"50":{"start":{"line":144,"column":4},"end":{"line":144,"column":31}},"51":{"start":{"line":153,"column":23},"end":{"line":153,"column":55}},"52":{"start":{"line":154,"column":4},"end":{"line":156,"column":5}},"53":{"start":{"line":155,"column":6},"end":{"line":155,"column":78}},"54":{"start":{"line":158,"column":33},"end":{"line":158,"column":56}},"55":{"start":{"line":159,"column":4},"end":{"line":163,"column":5}},"56":{"start":{"line":160,"column":6},"end":{"line":162,"column":8}},"57":{"start":{"line":164,"column":4},"end":{"line":168,"column":5}},"58":{"start":{"line":165,"column":6},"end":{"line":167,"column":8}},"59":{"start":{"line":171,"column":6},"end":{"line":171,"column":65}},"60":{"start":{"line":172,"column":4},"end":{"line":176,"column":5}},"61":{"start":{"line":173,"column":6},"end":{"line":175,"column":8}},"62":{"start":{"line":178,"column":26},"end":{"line":178,"column":65}},"63":{"start":{"line":179,"column":34},"end":{"line":180,"column":null}},"64":{"start":{"line":183,"column":6},"end":{"line":183,"column":75}},"65":{"start":{"line":184,"column":4},"end":{"line":188,"column":5}},"66":{"start":{"line":185,"column":6},"end":{"line":187,"column":8}},"67":{"start":{"line":191,"column":6},"end":{"line":195,"column":19}},"68":{"start":{"line":197,"column":6},"end":{"line":197,"column":60}},"69":{"start":{"line":199,"column":6},"end":{"line":201,"column":null}},"70":{"start":{"line":203,"column":24},"end":{"line":204,"column":null}},"71":{"start":{"line":206,"column":18},"end":{"line":206,"column":49}},"72":{"start":{"line":208,"column":6},"end":{"line":210,"column":31}},"73":{"start":{"line":211,"column":31},"end":{"line":214,"column":null}},"74":{"start":{"line":217,"column":6},"end":{"line":217,"column":64}},"75":{"start":{"line":218,"column":35},"end":{"line":218,"column":74}},"76":{"start":{"line":220,"column":6},"end":{"line":220,"column":72}},"77":{"start":{"line":221,"column":36},"end":{"line":227,"column":6}},"78":{"start":{"line":229,"column":30},"end":{"line":241,"column":13}},"79":{"start":{"line":243,"column":4},"end":{"line":247,"column":5}},"80":{"start":{"line":244,"column":6},"end":{"line":246,"column":8}},"81":{"start":{"line":249,"column":4},"end":{"line":269,"column":5}},"82":{"start":{"line":250,"column":31},"end":{"line":254,"column":null}},"83":{"start":{"line":256,"column":6},"end":{"line":260,"column":7}},"84":{"start":{"line":257,"column":8},"end":{"line":259,"column":10}},"85":{"start":{"line":262,"column":6},"end":{"line":267,"column":8}},"86":{"start":{"line":268,"column":6},"end":{"line":268,"column":18}},"87":{"start":{"line":271,"column":26},"end":{"line":271,"column":48}},"88":{"start":{"line":274,"column":4},"end":{"line":301,"column":5}},"89":{"start":{"line":275,"column":6},"end":{"line":283,"column":7}},"90":{"start":{"line":276,"column":8},"end":{"line":276,"column":62}},"91":{"start":{"line":277,"column":8},"end":{"line":277,"column":31}},"92":{"start":{"line":279,"column":8},"end":{"line":279,"column":32}},"93":{"start":{"line":280,"column":8},"end":{"line":281,"column":106}},"94":{"start":{"line":282,"column":8},"end":{"line":282,"column":71}},"95":{"start":{"line":285,"column":6},"end":{"line":300,"column":7}},"96":{"start":{"line":286,"column":8},"end":{"line":299,"column":9}},"97":{"start":{"line":287,"column":34},"end":{"line":289,"column":19}},"98":{"start":{"line":290,"column":10},"end":{"line":294,"column":11}},"99":{"start":{"line":291,"column":12},"end":{"line":293,"column":14}},"100":{"start":{"line":296,"column":10},"end":{"line":297,"column":96}},"101":{"start":{"line":298,"column":10},"end":{"line":298,"column":73}},"102":{"start":{"line":303,"column":4},"end":{"line":310,"column":6}},"103":{"start":{"line":314,"column":4},"end":{"line":321,"column":6}},"104":{"start":{"line":330,"column":4},"end":{"line":348,"column":5}},"105":{"start":{"line":331,"column":23},"end":{"line":333,"column":15}},"106":{"start":{"line":334,"column":6},"end":{"line":338,"column":7}},"107":{"start":{"line":335,"column":8},"end":{"line":337,"column":10}},"108":{"start":{"line":340,"column":6},"end":{"line":344,"column":8}},"109":{"start":{"line":345,"column":6},"end":{"line":347,"column":8}},"110":{"start":{"line":352,"column":4},"end":{"line":359,"column":5}},"111":{"start":{"line":358,"column":6},"end":{"line":358,"column":23}},"112":{"start":{"line":360,"column":4},"end":{"line":360,"column":25}},"113":{"start":{"line":364,"column":4},"end":{"line":364,"column":66}},"114":{"start":{"line":29,"column":13},"end":{"line":29,"column":31}},"115":{"start":{"line":29,"column":13},"end":{"line":366,"column":null}},"116":{"start":{"line":35,"column":29},"end":{"line":35,"column":42}}},"fnMap":{"0":{"name":"(anonymous_4)","decl":{"start":{"line":32,"column":2},"end":{"line":32,"column":null}},"loc":{"start":{"line":37,"column":59},"end":{"line":38,"column":6}}},"1":{"name":"(anonymous_5)","decl":{"start":{"line":41,"column":10},"end":{"line":41,"column":15}},"loc":{"start":{"line":41,"column":24},"end":{"line":55,"column":3}}},"2":{"name":"(anonymous_6)","decl":{"start":{"line":45,"column":21},"end":{"line":45,"column":22}},"loc":{"start":{"line":45,"column":31},"end":{"line":45,"column":47}}},"3":{"name":"(anonymous_7)","decl":{"start":{"line":57,"column":2},"end":{"line":57,"column":7}},"loc":{"start":{"line":57,"column":55},"end":{"line":64,"column":3}}},"4":{"name":"(anonymous_8)","decl":{"start":{"line":66,"column":2},"end":{"line":66,"column":7}},"loc":{"start":{"line":66,"column":15},"end":{"line":69,"column":3}}},"5":{"name":"(anonymous_9)","decl":{"start":{"line":68,"column":27},"end":{"line":68,"column":28}},"loc":{"start":{"line":68,"column":43},"end":{"line":68,"column":65}}},"6":{"name":"(anonymous_10)","decl":{"start":{"line":71,"column":2},"end":{"line":71,"column":7}},"loc":{"start":{"line":71,"column":22},"end":{"line":78,"column":3}}},"7":{"name":"(anonymous_11)","decl":{"start":{"line":77,"column":27},"end":{"line":77,"column":28}},"loc":{"start":{"line":77,"column":43},"end":{"line":77,"column":65}}},"8":{"name":"(anonymous_12)","decl":{"start":{"line":80,"column":2},"end":{"line":80,"column":7}},"loc":{"start":{"line":80,"column":21},"end":{"line":87,"column":3}}},"9":{"name":"(anonymous_13)","decl":{"start":{"line":86,"column":27},"end":{"line":86,"column":28}},"loc":{"start":{"line":86,"column":43},"end":{"line":86,"column":65}}},"10":{"name":"(anonymous_14)","decl":{"start":{"line":89,"column":2},"end":{"line":89,"column":7}},"loc":{"start":{"line":89,"column":22},"end":{"line":96,"column":3}}},"11":{"name":"(anonymous_15)","decl":{"start":{"line":95,"column":27},"end":{"line":95,"column":28}},"loc":{"start":{"line":95,"column":43},"end":{"line":95,"column":65}}},"12":{"name":"(anonymous_16)","decl":{"start":{"line":98,"column":2},"end":{"line":98,"column":7}},"loc":{"start":{"line":98,"column":26},"end":{"line":114,"column":3}}},"13":{"name":"(anonymous_17)","decl":{"start":{"line":116,"column":2},"end":{"line":116,"column":7}},"loc":{"start":{"line":118,"column":44},"end":{"line":137,"column":3}}},"14":{"name":"(anonymous_18)","decl":{"start":{"line":139,"column":2},"end":{"line":139,"column":7}},"loc":{"start":{"line":139,"column":25},"end":{"line":145,"column":3}}},"15":{"name":"(anonymous_19)","decl":{"start":{"line":147,"column":2},"end":{"line":147,"column":7}},"loc":{"start":{"line":151,"column":25},"end":{"line":311,"column":3}}},"16":{"name":"(anonymous_20)","decl":{"start":{"line":313,"column":10},"end":{"line":313,"column":22}},"loc":{"start":{"line":313,"column":33},"end":{"line":322,"column":3}}},"17":{"name":"(anonymous_21)","decl":{"start":{"line":324,"column":10},"end":{"line":324,"column":15}},"loc":{"start":{"line":328,"column":26},"end":{"line":349,"column":3}}},"18":{"name":"(anonymous_22)","decl":{"start":{"line":351,"column":10},"end":{"line":351,"column":24}},"loc":{"start":{"line":351,"column":40},"end":{"line":361,"column":3}}},"19":{"name":"(anonymous_23)","decl":{"start":{"line":363,"column":10},"end":{"line":363,"column":25}},"loc":{"start":{"line":363,"column":40},"end":{"line":365,"column":3}}},"20":{"name":"(anonymous_24)","decl":{"start":{"line":35,"column":23},"end":{"line":35,"column":26}},"loc":{"start":{"line":35,"column":29},"end":{"line":35,"column":42}}}},"branchMap":{"0":{"loc":{"start":{"line":42,"column":4},"end":{"line":42,"column":26}},"type":"if","locations":[{"start":{"line":42,"column":4},"end":{"line":42,"column":26}},{"start":{},"end":{}}]},"1":{"loc":{"start":{"line":44,"column":4},"end":{"line":46,"column":5}},"type":"if","locations":[{"start":{"line":44,"column":4},"end":{"line":46,"column":5}},{"start":{},"end":{}}]},"2":{"loc":{"start":{"line":48,"column":21},"end":{"line":48,"column":56}},"type":"cond-expr","locations":[{"start":{"line":48,"column":31},"end":{"line":48,"column":49}},{"start":{"line":48,"column":52},"end":{"line":48,"column":56}}]},"3":{"loc":{"start":{"line":59,"column":4},"end":{"line":61,"column":5}},"type":"if","locations":[{"start":{"line":59,"column":4},"end":{"line":61,"column":5}},{"start":{},"end":{}}]},"4":{"loc":{"start":{"line":102,"column":4},"end":{"line":104,"column":5}},"type":"if","locations":[{"start":{"line":102,"column":4},"end":{"line":104,"column":5}},{"start":{},"end":{}}]},"5":{"loc":{"start":{"line":111,"column":4},"end":{"line":111,"column":33}},"type":"if","locations":[{"start":{"line":111,"column":4},"end":{"line":111,"column":33}},{"start":{},"end":{}}]},"6":{"loc":{"start":{"line":123,"column":12},"end":{"line":125,"column":14}},"type":"cond-expr","locations":[{"start":{"line":124,"column":12},"end":{"line":124,"column":45}},{"start":{"line":125,"column":12},"end":{"line":125,"column":14}}]},"7":{"loc":{"start":{"line":134,"column":4},"end":{"line":134,"column":30}},"type":"if","locations":[{"start":{"line":134,"column":4},"end":{"line":134,"column":30}},{"start":{},"end":{}}]},"8":{"loc":{"start":{"line":154,"column":4},"end":{"line":156,"column":5}},"type":"if","locations":[{"start":{"line":154,"column":4},"end":{"line":156,"column":5}},{"start":{},"end":{}}]},"9":{"loc":{"start":{"line":159,"column":4},"end":{"line":163,"column":5}},"type":"if","locations":[{"start":{"line":159,"column":4},"end":{"line":163,"column":5}},{"start":{},"end":{}}]},"10":{"loc":{"start":{"line":164,"column":4},"end":{"line":168,"column":5}},"type":"if","locations":[{"start":{"line":164,"column":4},"end":{"line":168,"column":5}},{"start":{},"end":{}}]},"11":{"loc":{"start":{"line":164,"column":8},"end":{"line":164,"column":73}},"type":"binary-expr","locations":[{"start":{"line":164,"column":8},"end":{"line":164,"column":33}},{"start":{"line":164,"column":37},"end":{"line":164,"column":73}}]},"12":{"loc":{"start":{"line":172,"column":4},"end":{"line":176,"column":5}},"type":"if","locations":[{"start":{"line":172,"column":4},"end":{"line":176,"column":5}},{"start":{},"end":{}}]},"13":{"loc":{"start":{"line":183,"column":6},"end":{"line":183,"column":75}},"type":"binary-expr","locations":[{"start":{"line":183,"column":6},"end":{"line":183,"column":27}},{"start":{"line":183,"column":31},"end":{"line":183,"column":44}},{"start":{"line":183,"column":48},"end":{"line":183,"column":75}}]},"14":{"loc":{"start":{"line":184,"column":4},"end":{"line":188,"column":5}},"type":"if","locations":[{"start":{"line":184,"column":4},"end":{"line":188,"column":5}},{"start":{},"end":{}}]},"15":{"loc":{"start":{"line":191,"column":6},"end":{"line":195,"column":19}},"type":"cond-expr","locations":[{"start":{"line":194,"column":10},"end":{"line":194,"column":23}},{"start":{"line":195,"column":10},"end":{"line":195,"column":19}}]},"16":{"loc":{"start":{"line":191,"column":6},"end":{"line":193,"column":45}},"type":"binary-expr","locations":[{"start":{"line":191,"column":6},"end":{"line":191,"column":27}},{"start":{"line":192,"column":6},"end":{"line":192,"column":19}},{"start":{"line":193,"column":6},"end":{"line":193,"column":45}}]},"17":{"loc":{"start":{"line":197,"column":6},"end":{"line":197,"column":60}},"type":"binary-expr","locations":[{"start":{"line":197,"column":6},"end":{"line":197,"column":39}},{"start":{"line":197,"column":43},"end":{"line":197,"column":60}}]},"18":{"loc":{"start":{"line":208,"column":6},"end":{"line":210,"column":31}},"type":"cond-expr","locations":[{"start":{"line":209,"column":10},"end":{"line":209,"column":25}},{"start":{"line":210,"column":10},"end":{"line":210,"column":31}}]},"19":{"loc":{"start":{"line":212,"column":6},"end":{"line":214,"column":51}},"type":"binary-expr","locations":[{"start":{"line":212,"column":6},"end":{"line":212,"column":32}},{"start":{"line":213,"column":8},"end":{"line":213,"column":25}},{"start":{"line":214,"column":8},"end":{"line":214,"column":51}}]},"20":{"loc":{"start":{"line":217,"column":6},"end":{"line":217,"column":64}},"type":"binary-expr","locations":[{"start":{"line":217,"column":6},"end":{"line":217,"column":24}},{"start":{"line":217,"column":28},"end":{"line":217,"column":64}}]},"21":{"loc":{"start":{"line":218,"column":35},"end":{"line":218,"column":74}},"type":"binary-expr","locations":[{"start":{"line":218,"column":35},"end":{"line":218,"column":53}},{"start":{"line":218,"column":57},"end":{"line":218,"column":74}}]},"22":{"loc":{"start":{"line":220,"column":6},"end":{"line":220,"column":72}},"type":"binary-expr","locations":[{"start":{"line":220,"column":6},"end":{"line":220,"column":26}},{"start":{"line":220,"column":30},"end":{"line":220,"column":54}},{"start":{"line":220,"column":58},"end":{"line":220,"column":72}}]},"23":{"loc":{"start":{"line":223,"column":15},"end":{"line":223,"column":41}},"type":"binary-expr","locations":[{"start":{"line":223,"column":15},"end":{"line":223,"column":33}},{"start":{"line":223,"column":37},"end":{"line":223,"column":41}}]},"24":{"loc":{"start":{"line":225,"column":23},"end":{"line":225,"column":57}},"type":"binary-expr","locations":[{"start":{"line":225,"column":23},"end":{"line":225,"column":49}},{"start":{"line":225,"column":53},"end":{"line":225,"column":57}}]},"25":{"loc":{"start":{"line":226,"column":23},"end":{"line":226,"column":58}},"type":"binary-expr","locations":[{"start":{"line":226,"column":23},"end":{"line":226,"column":49}},{"start":{"line":226,"column":53},"end":{"line":226,"column":58}}]},"26":{"loc":{"start":{"line":236,"column":27},"end":{"line":236,"column":52}},"type":"binary-expr","locations":[{"start":{"line":236,"column":27},"end":{"line":236,"column":44}},{"start":{"line":236,"column":48},"end":{"line":236,"column":52}}]},"27":{"loc":{"start":{"line":243,"column":4},"end":{"line":247,"column":5}},"type":"if","locations":[{"start":{"line":243,"column":4},"end":{"line":247,"column":5}},{"start":{},"end":{}}]},"28":{"loc":{"start":{"line":256,"column":6},"end":{"line":260,"column":7}},"type":"if","locations":[{"start":{"line":256,"column":6},"end":{"line":260,"column":7}},{"start":{},"end":{}}]},"29":{"loc":{"start":{"line":274,"column":4},"end":{"line":301,"column":5}},"type":"if","locations":[{"start":{"line":274,"column":4},"end":{"line":301,"column":5}},{"start":{},"end":{}}]},"30":{"loc":{"start":{"line":274,"column":8},"end":{"line":274,"column":52}},"type":"binary-expr","locations":[{"start":{"line":274,"column":8},"end":{"line":274,"column":25}},{"start":{"line":274,"column":29},"end":{"line":274,"column":52}}]},"31":{"loc":{"start":{"line":285,"column":6},"end":{"line":300,"column":7}},"type":"if","locations":[{"start":{"line":285,"column":6},"end":{"line":300,"column":7}},{"start":{},
[...]
"start":{"line":177,"column":4},"end":{"line":211,"column":5}},"45":{"start":{"line":178,"column":6},"end":{"line":182,"column":7}},"46":{"start":{"line":179,"column":8},"end":{"line":181,"column":10}},"47":{"start":{"line":185,"column":6},"end":{"line":197,"column":7}},"48":{"start":{"line":186,"column":25},"end":{"line":191,"column":10}},"49":{"start":{"line":192,"column":8},"end":{"line":192,"column":35}},"50":{"start":{"line":194,"column":8},"end":{"line":196,"column":10}},"51":{"start":{"line":199,"column":25},"end":{"line":199,"column":54}},"52":{"start":{"line":200,"column":6},"end":{"line":208,"column":7}},"53":{"start":{"line":205,"column":8},"end":{"line":207,"column":10}},"54":{"start":{"line":210,"column":6},"end":{"line":210,"column":42}},"55":{"start":{"line":213,"column":31},"end":{"line":213,"column":59}},"56":{"start":{"line":214,"column":22},"end":{"line":214,"column":65}},"57":{"start":{"line":215,"column":4},"end":{"line":215,"column":38}},"58":{"start":{"line":217,"column":40},"end":{"line":217,"column":42}},"59":{"start":{"line":218,"column":4},"end":{"line":226,"column":5}},"60":{"start":{"line":219,"column":6},"end":{"line":221,"column":7}},"61":{"start":{"line":220,"column":8},"end":{"line":220,"column":69}},"62":{"start":{"line":223,"column":6},"end":{"line":225,"column":8}},"63":{"start":{"line":228,"column":35},"end":{"line":229,"column":null}},"64":{"start":{"line":231,"column":27},"end":{"line":231,"column":66}},"65":{"start":{"line":233,"column":4},"end":{"line":243,"column":5}},"66":{"start":{"line":234,"column":6},"end":{"line":242,"column":7}},"67":{"start":{"line":241,"column":8},"end":{"line":241,"column":42}},"68":{"start":{"line":245,"column":23},"end":{"line":253,"column":6}},"69":{"start":{"line":246,"column":24},"end":{"line":248,"column":11}},"70":{"start":{"line":249,"column":23},"end":{"line":251,"column":11}},"71":{"start":{"line":252,"column":6},"end":{"line":252,"column":34}},"72":{"start":{"line":255,"column":4},"end":{"line":259,"column":5}},"73":{"start":{"line":256,"column":6},"end":{"line":258,"column":8}},"74":{"start":{"line":261,"column":4},"end":{"line":264,"column":6}},"75":{"start":{"line":268,"column":4},"end":{"line":299,"column":5}},"76":{"start":{"line":269,"column":33},"end":{"line":269,"column":61}},"77":{"start":{"line":270,"column":19},"end":{"line":274,"column":8}},"78":{"start":{"line":275,"column":32},"end":{"line":275,"column":55}},"79":{"start":{"line":277,"column":6},"end":{"line":280,"column":7}},"80":{"start":{"line":278,"column":8},"end":{"line":278,"column":56}},"81":{"start":{"line":279,"column":8},"end":{"line":279,"column":44}},"82":{"start":{"line":282,"column":66},"end":{"line":287,"column":8}},"83":{"start":{"line":288,"column":6},"end":{"line":290,"column":7}},"84":{"start":{"line":289,"column":8},"end":{"line":289,"column":55}},"85":{"start":{"line":292,"column":23},"end":{"line":292,"column":72}},"86":{"start":{"line":293,"column":6},"end":{"line":293,"column":54}},"87":{"start":{"line":294,"column":6},"end":{"line":294,"column":37}},"88":{"start":{"line":296,"column":6},"end":{"line":298,"column":8}},"89":{"start":{"line":303,"column":4},"end":{"line":323,"column":5}},"90":{"start":{"line":304,"column":26},"end":{"line":308,"column":8}},"91":{"start":{"line":309,"column":6},"end":{"line":311,"column":7}},"92":{"start":{"line":310,"column":8},"end":{"line":310,"column":15}},"93":{"start":{"line":313,"column":6},"end":{"line":318,"column":9}},"94":{"start":{"line":320,"column":6},"end":{"line":322,"column":8}},"95":{"start":{"line":329,"column":42},"end":{"line":329,"column":44}},"96":{"start":{"line":332,"column":4},"end":{"line":346,"column":24}},"97":{"start":{"line":333,"column":23},"end":{"line":342,"column":8}},"98":{"start":{"line":344,"column":6},"end":{"line":344,"column":49}},"99":{"start":{"line":345,"column":6},"end":{"line":345,"column":59}},"100":{"start":{"line":348,"column":4},"end":{"line":348,"column":17}},"101":{"start":{"line":352,"column":21},"end":{"line":356,"column":6}},"102":{"start":{"line":357,"column":28},"end":{"line":359,"column":null}},"103":{"start":{"line":359,"column":8},"end":{"line":359,"column":68}},"104":{"start":{"line":362,"column":4},"end":{"line":368,"column":5}},"105":{"start":{"line":363,"column":6},"end":{"line":367,"column":9}},"106":{"start":{"line":372,"column":4},"end":{"line":372,"column":43}},"107":{"start":{"line":376,"column":4},"end":{"line":382,"column":31}},"108":{"start":{"line":386,"column":4},"end":{"line":390,"column":5}},"109":{"start":{"line":387,"column":6},"end":{"line":389,"column":8}},"110":{"start":{"line":392,"column":4},"end":{"line":398,"column":6}},"111":{"start":{"line":402,"column":21},"end":{"line":402,"column":57}},"112":{"start":{"line":403,"column":4},"end":{"line":407,"column":5}},"113":{"start":{"line":404,"column":6},"end":{"line":406,"column":8}},"114":{"start":{"line":408,"column":4},"end":{"line":408,"column":20}},"115":{"start":{"line":412,"column":4},"end":{"line":412,"column":66}},"116":{"start":{"line":28,"column":13},"end":{"line":28,"column":26}},"117":{"start":{"line":28,"column":13},"end":{"line":414,"column":null}},"118":{"start":{"line":32,"column":29},"end":{"line":32,"column":47}}},"fnMap":{"0":{"name":"(anonymous_13)","decl":{"start":{"line":31,"column":2},"end":{"line":31,"column":null}},"loc":{"start":{"line":33,"column":59},"end":{"line":52,"column":3}}},"1":{"name":"(anonymous_14)","decl":{"start":{"line":54,"column":10},"end":{"line":54,"column":21}},"loc":{"start":{"line":54,"column":36},"end":{"line":71,"column":3}}},"2":{"name":"(anonymous_15)","decl":{"start":{"line":73,"column":2},"end":{"line":73,"column":7}},"loc":{"start":{"line":77,"column":19},"end":{"line":145,"column":3}}},"3":{"name":"(anonymous_16)","decl":{"start":{"line":147,"column":2},"end":{"line":147,"column":7}},"loc":{"start":{"line":147,"column":56},"end":{"line":150,"column":3}}},"4":{"name":"(anonymous_17)","decl":{"start":{"line":152,"column":2},"end":{"line":152,"column":7}},"loc":{"start":{"line":154,"column":25},"end":{"line":265,"column":3}}},"5":{"name":"(anonymous_18)","decl":{"start":{"line":245,"column":57},"end":{"line":245,"column":58}},"loc":{"start":{"line":245,"column":73},"end":{"line":253,"column":5}}},"6":{"name":"(anonymous_19)","decl":{"start":{"line":267,"column":2},"end":{"line":267,"column":7}},"loc":{"start":{"line":267,"column":43},"end":{"line":300,"column":3}}},"7":{"name":"(anonymous_20)","decl":{"start":{"line":302,"column":2},"end":{"line":302,"column":7}},"loc":{"start":{"line":302,"column":32},"end":{"line":324,"column":3}}},"8":{"name":"(anonymous_21)","decl":{"start":{"line":326,"column":10},"end":{"line":326,"column":15}},"loc":{"start":{"line":327,"column":20},"end":{"line":349,"column":3}}},"9":{"name":"(anonymous_22)","decl":{"start":{"line":351,"column":10},"end":{"line":351,"column":15}},"loc":{"start":{"line":351,"column":59},"end":{"line":369,"column":3}}},"10":{"name":"(anonymous_23)","decl":{"start":{"line":358,"column":6},"end":{"line":358,"column":7}},"loc":{"start":{"line":359,"column":8},"end":{"line":359,"column":68}}},"11":{"name":"(anonymous_24)","decl":{"start":{"line":371,"column":10},"end":{"line":371,"column":26}},"loc":{"start":{"line":371,"column":39},"end":{"line":373,"column":3}}},"12":{"name":"(anonymous_25)","decl":{"start":{"line":375,"column":10},"end":{"line":375,"column":37}},"loc":{"start":{"line":375,"column":50},"end":{"line":383,"column":3}}},"13":{"name":"(anonymous_26)","decl":{"start":{"line":385,"column":10},"end":{"line":385,"column":22}},"loc":{"start":{"line":385,"column":49},"end":{"line":399,"column":3}}},"14":{"name":"(anonymous_27)","decl":{"start":{"line":401,"column":10},"end":{"line":401,"column":31}},"loc":{"start":{"line":401,"column":31},"end":{"line":409,"column":3}}},"15":{"name":"(anonymous_28)","decl":{"start":{"line":411,"column":10},"end":{"line":411,"column":25}},"loc":{"start":{"line":411,"column":40},"end":{"line":413,"column":3}}},"16":{"name":"(anonymous_29)","decl":{"start":{"line":32,"column":23},"end":{"line":32,"column":26}},"loc":{"start":{"line":32,"column":29},"end":{"line":32,"column":47}}}},"branchMap":{"0":{"loc":{"start":{"line":55,"column":4},"end":{"line":70,"column":5}},"type":"switch","locations":[{"start":{"line":56,"column":6},"end":{"line":57,"column":58}},{"start":{"line":58,"column":6},"end":{"line":59,"column":62}},{"start":{"line":60,"column":6},"end":{"line":61,"column":59}},{"start":{"line":62,"column":6},"end":{"line":63,"column":57}},{"start":{"line":64,"column":6},"end":{"line":65,"column":65}},{"start":{"line":66,"column":6},"end":{"line":67,"column":77}},{"start":{"line":68,"column":6},"end":{"line":69,"column":70}}]},"1":{"loc":{"start":{"line":57,"column":15},"end":{"line":57,"column":57}},"type":"binary-expr","locations":[{"start":{"line":57,"column":15},"end":{"line":57,"column":51}},{"start":{"line":57,"column":55},"end":{"line":57,"column":57}}]},"2":{"loc":{"start":{"line":59,"column":15},"end":{"line":59,"column":61}},"type":"binary-expr","locations":[{"start":{"line":59,"column":15},"end":{"line":59,"column":55}},{"start":{"line":59,"column":59},"end":{"line":59,"column":61}}]},"3":{"loc":{"start":{"line":61,"column":15},"end":{"line":61,"column":58}},"type":"binary-expr","locations":[{"start":{"line":61,"column":15},"end":{"line":61,"column":52}},{"start":{"line":61,"column":56},"end":{"line":61,"column":58}}]},"4":{"loc":{"start":{"line":63,"column":15},"end":{"line":63,"column":56}},"type":"binary-expr","locations":[{"start":{"line":63,"column":15},"end":{"line":63,"column":50}},{"start":{"line":63,"column":54},"end":{"line":63,"column":56}}]},"5":{"loc":{"start":{"line":65,"column":15},"end":{"line":65,"column":64}},"type":"binary-expr","locations":[{"start":{"line":65,"column":15},"end":{"line":65,"column":58}},{"start":{"line":65,"column":62},"end":{"line":65,"column":64}}]},"6":{"loc":{"start":{"line":67,"column":15},"end":{"line":67,"column":76}},"type":"binary-expr","locations":[{"start":{"line":67,"column":15},"end":{"line":67,"column":70}},{"start":{"line":67,"column":74},"end":{"line":67,"column":76}}]},"7":{"loc":{"start":{"line":85,"column":26},"end":{"line":85,"column":79}},"type":"cond-expr","locations":[{"start":{"line":85,"column":35},"end":{"line":85,"column":59}},{"start":{"line":85,"column":62},"end":{"line":85,"column":79}}]},"8":{"loc":{"start":{"line":89,"column":8},"end":{"line":94,"column":21}},"type":"cond-expr","locations":[{"start":{"line":93,"column":12},"end":{"line":93,"column":18}},{"start":{"line":94,"column":12},"end":{"line":94,"column":21}}]},"9":{"loc":{"start":{"line":89,"column":8},"end":{"line":92,"column":28}},"type":"binary-expr","locations":[{"start":{"line":89,"column":8},"end":{"line":89,"column":14}},{"start":{"line":90,"column":8},"end":{"line":90,"column":25}},{"start":{"line":91,"column":8},"end":{"line":91,"column":30}},{"start":{"line":92,"column":8},"end":{"line":92,"column":28}}]},"10":{"loc":{"start":{"line":96,"column":6},"end":{"line":124,"column":7}},"type":"if","locations":[{"start":{"line":96,"column":6},"end":{"line":124,"column":7}},{"start":{"line":110,"column":13},"end":{"line":124,"column":7}}]},"11":{"loc":{"start":{"line":129,"column":6},"end":{"line":131,"column":7}},"type":"if","locations":[{"start":{"line":129,"column":6},"end":{"line":131,"column":7}},{"start":{},"end":{}}]},"12":{"loc":{"start":{"line":129,"column":10},"end":{"line":129,"column":58}},"type":"binary-expr","locations":[{"start":{"line":129,"column":10},"end":{"line":129,"column":48}},{"start":{"line":129,"column":52},"end":{"line":129,"column":58}}]},"13":{"loc":{"start":{"line":173,"column":4},"end":{"line":175,"column":5}},"type":"if","locations":[{"start":{"line":173,"column":4},"end":{"line":175,"column":5}},{"start":{},"end":{}}]},"14":{"loc":{"start":{"line":177,"column":4},"end":{"line":211,"column":5}},"type":"if","locations":[{"start":{"line":177,"column":4},"end":{"line":211,"column":5}},{"start":{},"end":{}}]},"15":{"loc":{"start":{"line":178,"column":6},"end":{"line":182,"column":7}},"type":"if","locations":[{"start":{"line":178,"column":6},"end":{"line":182,"column":7}},{"start":{},"end":{}}]},"16":{"loc":{"start":{"line":200,"column":6},"end":{"line":208,"column":7}},"type":"if","locations":[{"start":{"line":200,"column":6},"end":{"line":208,"column":7}},{"start":{},"end":{}}]},"17":{"loc":{"start":{"line":201,"column":8},"end":{"line":203,"column":61}},"type":"binary-expr","locations":[{"start":{"line":201,"column":8},"end":{"line":201,"column":47}},{"start":{"line":202,"column":8},"end":{"line":203,"column":61}}]},"18":{"loc":{"start":{"line":214,"column":38},"end":{"line":214,"column":64}},"type":"binary-expr","locations":[{"start":{"line":214,"column":38},"end":{"line":214,"column":58}},{"start":{"line":214,"column":62},"end":{"line":214,"column":64}}]},"19":{"loc":{"start":{"line":234,"column":6},"end":{"line":242,"column":7}},"type":"if","locations":[{"start":{"line":234,"column":6},"end":{"line":242,"column":7}},{"start":{},"end":{}}]},"20":{"loc":{"start":{"line":235,"column":8},"end":{"line":239,"column":78}},"type":"binary-expr","locations":[{"start":{"line":235,"column":8},"end":{"line":235,"column":15}},{"start":{"line":236,"column":8},"end":{"line":236,"column":35}},{"start":{"line":237,"column":8},"end":{"line":237,"column":17}},{"start":{"line":238,"column":8},"end":{"line":238,"column":40}},{"start":{"line":239,"column":8},"end":{"line":239,"column":78}}]},"21":{"loc":{"start":{"line":246,"column":24},"end":{"line":248,"column":11}},"type":"cond-expr","locations":[{"start":{"line":247,"column":10},"end":{"line":247,"column":48}},{"start":{"line":248,"column":10},"end":{"line":248,"column":11}}]},"22":{"loc":{"start":{"line":249,"column":23},"end":{"line":251,"column":11}},"type":"cond-expr","locations":[{"start":{"line":250,"column":10},"end":{"line":250,"column":47}},{"start":{"line":251,"column":10},"end":{"line":251,"column":11}}]},"23":{"loc":{"start":{"line":255,"column":4},"end":{"line":259,"column":5}},"type":"if","locations":[{"start":{"line":255,"column":4},"end":{"line":259,"column":5}},{"start":{},"end":{}}]},"24":{"loc":{"start":{"line":275,"column":32},"end":{"line":275,"column":55}},"type":"binary-expr","locations":[{"start":{"line":275,"column":32},"end":{"line":275,"column":49}},{"start":{"line":275,"column":53},"end":{"line":275,"column":55}}]},"25":{"loc":{"start":{"line":277,"column":6},"end":{"line":280,"column":7}},"type":"if","locations":[{"start":{"line":277,"column":6},"end":{"line":280,"column":7}},{"start":{},"end":{}}]},"26":{"loc":{"start":{"line":288,"column":6},"end":{"line":290,"column":7}},"type":"if","locations":[{"start":{"line":288,"column":6},"end":{"line":290,"column":7}},{"start":{},"end":{}}]},"27":{"loc":{"start":{"line":309,"column":6},"end":{"line":311,"column":7}},"type":"if","locations":[{"start":{"line":309,"column":6},"end":{"line":311,"column":7}},{"start":{},"end":{}}]},"28":{"loc":{"start":{"line":344,"column":21},"end":{"line":344,"column":46}},"type":"binary-expr","locations":[{"start":{"line":344,"column":21},"end":{"line":344,"column":40}},{"start":{"line":344,"column":44},"end":{"line":344,"column":46}}]},"29":{"loc":{"start":{"line":345,"column":18},"end":{"line":345,"column":58}},"type":"binary-expr","locations":[{"start":{"line":345,"column":18},"end":{"line":345,"column":45}},{"start":{"line":345,"column":49},"end":{"line":345,"column":58}}]},"30":{"loc":{"start":{"line":357,"column":29},"end":{"line":357,"column":60}},"type":"binary-expr","locations":[{"start":{"line":357,"column":29},"end":{"line":357,"column":54}},{"start":{"line":357,"column":58},"end":{"line":357,"column":60}}]},"31":{"loc":{"start":{"line":359,"column":8},"end":{"line":359,"column":68}},"type":"binary-expr","locations":[{"start":{"line":359,"column":8},"end":{"line":359,"column":36}},{"start":{"line":359,"column":40},"end":{"line":359,"column":68}}]},"32":{"loc":{"start":{"line":362,"column":4},"end":{"line":368,"column":5}},"type":"if","locations":[{"start":{"line":362,"column":4},"end":{"line":368,"column":5}},{"start":{},"end":{}}]},"33":{"loc":{"start":{"line":386,"column":4},"end":{"line":390,"column":5}},"type":"if","locations":[{"start":{"line":386,"column":4},"end":{"line":390,"column":5}},{"start":{},"end":{}}]},"34":{"loc":{"start":{"line":386,"column":8},"end":{"line":386,"column":30}},"type":"binary-expr","locations":[{"start":{"line":386,"column":8},"end":{"line":386,"column":16}},{"start":{"line":386,"column":20},"end":{"line":386,"column":30}}]},"35":{"loc":{"start":{"line":395,"column":16},"end":{"line":395,"column":38}},"type":"binary-expr","locations":[{"start":{"line":395,"column":16},"end":{"line":395,"column":32}},{"start":{"line":395,"column":36},"end":{"line":395,"column":38}}]},"36":{"loc":{"start":{"line":396,"column":20},"end":{"line":396,"column":45}},"type":"binary-expr","locations":[{"start":{"line":396,"column":20},"end":{"line":396,"column":39}},{"start":{"line":396,"column":43},"end":{"line":396,"column":45}}]},"37":{"loc":{"start":{"line":397,"column":20},"end":{"line":397,"column":50}},"type":"binary-expr","locations":[{"start":{"line":397,"column":20},"end":{"line":397,"column":37}},{"start":{"line":397,"column":41},"end":{"line":397,"column":50}}]},"38":{"loc":{"start":{"line":403,"column":4},"end":{"line":407,"column":5}},"type":"if","locations":[{"start":{"line":403,"column":4},"end":{"line":407,"column":5}},{"start":{},"end":{}}]},"39":{"loc":{"start":{"line":412,"column":11},"end":{"line":412,"column":65}},"type":"cond-expr","locations":[{"start":{"line":412,"column":36},"end":{"line":412,"column":49}},{"start":{"line":412,"column":52},"end":{"line":412,"column":65}}]},"40":{"loc":{"start":{"line":33,"column":41},"end":{"line":33,"column":null}},"type":"cond-expr","locations":[{"start":{"line":33,"column":59},"end":{"line":33,"column":null}},{"start":{"line":33,"column":59},"end":{"line":33,"column":null}}]},"41":{"loc":{"start":{"line":33,"column":41},"end":{"line":33,"column":59}},"type":"binary-expr","locations":[{"start":{"line":33,"column":41},"end":{"line":33,"column":null}},{"start":{"line":33,"column":41},"end":{"line":33,"column":59}}]}},"s":{"0":4,"1":4,"2":4,"3":4,"4":4,"5":8,"6":8,"7":8,"8":8,"9":4,"10":0,"11":0,"12":0,"13":0,"14":0,"15":4,"16":0,"17":0,"18":0,"19":0,"20":0,"21":0,"22":0,"23":0,"24":0,"25":0,"26":0,"27":0,"28":0,"29":0,"30":0,"31":0,"32":0,"33":0,"34":0,"35":0,"36":0,"37":5,"38":5,"39":5,"40":0,"41":5,"42":5,"43":0,"44":5,"45":2,"46":0,"47":2,"48":2,"49":2,"50":0,"51":2,"52":2,"53":1,"54":1,"55":3,"56":3,"57":3,"58":3,"59":3,"60":3,"61":6,"62":0,"63":3,"64":3,"65":3,"66":4,"67":3,"68":3,"69":1,"70":1,"71":1,"72":3,"73":1,"74":2,"75":1,"76":1,"77":1,"78":1,"79":1,"80":1,"81":1,"82":0,"83":0,"84":0,"85":0,"86":0,"87":0,"88":0,"89":2,"90":2,"91":2,"92":1,"93":1,"94":0,"95":6,"96":6,"97":6,"98":6,"99":6,"100":6,"101":1,"102":1,"103":1,"104":1,"105":0,"106":11,"107":11,"108":10,"109":0,"110":10,"111":4,"112":4,"113":0,"114":4,"115":0,"116":4,"117":4,"118":0},"f":{"0":8,"1":4,"2":0,"3":0,"4":5,"5":1,"6":1,"7":2,"8":6,"9":1,"10":1,"11":11,"12":11,"13":10,"14":4,"15":0,"16":0},"b":{"0":[0,0,0,0,0,4,0],"1":[0,0],"2":[0,0],"3":[0,0],"4":[0,0],"5":[0,0],"6":[4,0],"7":[0,0],"8":[0,0],"9":[0,0,0,0],"10":[0,0],"11":[0,0],"12":[0,0],"13":[0,5],"14":[2,3],"15":[0,2],"16":[1,1],"17":[2,2],"18":[3,0],"19":[3,1],"20":[4,4,4,4,4],"21":[1,0],"22":[1,0],"23":[1,2],"24":[1,0],"25":[1,0],"26":[0,0],"27":[1,1],"28":[6,0],"29":[6,6],"30":[1,0],"31":[1,1],"32":[0,1],"33":[0,10],"34":[10,10],"35":[10,8],"36":[10,10],"37":[10,8],"38":[0,4],"39":[0,0],"40":[3,1],"41":[4,3]}}
,"C:\\Proyects\\ciunac-backend-v1\\backend\\src\\types\\csv-parser.d.ts": {"path":"C:\\Proyects\\ciunac-backend-v1\\backend\\src\\types\\csv-parser.d.ts","statementMap":{},"fnMap":{},"branchMap":{},"s":{},"f":{},"b":{}}
}
