TN:
SF:src\app.controller.ts
FN:7,(anonymous_4)
FN:10,(anonymous_5)
FN:15,(anonymous_6)
FN:20,(anonymous_7)
FN:26,(anonymous_8)
FNF:5
FNH:2
FNDA:1,(anonymous_4)
FNDA:1,(anonymous_5)
FNDA:0,(anonymous_6)
FNDA:0,(anonymous_7)
FNDA:0,(anonymous_8)
DA:1,1
DA:2,1
DA:3,1
DA:6,1
DA:7,1
DA:10,1
DA:11,1
DA:15,1
DA:16,0
DA:20,1
DA:21,0
DA:26,1
DA:27,0
LF:13
LH:10
BRDA:7,0,0,1
BRDA:7,0,1,0
BRDA:7,1,0,1
BRDA:7,1,1,1
BRF:4
BRH:3
end_of_record
TN:
SF:src\app.module.ts
FN:72,(anonymous_1)
FN:87,(anonymous_2)
FNF:2
FNH:0
FNDA:0,(anonymous_1)
FNDA:0,(anonymous_2)
DA:1,0
DA:2,0
DA:3,0
DA:4,0
DA:5,0
DA:6,0
DA:7,0
DA:8,0
DA:9,0
DA:10,0
DA:11,0
DA:12,0
DA:13,0
DA:14,0
DA:15,0
DA:16,0
DA:17,0
DA:18,0
DA:19,0
DA:20,0
DA:21,0
DA:22,0
DA:23,0
DA:24,0
DA:25,0
DA:26,0
DA:27,0
DA:28,0
DA:29,0
DA:30,0
DA:31,0
DA:32,0
DA:33,0
DA:34,0
DA:35,0
DA:36,0
DA:37,0
DA:38,0
DA:39,0
DA:40,0
DA:41,0
DA:42,0
DA:43,0
DA:44,0
DA:45,0
DA:46,0
DA:47,0
DA:48,0
DA:49,0
DA:50,0
DA:51,0
DA:52,0
DA:53,0
DA:54,0
DA:55,0
DA:72,0
DA:87,0
DA:145,0
LF:58
LH:0
BRDA:75,0,0,0
BRDA:75,0,1,0
BRF:2
BRH:0
end_of_record
TN:
SF:src\app.service.ts
FN:8,(anonymous_2)
FN:10,(anonymous_3)
FN:14,(anonymous_4)
FN:19,(anonymous_5)
FNF:4
FNH:0
FNDA:0,(anonymous_2)
FNDA:0,(anonymous_3)
FNDA:0,(anonymous_4)
FNDA:0,(anonymous_5)
DA:1,1
DA:3,1
DA:4,1
DA:7,1
DA:8,0
DA:11,0
DA:15,0
DA:16,0
DA:20,0
DA:21,0
DA:23,0
LF:11
LH:4
BRDA:8,0,0,1
BRDA:8,0,1,0
BRDA:8,1,0,1
BRDA:8,1,1,1
BRF:4
BRH:3
end_of_record
TN:
SF:src\main.ts
FN:7,bootstrap
FNF:1
FNH:0
FNDA:0,bootstrap
DA:1,0
DA:2,0
DA:3,0
DA:4,0
DA:5,0
DA:8,0
DA:10,0
DA:24,0
DA:33,0
DA:43,0
DA:46,0
DA:47,0
DA:49,0
DA:52,0
LF:14
LH:0
BRDA:35,0,0,0
BRDA:35,0,1,0
BRDA:46,1,0,0
BRDA:46,1,1,0
BRF:4
BRH:0
end_of_record
TN:
SF:src\config\openapi-metadata.ts
FN:243,(anonymous_0)
FN:248,(anonymous_1)
FN:251,(anonymous_2)
FN:256,(anonymous_3)
FN:259,(anonymous_4)
FN:286,(anonymous_5)
FN:298,(anonymous_6)
FN:316,(anonymous_7)
FN:341,(anonymous_8)
FNF:9
FNH:9
FNDA:45,(anonymous_0)
FNDA:50,(anonymous_1)
FNDA:25,(anonymous_2)
FNDA:45,(anonymous_3)
FNDA:25,(anonymous_4)
FNDA:100,(anonymous_5)
FNDA:25,(anonymous_6)
FNDA:25,(anonymous_7)
FNDA:5,(anonymous_8)
DA:15,2
DA:25,2
DA:72,2
DA:120,2
DA:159,2
DA:161,2
DA:169,2
DA:171,2
DA:178,2
DA:243,2
DA:244,45
DA:245,45
DA:248,2
DA:249,50
DA:251,2
DA:252,25
DA:253,25
DA:256,2
DA:257,45
DA:259,2
DA:263,25
DA:265,25
DA:266,5
DA:269,20
DA:270,0
DA:273,20
DA:275,20
DA:276,0
DA:279,20
DA:280,15
DA:283,5
DA:286,2
DA:291,100
DA:293,100
DA:294,100
DA:298,2
DA:303,25
DA:304,25
DA:306,25
DA:307,10
DA:310,25
DA:311,20
DA:312,20
DA:316,2
DA:321,25
DA:322,25
DA:323,25
DA:325,25
DA:326,25
DA:327,25
DA:328,25
DA:330,25
DA:331,5
DA:334,25
DA:335,5
DA:338,25
DA:341,2
DA:344,5
DA:346,5
DA:347,25
DA:349,25
DA:350,25
DA:351,0
DA:354,25
DA:358,5
LF:65
LH:62
BRDA:245,0,0,45
BRDA:245,0,1,0
BRDA:253,1,0,25
BRDA:253,1,1,0
BRDA:265,2,0,5
BRDA:265,2,1,20
BRDA:269,3,0,0
BRDA:269,3,1,20
BRDA:275,4,0,0
BRDA:275,4,1,20
BRDA:279,5,0,15
BRDA:279,5,1,5
BRDA:293,6,0,100
BRDA:293,6,1,0
BRDA:306,7,0,10
BRDA:306,7,1,15
BRDA:310,8,0,20
BRDA:310,8,1,5
BRDA:327,9,0,25
BRDA:327,9,1,20
BRDA:328,10,0,25
BRDA:328,10,1,5
BRDA:330,11,0,5
BRDA:330,11,1,20
BRDA:334,12,0,5
BRDA:334,12,1,20
BRDA:350,13,0,0
BRDA:350,13,1,25
BRDA:350,14,0,25
BRDA:350,14,1,25
BRF:30
BRH:24
end_of_record
TN:
SF:src\config\swagger.config.ts
FN:8,(anonymous_0)
FN:12,(anonymous_1)
FN:43,(anonymous_2)
FN:50,(anonymous_3)
FNF:4
FNH:1
FNDA:4,(anonymous_0)
FNDA:0,(anonymous_1)
FNDA:0,(anonymous_2)
FNDA:0,(anonymous_3)
DA:2,1
DA:3,1
DA:5,1
DA:6,1
DA:8,1
DA:10,4
DA:12,1
DA:15,0
DA:41,0
DA:44,0
DA:47,0
DA:50,1
DA:51,0
DA:52,0
DA:55,0
DA:57,0
LF:16
LH:8
BRDA:9,0,0,1
BRDA:20,1,0,0
BRDA:20,1,1,0
BRDA:51,2,0,0
BRDA:51,2,1,0
BRF:5
BRH:1
end_of_record
TN:
SF:src\modules\administrativas\certificados\certificados.controller.ts
FN:13,(anonymous_4)
FN:16,(anonymous_5)
FN:21,(anonymous_6)
FN:26,(anonymous_7)
FN:31,(anonymous_8)
FN:37,(anonymous_9)
FN:42,(anonymous_10)
FNF:7
FNH:1
FNDA:1,(anonymous_4)
FNDA:0,(anonymous_5)
FNDA:0,(anonymous_6)
FNDA:0,(anonymous_7)
FNDA:0,(anonymous_8)
FNDA:0,(anonymous_9)
FNDA:0,(anonymous_10)
DA:1,1
DA:2,1
DA:3,1
DA:4,1
DA:6,1
DA:12,1
DA:13,1
DA:16,1
DA:17,0
DA:21,1
DA:22,0
DA:26,1
DA:27,0
DA:31,1
DA:32,0
DA:33,0
DA:37,1
DA:38,0
DA:42,1
DA:43,0
LF:20
LH:13
BRDA:16,0,0,1
BRDA:16,0,1,0
BRDA:16,1,0,1
BRDA:16,1,1,1
BRDA:31,2,0,1
BRDA:31,2,1,0
BRDA:31,3,0,1
BRDA:31,3,1,1
BRDA:42,4,0,1
BRDA:42,4,1,0
BRDA:42,5,0,1
BRDA:42,5,1,1
BRDA:13,6,0,1
BRDA:13,6,1,0
BRDA:13,7,0,1
BRDA:13,7,1,1
BRF:16
BRH:12
end_of_record
TN:
SF:src\modules\administrativas\certificados\certificados.module.ts
FNF:0
FNH:0
DA:1,0
DA:2,0
DA:3,0
DA:4,0
DA:5,0
DA:15,0
LF:6
LH:0
BRF:0
BRH:0
end_of_record
TN:
SF:src\modules\administrativas\certificados\certificados.service.ts
FN:10,(anonymous_4)
FN:16,(anonymous_5)
FN:21,(anonymous_6)
FN:34,(anonymous_7)
FN:44,(anonymous_8)
FN:46,(anonymous_9)
FN:49,(anonymous_10)
FN:59,(anonymous_11)
FN:65,(anonymous_12)
FN:68,(anonymous_13)
FN:85,(anonymous_14)
FN:102,(anonymous_15)
FNF:12
FNH:1
FNDA:1,(anonymous_4)
FNDA:0,(anonymous_5)
FNDA:0,(anonymous_6)
FNDA:0,(anonymous_7)
FNDA:0,(anonymous_8)
FNDA:0,(anonymous_9)
FNDA:0,(anonymous_10)
FNDA:0,(anonymous_11)
FNDA:0,(anonymous_12)
FNDA:0,(anonymous_13)
FNDA:0,(anonymous_14)
FNDA:0,(anonymous_15)
DA:1,2
DA:4,2
DA:5,2
DA:6,2
DA:9,2
DA:12,1
DA:17,0
DA:20,0
DA:21,0
DA:25,0
DA:27,0
DA:35,0
DA:37,0
DA:38,0
DA:40,0
DA:41,0
DA:45,0
DA:46,0
DA:50,0
DA:56,0
DA:60,0
DA:65,0
DA:69,0
DA:70,0
DA:72,0
DA:73,0
DA:76,0
DA:81,0
DA:83,0
DA:86,0
DA:93,0
DA:98,0
DA:100,0
DA:103,0
DA:107,0
LF:35
LH:6
BRDA:17,0,0,0
BRDA:17,0,1,0
BRDA:20,1,0,0
BRDA:20,1,1,0
BRDA:25,2,0,0
BRDA:25,2,1,0
BRDA:37,3,0,0
BRDA:37,3,1,0
BRDA:72,4,0,0
BRDA:72,4,1,0
BRDA:81,5,0,0
BRDA:81,5,1,0
BRDA:89,6,0,0
BRDA:89,6,1,0
BRDA:98,7,0,0
BRDA:98,7,1,0
BRDA:12,8,0,2
BRDA:12,8,1,0
BRDA:12,9,0,2
BRDA:12,9,1,2
BRF:20
BRH:3
end_of_record
TN:
SF:src\modules\administrativas\certificados\dto\create-certificado.dto.ts
FN:51,(anonymous_2)
FN:58,(anonymous_3)
FN:87,(anonymous_4)
FN:93,(anonymous_5)
FNF:4
FNH:0
FNDA:0,(anonymous_2)
FNDA:0,(anonymous_3)
FNDA:0,(anonymous_4)
FNDA:0,(anonymous_5)
DA:1,1
DA:2,1
DA:3,1
DA:4,1
DA:8,1
DA:11,1
DA:14,1
DA:17,1
DA:20,1
DA:22,1
DA:25,1
DA:28,1
DA:31,1
DA:34,1
DA:37,1
DA:40,1
DA:43,1
DA:46,1
DA:49,1
DA:51,0
DA:53,1
DA:56,1
DA:58,0
DA:60,1
DA:63,1
DA:66,1
DA:69,1
DA:73,1
DA:76,1
DA:80,1
DA:84,1
DA:87,0
DA:89,1
DA:93,0
DA:94,1
LF:35
LH:31
BRDA:14,0,0,0
BRDA:14,0,1,1
BRDA:14,1,0,1
BRDA:14,1,1,1
BRDA:22,2,0,0
BRDA:22,2,1,1
BRDA:22,3,0,1
BRDA:22,3,1,1
BRDA:53,4,0,1
BRDA:53,4,1,0
BRDA:53,5,0,1
BRDA:53,5,1,1
BRDA:60,6,0,1
BRDA:60,6,1,0
BRDA:60,7,0,1
BRDA:60,7,1,1
BRDA:89,8,0,1
BRDA:89,8,1,0
BRDA:89,9,0,1
BRDA:89,9,1,1
BRF:20
BRH:15
end_of_record
TN:
SF:src\modules\administrativas\certificados\dto\update-certificado.dto.ts
FNF:0
FNH:0
DA:1,1
DA:2,1
DA:4,1
LF:3
LH:3
BRF:0
BRH:0
end_of_record
TN:
SF:src\modules\administrativas\certificados\schemas\certificado.schema.ts
FN:6,(anonymous_2)
FN:10,(anonymous_3)
FNF:2
FNH:2
FNDA:6,(anonymous_2)
FNDA:6,(anonymous_3)
DA:1,6
DA:2,6
DA:6,6
DA:7,6
DA:8,6
DA:10,6
DA:11,6
DA:12,6
DA:13,6
DA:16,6
DA:18,6
DA:21,6
DA:24,6
DA:27,6
DA:34,6
DA:37,6
DA:40,6
DA:43,6
DA:46,6
DA:49,6
DA:52,6
DA:55,6
DA:58,6
DA:61,6
DA:64,6
DA:67,6
DA:70,6
DA:73,6
DA:76,6
DA:79,6
DA:82,6
DA:85,6
DA:88,6
DA:91,6
DA:94,6
DA:97,6
DA:100,6
DA:103,6
DA:106,6
LF:39
LH:39
BRDA:6,0,0,6
BRDA:6,0,1,6
BRDA:10,1,0,6
BRDA:10,1,1,6
BRDA:70,2,0,6
BRDA:70,2,1,0
BRDA:70,3,0,6
BRDA:70,3,1,6
BRDA:76,4,0,6
BRDA:76,4,1,0
BRDA:76,5,0,6
BRDA:76,5,1,6
BRDA:100,6,0,6
BRDA:100,6,1,0
BRDA:100,7,0,6
BRDA:100,7,1,6
BRF:16
BRH:13
end_of_record
TN:
SF:src\modules\administrativas\constancias\constancias.controller.ts
FN:22,(anonymous_4)
FN:25,(anonymous_5)
FN:30,(anonymous_6)
FN:35,(anonymous_7)
FN:40,(anonymous_8)
FN:45,(anonymous_9)
FN:50,(anonymous_10)
FN:60,(anonymous_11)
FN:65,(anonymous_12)
FNF:9
FNH:5
FNDA:5,(anonymous_4)
FNDA:1,(anonymous_5)
FNDA:1,(anonymous_6)
FNDA:1,(anonymous_7)
FNDA:0,(anonymous_8)
FNDA:0,(anonymous_9)
FNDA:0,(anonymous_10)
FNDA:1,(anonymous_11)
FNDA:0,(anonymous_12)
DA:1,1
DA:10,1
DA:11,1
DA:12,1
DA:14,1
DA:16,1
DA:21,1
DA:22,5
DA:25,1
DA:26,1
DA:30,1
DA:31,1
DA:35,1
DA:36,1
DA:40,1
DA:41,0
DA:45,1
DA:46,0
DA:50,1
DA:51,0
DA:60,1
DA:61,1
DA:65,1
DA:69,0
LF:24
LH:20
BRDA:25,0,0,1
BRDA:25,0,1,0
BRDA:25,1,0,1
BRDA:25,1,1,1
BRDA:35,2,0,1
BRDA:35,2,1,0
BRDA:35,3,0,1
BRDA:35,3,1,1
BRDA:40,4,0,1
BRDA:40,4,1,0
BRDA:40,5,0,1
BRDA:40,5,1,1
BRDA:45,6,0,1
BRDA:45,6,1,0
BRDA:45,7,0,1
BRDA:45,7,1,1
BRDA:50,8,0,1
BRDA:50,8,1,0
BRDA:50,9,0,1
BRDA:50,9,1,1
BRDA:50,10,0,1
BRDA:50,10,1,0
BRDA:50,11,0,1
BRDA:50,11,1,1
BRDA:67,12,0,1
BRDA:67,12,1,0
BRDA:67,13,0,1
BRDA:67,13,1,1
BRDA:22,14,0,1
BRDA:22,14,1,0
BRDA:22,15,0,1
BRDA:22,15,1,1
BRF:32
BRH:24
end_of_record
TN:
SF:src\modules\administrativas\constancias\constancias.module.ts
FN:17,(anonymous_1)
FNF:1
FNH:0
FNDA:0,(anonymous_1)
DA:1,0
DA:2,0
DA:3,0
DA:4,0
DA:5,0
DA:6,0
DA:7,0
DA:8,0
DA:17,0
DA:23,0
LF:10
LH:0
BRF:0
BRH:0
end_of_record
TN:
SF:src\modules\administrativas\constancias\constancias.service.ts
FN:32,(anonymous_4)
FN:41,(anonymous_5)
FN:45,(anonymous_6)
FN:57,(anonymous_7)
FN:66,(anonymous_8)
FN:68,(anonymous_9)
FN:71,(anonymous_10)
FN:77,(anonymous_11)
FN:80,(anonymous_12)
FN:86,(anonymous_13)
FN:89,(anonymous_14)
FN:95,(anonymous_15)
FN:98,(anonymous_16)
FN:116,(anonymous_17)
FN:139,(anonymous_18)
FN:147,(anonymous_19)
FN:313,(anonymous_20)
FN:324,(anonymous_21)
FN:351,(anonymous_22)
FN:363,(anonymous_23)
FN:35,(anonymous_24)
FNF:21
FNH:13
FNDA:18,(anonymous_4)
FNDA:15,(anonymous_5)
FNDA:0,(anonymous_6)
FNDA:0,(anonymous_7)
FNDA:1,(anonymous_8)
FNDA:1,(anonymous_9)
FNDA:1,(anonymous_10)
FNDA:1,(anonymous_11)
FNDA:0,(anonymous_12)
FNDA:0,(anonymous_13)
FNDA:0,(anonymous_14)
FNDA:0,(anonymous_15)
FNDA:15,(anonymous_16)
FNDA:0,(anonymous_17)
FNDA:0,(anonymous_18)
FNDA:13,(anonymous_19)
FNDA:9,(anonymous_20)
FNDA:1,(anonymous_21)
FNDA:34,(anonymous_22)
FNDA:2,(anonymous_23)
FNDA:18,(anonymous_24)
DA:1,4
DA:12,4
DA:13,4
DA:14,4
DA:15,4
DA:16,4
DA:17,4
DA:29,4
DA:30,18
DA:34,18
DA:35,18
DA:36,18
DA:37,18
DA:42,15
DA:44,15
DA:45,0
DA:48,15
DA:50,15
DA:58,0
DA:59,0
DA:60,0
DA:62,0
DA:63,0
DA:67,1
DA:68,1
DA:72,1
DA:77,1
DA:81,0
DA:86,0
DA:90,0
DA:95,0
DA:99,15
DA:100,15
DA:102,15
DA:103,1
DA:106,15
DA:111,15
DA:113,13
DA:120,0
DA:129,0
DA:134,0
DA:136,0
DA:140,0
DA:144,0
DA:153,13
DA:154,13
DA:155,1
DA:158,12
DA:159,12
DA:160,0
DA:164,12
DA:165,1
DA:171,11
DA:172,11
DA:173,0
DA:178,11
DA:179,11
DA:183,11
DA:184,11
DA:185,1
DA:191,10
DA:197,10
DA:199,10
DA:203,9
DA:206,9
DA:208,9
DA:211,9
DA:217,9
DA:218,9
DA:220,9
DA:221,9
DA:229,9
DA:243,9
DA:244,0
DA:249,9
DA:250,9
DA:256,8
DA:257,0
DA:262,1
DA:268,1
DA:271,8
DA:274,8
DA:275,7
DA:276,7
DA:277,6
DA:279,1
DA:280,1
DA:282,1
DA:285,7
DA:286,6
DA:287,6
DA:290,5
DA:291,0
DA:296,1
DA:298,1
DA:303,8
DA:314,9
DA:330,1
DA:331,1
DA:334,1
DA:335,0
DA:340,0
DA:345,0
DA:352,34
DA:358,22
DA:360,12
DA:364,2
LF:107
LH:83
BRDA:42,0,0,0
BRDA:42,0,1,15
BRDA:44,1,0,0
BRDA:44,1,1,15
BRDA:48,2,0,15
BRDA:48,2,1,0
BRDA:59,3,0,0
BRDA:59,3,1,0
BRDA:102,4,0,1
BRDA:102,4,1,14
BRDA:111,5,0,2
BRDA:111,5,1,13
BRDA:123,6,0,0
BRDA:123,6,1,0
BRDA:134,7,0,0
BRDA:134,7,1,0
BRDA:154,8,0,1
BRDA:154,8,1,12
BRDA:159,9,0,0
BRDA:159,9,1,12
BRDA:164,10,0,1
BRDA:164,10,1,11
BRDA:164,11,0,12
BRDA:164,11,1,10
BRDA:172,12,0,0
BRDA:172,12,1,11
BRDA:183,13,0,11
BRDA:183,13,1,10
BRDA:183,13,2,2
BRDA:184,14,0,1
BRDA:184,14,1,10
BRDA:191,15,0,1
BRDA:191,15,1,9
BRDA:191,16,0,10
BRDA:191,16,1,1
BRDA:191,16,2,1
BRDA:197,17,0,10
BRDA:197,17,1,9
BRDA:208,18,0,8
BRDA:208,18,1,1
BRDA:212,19,0,9
BRDA:212,19,1,0
BRDA:212,19,2,0
BRDA:217,20,0,9
BRDA:217,20,1,8
BRDA:218,21,0,9
BRDA:218,21,1,9
BRDA:220,22,0,9
BRDA:220,22,1,0
BRDA:220,22,2,0
BRDA:223,23,0,9
BRDA:223,23,1,1
BRDA:225,24,0,9
BRDA:225,24,1,8
BRDA:226,25,0,9
BRDA:226,25,1,8
BRDA:236,26,0,9
BRDA:236,26,1,1
BRDA:243,27,0,0
BRDA:243,27,1,9
BRDA:256,28,0,0
BRDA:256,28,1,8
BRDA:274,29,0,7
BRDA:274,29,1,1
BRDA:274,30,0,8
BRDA:274,30,1,7
BRDA:285,31,0,6
BRDA:285,31,1,1
BRDA:290,32,0,0
BRDA:290,32,1,5
BRDA:309,33,0,2
BRDA:309,33,1,6
BRDA:317,34,0,0
BRDA:317,34,1,9
BRDA:334,35,0,0
BRDA:334,35,1,1
BRDA:352,36,0,22
BRDA:352,36,1,12
BRDA:353,37,0,34
BRDA:353,37,1,12
BRDA:353,37,2,12
BRDA:353,37,3,12
BRDA:364,38,0,2
BRDA:364,38,1,0
BRDA:34,39,0,4
BRDA:34,39,1,0
BRDA:34,40,0,4
BRDA:34,40,1,4
BRDA:34,41,0,1
BRDA:34,41,1,3
BRDA:34,42,0,4
BRDA:34,42,1,1
BRDA:36,43,0,4
BRDA:36,43,1,0
BRDA:36,44,0,4
BRDA:36,44,1,4
BRF:96
BRH:73
end_of_record
TN:
SF:src\modules\administrativas\constancias\dto\create-constancia.dto.ts
FN:83,(anonymous_2)
FNF:1
FNH:0
FNDA:0,(anonymous_2)
DA:1,1
DA:2,1
DA:3,1
DA:7,1
DA:10,1
DA:13,1
DA:16,1
DA:19,1
DA:22,1
DA:25,1
DA:28,1
DA:31,1
DA:33,1
DA:36,1
DA:39,1
DA:42,1
DA:45,1
DA:48,1
DA:51,1
DA:54,1
DA:57,1
DA:61,1
DA:65,1
DA:68,1
DA:72,1
DA:75,1
DA:78,1
DA:83,0
DA:84,1
DA:88,1
LF:30
LH:29
BRDA:16,0,0,0
BRDA:16,0,1,1
BRDA:16,1,0,1
BRDA:16,1,1,1
BRDA:33,2,0,0
BRDA:33,2,1,1
BRDA:33,3,0,1
BRDA:33,3,1,1
BRDA:65,4,0,1
BRDA:65,4,1,0
BRDA:65,5,0,1
BRDA:65,5,1,1
BRDA:78,6,0,0
BRDA:78,6,1,1
BRDA:78,7,0,1
BRDA:78,7,1,1
BRF:16
BRH:12
end_of_record
TN:
SF:src\modules\administrativas\constancias\dto\procesar-firma.dto.ts
FN:15,(anonymous_2)
FNF:1
FNH:1
FNDA:1,(anonymous_2)
DA:1,2
DA:2,2
DA:4,2
DA:7,2
DA:12,2
DA:15,1
DA:18,2
DA:23,2
LF:8
LH:8
BRF:0
BRH:0
end_of_record
TN:
SF:src\modules\administrativas\constancias\dto\update-constancia.dto.ts
FNF:0
FNH:0
DA:1,1
DA:2,1
DA:4,1
LF:3
LH:3
BRF:0
BRH:0
end_of_record
TN:
SF:src\modules\administrativas\constancias\schemas\constancia.schema.ts
FN:6,(anonymous_2)
FN:11,(anonymous_3)
FNF:2
FNH:2
FNDA:4,(anonymous_2)
FNDA:4,(anonymous_3)
DA:1,4
DA:2,4
DA:6,4
DA:7,4
DA:8,4
DA:11,4
DA:12,4
DA:13,4
DA:16,4
DA:18,4
DA:21,4
DA:24,4
DA:27,4
DA:30,4
DA:33,4
DA:36,4
DA:39,4
DA:46,4
DA:48,4
DA:51,4
DA:54,4
DA:57,4
DA:60,4
DA:63,4
DA:66,4
DA:69,4
DA:72,4
DA:75,4
DA:78,4
DA:81,4
DA:84,4
DA:87,4
DA:90,4
DA:93,4
DA:96,4
DA:99,4
DA:102,4
DA:105,4
DA:108,4
DA:111,4
DA:114,4
LF:41
LH:41
BRDA:6,0,0,4
BRDA:6,0,1,4
BRDA:11,1,0,4
BRDA:11,1,1,4
BRDA:93,2,0,4
BRDA:93,2,1,0
BRDA:93,3,0,4
BRDA:93,3,1,4
BRDA:108,4,0,4
BRDA:108,4,1,0
BRDA:108,5,0,4
BRDA:108,5,1,4
BRDA:111,6,0,4
BRDA:111,6,1,0
BRDA:111,7,0,4
BRDA:111,7,1,4
BRF:16
BRH:13
end_of_record
TN:
SF:src\modules\administrativas\pagos-banco\pagos-banco.controller.ts
FN:11,(anonymous_4)
FN:15,(anonymous_5)
FN:29,(anonymous_6)
FN:37,(anonymous_7)
FN:42,(anonymous_8)
FN:47,(anonymous_9)
FN:52,(anonymous_10)
FN:57,(anonymous_11)
FNF:8
FNH:6
FNDA:6,(anonymous_4)
FNDA:0,(anonymous_5)
FNDA:0,(anonymous_6)
FNDA:1,(anonymous_7)
FNDA:1,(anonymous_8)
FNDA:1,(anonymous_9)
FNDA:1,(anonymous_10)
FNDA:1,(anonymous_11)
DA:1,1
DA:2,1
DA:3,1
DA:4,1
DA:5,1
DA:6,1
DA:10,1
DA:11,6
DA:15,1
DA:16,0
DA:17,0
DA:21,0
DA:22,0
DA:25,0
DA:29,1
DA:30,0
DA:31,0
DA:37,1
DA:38,1
DA:42,1
DA:43,1
DA:47,1
DA:48,1
DA:52,1
DA:53,1
DA:57,1
DA:58,1
LF:27
LH:20
BRDA:16,0,0,0
BRDA:16,0,1,0
BRDA:21,1,0,0
BRDA:21,1,1,0
BRDA:21,2,0,0
BRDA:21,2,1,0
BRDA:15,3,0,0
BRDA:15,3,1,1
BRDA:15,4,0,1
BRDA:15,4,1,0
BRDA:15,4,2,0
BRDA:37,5,0,1
BRDA:37,5,1,0
BRDA:37,6,0,1
BRDA:37,6,1,1
BRDA:52,7,0,1
BRDA:52,7,1,0
BRDA:52,8,0,1
BRDA:52,8,1,1
BRDA:11,9,0,1
BRDA:11,9,1,0
BRDA:11,10,0,1
BRDA:11,10,1,1
BRF:23
BRH:11
end_of_record
TN:
SF:src\modules\administrativas\pagos-banco\pagos-banco.module.ts
FNF:0
FNH:0
DA:1,0
DA:2,0
DA:3,0
DA:4,0
DA:5,0
DA:6,0
DA:7,0
DA:15,0
LF:8
LH:0
BRF:0
BRH:0
end_of_record
TN:
SF:src\modules\administrativas\pagos-banco\pagos-banco.service.ts
FN:13,(anonymous_4)
FN:21,(anonymous_5)
FN:25,(anonymous_6)
FN:30,(anonymous_7)
FN:41,(anonymous_8)
FN:42,(anonymous_9)
FN:52,(anonymous_10)
FN:53,(anonymous_11)
FN:63,(anonymous_12)
FN:75,(anonymous_13)
FN:89,(anonymous_14)
FN:166,(anonymous_15)
FN:170,(anonymous_16)
FN:186,(anonymous_17)
FN:187,(anonymous_18)
FN:200,(anonymous_19)
FN:246,(anonymous_20)
FN:251,(anonymous_21)
FN:257,(anonymous_22)
FN:265,(anonymous_23)
FN:274,(anonymous_24)
FNF:21
FNH:6
FNDA:7,(anonymous_4)
FNDA:0,(anonymous_5)
FNDA:0,(anonymous_6)
FNDA:0,(anonymous_7)
FNDA:0,(anonymous_8)
FNDA:0,(anonymous_9)
FNDA:0,(anonymous_10)
FNDA:0,(anonymous_11)
FNDA:0,(anonymous_12)
FNDA:0,(anonymous_13)
FNDA:0,(anonymous_14)
FNDA:0,(anonymous_15)
FNDA:0,(anonymous_16)
FNDA:0,(anonymous_17)
FNDA:0,(anonymous_18)
FNDA:0,(anonymous_19)
FNDA:1,(anonymous_20)
FNDA:1,(anonymous_21)
FNDA:4,(anonymous_22)
FNDA:1,(anonymous_23)
FNDA:1,(anonymous_24)
DA:1,2
DA:2,2
DA:3,2
DA:4,2
DA:5,2
DA:8,2
DA:9,2
DA:12,2
DA:15,7
DA:17,7
DA:18,7
DA:22,0
DA:23,0
DA:25,0
DA:26,0
DA:31,0
DA:41,0
DA:43,0
DA:44,0
DA:45,0
DA:47,0
DA:48,0
DA:49,0
DA:51,0
DA:52,0
DA:53,0
DA:54,0
DA:57,0
DA:58,0
DA:59,0
DA:63,0
DA:66,0
DA:67,0
DA:68,0
DA:74,0
DA:75,0
DA:81,0
DA:82,0
DA:85,0
DA:86,0
DA:89,0
DA:90,0
DA:91,0
DA:96,0
DA:97,0
DA:98,0
DA:100,0
DA:112,0
DA:113,0
DA:114,0
DA:115,0
DA:116,0
DA:118,0
DA:123,0
DA:124,0
DA:125,0
DA:127,0
DA:130,0
DA:131,0
DA:132,0
DA:137,0
DA:140,0
DA:141,0
DA:148,0
DA:149,0
DA:152,0
DA:154,0
DA:156,0
DA:160,0
DA:161,0
DA:163,0
DA:166,0
DA:173,0
DA:174,0
DA:176,0
DA:183,0
DA:185,0
DA:186,0
DA:187,0
DA:188,0
DA:190,0
DA:192,0
DA:197,0
DA:199,0
DA:200,0
DA:202,0
DA:203,0
DA:205,0
DA:206,0
DA:207,0
DA:208,0
DA:209,0
DA:211,0
DA:216,0
DA:217,0
DA:218,0
DA:219,0
DA:221,0
DA:224,0
DA:225,0
DA:226,0
DA:227,0
DA:232,0
DA:233,0
DA:239,0
DA:240,0
DA:243,0
DA:247,1
DA:248,1
DA:252,1
DA:258,4
DA:259,4
DA:260,1
DA:262,3
DA:269,1
DA:270,1
DA:271,1
DA:275,1
DA:276,1
LF:119
LH:23
BRDA:58,0,0,0
BRDA:58,0,1,0
BRDA:67,1,0,0
BRDA:67,1,1,0
BRDA:85,2,0,0
BRDA:85,2,1,0
BRDA:85,3,0,0
BRDA:85,3,1,0
BRDA:90,4,0,0
BRDA:90,4,1,0
BRDA:90,5,0,0
BRDA:90,5,1,0
BRDA:112,6,0,0
BRDA:112,6,1,0
BRDA:114,7,0,0
BRDA:114,7,1,0
BRDA:115,8,0,0
BRDA:115,8,1,0
BRDA:118,9,0,0
BRDA:118,9,1,0
BRDA:118,9,2,0
BRDA:123,10,0,0
BRDA:123,10,1,0
BRDA:123,11,0,0
BRDA:123,11,1,0
BRDA:131,12,0,0
BRDA:131,12,1,0
BRDA:140,13,0,0
BRDA:140,13,1,0
BRDA:148,14,0,0
BRDA:148,14,1,0
BRDA:183,15,0,0
BRDA:183,15,1,0
BRDA:190,16,0,0
BRDA:190,16,1,0
BRDA:197,17,0,0
BRDA:197,17,1,0
BRDA:207,18,0,0
BRDA:207,18,1,0
BRDA:208,19,0,0
BRDA:208,19,1,0
BRDA:211,20,0,0
BRDA:211,20,1,0
BRDA:211,20,2,0
BRDA:216,21,0,0
BRDA:216,21,1,0
BRDA:216,22,0,0
BRDA:216,22,1,0
BRDA:225,23,0,0
BRDA:225,23,1,0
BRDA:232,24,0,0
BRDA:232,24,1,0
BRDA:239,25,0,0
BRDA:239,25,1,0
BRDA:259,26,0,1
BRDA:259,26,1,3
BRDA:15,27,0,2
BRDA:15,27,1,0
BRDA:15,28,0,2
BRDA:15,28,1,2
BRDA:15,29,0,2
BRDA:15,29,1,0
BRDA:15,30,0,2
BRDA:15,30,1,2
BRDA:17,31,0,2
BRDA:17,31,1,0
BRDA:17,32,0,2
BRDA:17,32,1,2
BRF:68
BRH:11
end_of_record
TN:
SF:src\modules\administrativas\pagos-banco\dto\create-pagos-banco.dto.ts
FNF:0
FNH:0
DA:1,1
DA:3,1
DA:6,1
DA:10,1
DA:14,1
DA:18,1
DA:22,1
DA:26,1
DA:30,1
DA:34,1
DA:38,1
LF:11
LH:11
BRDA:22,0,0,1
BRDA:22,0,1,0
BRDA:22,1,0,1
BRDA:22,1,1,1
BRDA:26,2,0,1
BRDA:26,2,1,0
BRDA:26,3,0,1
BRDA:26,3,1,1
BRF:8
BRH:6
end_of_record
TN:
SF:src\modules\administrativas\pagos-banco\dto\update-pagos-banco.dto.ts
FNF:0
FNH:0
DA:1,1
DA:2,1
DA:4,1
LF:3
LH:3
BRF:0
BRH:0
end_of_record
TN:
SF:src\modules\administrativas\pagos-banco\entities\pagos-banco.entity.ts
FNF:0
FNH:0
DA:1,2
DA:4,2
DA:6,2
DA:9,2
DA:12,2
DA:15,2
DA:18,2
DA:21,2
DA:24,2
DA:27,2
DA:30,2
DA:33,2
DA:36,2
DA:39,2
LF:14
LH:14
BRDA:21,0,0,2
BRDA:21,0,1,0
BRDA:21,1,0,2
BRDA:21,1,1,2
BRDA:24,2,0,2
BRDA:24,2,1,0
BRDA:24,3,0,2
BRDA:24,3,1,2
BRDA:36,4,0,2
BRDA:36,4,1,0
BRDA:36,5,0,2
BRDA:36,5,1,2
BRDA:39,6,0,2
BRDA:39,6,1,0
BRDA:39,7,0,2
BRDA:39,7,1,2
BRF:16
BRH:12
end_of_record
TN:
SF:src\modules\administrativas\solicitudbecas\solicitudbecas.controller.ts
FN:12,(anonymous_4)
FN:15,(anonymous_5)
FN:20,(anonymous_6)
FN:25,(anonymous_7)
FN:33,(anonymous_8)
FN:38,(anonymous_9)
FN:43,(anonymous_10)
FNF:7
FNH:1
FNDA:1,(anonymous_4)
FNDA:0,(anonymous_5)
FNDA:0,(anonymous_6)
FNDA:0,(anonymous_7)
FNDA:0,(anonymous_8)
FNDA:0,(anonymous_9)
FNDA:0,(anonymous_10)
DA:1,1
DA:2,1
DA:3,1
DA:4,1
DA:5,1
DA:6,1
DA:7,1
DA:11,1
DA:12,1
DA:15,1
DA:16,0
DA:20,1
DA:21,0
DA:25,1
DA:26,0
DA:27,0
DA:29,0
DA:33,1
DA:34,0
DA:38,1
DA:39,0
DA:43,1
DA:44,0
LF:23
LH:15
BRDA:26,0,0,0
BRDA:26,0,1,0
BRDA:15,1,0,1
BRDA:15,1,1,0
BRDA:15,2,0,1
BRDA:15,2,1,1
BRDA:25,3,0,0
BRDA:25,3,1,1
BRDA:25,4,0,1
BRDA:25,4,1,1
BRDA:38,5,0,1
BRDA:38,5,1,0
BRDA:38,6,0,1
BRDA:38,6,1,1
BRDA:12,7,0,1
BRDA:12,7,1,0
BRDA:12,8,0,1
BRDA:12,8,1,1
BRF:18
BRH:12
end_of_record
TN:
SF:src\modules\administrativas\solicitudbecas\solicitudbecas.module.ts
FNF:0
FNH:0
DA:1,0
DA:2,0
DA:3,0
DA:4,0
DA:5,0
DA:13,0
LF:6
LH:0
BRF:0
BRH:0
end_of_record
TN:
SF:src\modules\administrativas\solicitudbecas\solicitudbecas.service.ts
FN:10,(anonymous_4)
FN:16,(anonymous_5)
FN:21,(anonymous_6)
FN:34,(anonymous_7)
FN:45,(anonymous_8)
FN:47,(anonymous_9)
FN:50,(anonymous_10)
FN:56,(anonymous_11)
FN:59,(anonymous_12)
FN:77,(anonymous_13)
FN:95,(anonymous_14)
FNF:11
FNH:1
FNDA:1,(anonymous_4)
FNDA:0,(anonymous_5)
FNDA:0,(anonymous_6)
FNDA:0,(anonymous_7)
FNDA:0,(anonymous_8)
FNDA:0,(anonymous_9)
FNDA:0,(anonymous_10)
FNDA:0,(anonymous_11)
FNDA:0,(anonymous_12)
FNDA:0,(anonymous_13)
FNDA:0,(anonymous_14)
DA:1,2
DA:4,2
DA:5,2
DA:6,2
DA:9,2
DA:12,1
DA:17,0
DA:20,0
DA:21,0
DA:25,0
DA:27,0
DA:35,0
DA:37,0
DA:38,0
DA:41,0
DA:42,0
DA:46,0
DA:47,0
DA:51,0
DA:56,0
DA:60,0
DA:61,0
DA:63,0
DA:64,0
DA:67,0
DA:72,0
DA:74,0
DA:78,0
DA:85,0
DA:90,0
DA:92,0
DA:96,0
DA:103,0
DA:108,0
LF:34
LH:6
BRDA:17,0,0,0
BRDA:17,0,1,0
BRDA:20,1,0,0
BRDA:20,1,1,0
BRDA:25,2,0,0
BRDA:25,2,1,0
BRDA:37,3,0,0
BRDA:37,3,1,0
BRDA:63,4,0,0
BRDA:63,4,1,0
BRDA:72,5,0,0
BRDA:72,5,1,0
BRDA:81,6,0,0
BRDA:81,6,1,0
BRDA:90,7,0,0
BRDA:90,7,1,0
BRDA:99,8,0,0
BRDA:99,8,1,0
BRDA:12,9,0,2
BRDA:12,9,1,0
BRDA:12,10,0,2
BRDA:12,10,1,2
BRF:22
BRH:3
end_of_record
TN:
SF:src\modules\administrativas\solicitudbecas\dto\create-solicitudbeca.dto.ts
FNF:0
FNH:0
DA:1,1
DA:2,1
DA:4,1
DA:7,1
DA:11,1
DA:15,1
DA:19,1
DA:23,1
DA:27,1
DA:31,1
DA:35,1
DA:39,1
DA:43,1
DA:47,1
DA:51,1
DA:55,1
DA:59,1
DA:63,1
DA:67,1
DA:71,1
DA:75,1
DA:79,1
DA:83,1
LF:23
LH:23
BRDA:83,0,0,0
BRDA:83,0,1,1
BRDA:83,1,0,1
BRDA:83,1,1,1
BRF:4
BRH:3
end_of_record
TN:
SF:src\modules\administrativas\solicitudbecas\dto\update-solicitudbeca.dto.ts
FNF:0
FNH:0
DA:1,1
DA:2,1
DA:4,1
LF:3
LH:3
BRF:0
BRH:0
end_of_record
TN:
SF:src\modules\administrativas\solicitudbecas\schemas\solicitudbeca.schema.ts
FN:6,(anonymous_2)
FNF:1
FNH:1
FNDA:2,(anonymous_2)
DA:1,2
DA:2,2
DA:6,2
DA:7,2
DA:8,2
DA:9,2
DA:13,2
DA:15,2
DA:18,2
DA:21,2
DA:24,2
DA:27,2
DA:30,2
DA:33,2
DA:36,2
DA:39,2
DA:42,2
DA:45,2
DA:48,2
DA:51,2
DA:54,2
DA:57,2
DA:60,2
DA:63,2
DA:66,2
DA:69,2
DA:72,2
DA:75,2
DA:78,2
LF:29
LH:29
BRDA:6,0,0,2
BRDA:6,0,1,2
BRF:2
BRH:2
end_of_record
TN:
SF:src\modules\administrativas\solicitudes\solicitudes.controller.ts
FN:16,(anonymous_4)
FN:19,(anonymous_5)
FN:24,(anonymous_6)
FN:31,(anonymous_7)
FN:42,(anonymous_8)
FN:52,(anonymous_9)
FN:61,(anonymous_10)
FN:68,(anonymous_11)
FN:92,(anonymous_12)
FN:97,(anonymous_13)
FN:105,(anonymous_14)
FN:110,(anonymous_15)
FNF:12
FNH:2
FNDA:1,(anonymous_4)
FNDA:0,(anonymous_5)
FNDA:0,(anonymous_6)
FNDA:0,(anonymous_7)
FNDA:0,(anonymous_8)
FNDA:0,(anonymous_9)
FNDA:0,(anonymous_10)
FNDA:0,(anonymous_11)
FNDA:0,(anonymous_12)
FNDA:1,(anonymous_13)
FNDA:0,(anonymous_14)
FNDA:0,(anonymous_15)
DA:1,1
DA:2,1
DA:3,1
DA:4,1
DA:5,1
DA:6,1
DA:8,1
DA:15,1
DA:16,1
DA:19,1
DA:20,0
DA:24,1
DA:25,0
DA:31,1
DA:32,0
DA:33,0
DA:35,0
DA:36,0
DA:42,1
DA:45,0
DA:46,0
DA:52,1
DA:55,0
DA:56,0
DA:61,1
DA:62,0
DA:68,1
DA:73,0
DA:74,0
DA:78,0
DA:79,0
DA:83,0
DA:92,1
DA:93,0
DA:97,1
DA:101,1
DA:105,1
DA:106,0
DA:110,1
DA:111,0
LF:40
LH:21
BRDA:32,0,0,0
BRDA:32,0,1,0
BRDA:32,1,0,0
BRDA:32,1,1,0
BRDA:73,2,0,0
BRDA:73,2,1,0
BRDA:73,3,0,0
BRDA:73,3,1,0
BRDA:73,3,2,0
BRDA:78,4,0,0
BRDA:78,4,1,0
BRDA:78,5,0,0
BRDA:78,5,1,0
BRDA:19,6,0,1
BRDA:19,6,1,0
BRDA:19,7,0,1
BRDA:19,7,1,1
BRDA:31,8,0,1
BRDA:31,8,1,0
BRDA:31,9,0,1
BRDA:31,9,1,1
BRDA:44,10,0,1
BRDA:44,10,1,0
BRDA:44,11,0,1
BRDA:44,11,1,1
BRDA:54,12,0,1
BRDA:54,12,1,0
BRDA:54,13,0,1
BRDA:54,13,1,1
BRDA:61,14,0,1
BRDA:61,14,1,0
BRDA:61,15,0,1
BRDA:61,15,1,1
BRDA:72,16,0,1
BRDA:72,16,1,0
BRDA:72,17,0,1
BRDA:72,17,1,1
BRDA:99,18,0,1
BRDA:99,18,1,0
BRDA:99,19,0,1
BRDA:99,19,1,1
BRDA:100,20,0,1
BRDA:100,20,1,0
BRDA:100,21,0,1
BRDA:100,21,1,1
BRDA:105,22,0,1
BRDA:105,22,1,0
BRDA:105,23,0,1
BRDA:105,23,1,1
BRDA:16,24,0,1
BRDA:16,24,1,0
BRDA:16,25,0,1
BRDA:16,25,1,1
BRF:53
BRH:30
end_of_record
TN:
SF:src\modules\administrativas\solicitudes\solicitudes.module.ts
FNF:0
FNH:0
DA:1,0
DA:2,0
DA:3,0
DA:4,0
DA:5,0
DA:6,0
DA:7,0
DA:8,0
DA:9,0
DA:10,0
DA:11,0
DA:29,0
LF:12
LH:0
BRF:0
BRH:0
end_of_record
TN:
SF:src\modules\administrativas\solicitudes\solicitudes.service.ts
FN:17,(anonymous_4)
FN:25,(anonymous_5)
FN:30,(anonymous_6)
FN:36,(anonymous_7)
FN:43,(anonymous_8)
FN:56,(anonymous_9)
FN:68,(anonymous_10)
FN:91,(anonymous_11)
FN:102,(anonymous_12)
FN:111,(anonymous_13)
FN:135,(anonymous_14)
FN:213,(anonymous_15)
FNF:12
FNH:3
FNDA:6,(anonymous_4)
FNDA:0,(anonymous_5)
FNDA:0,(anonymous_6)
FNDA:6,(anonymous_7)
FNDA:0,(anonymous_8)
FNDA:0,(anonymous_9)
FNDA:0,(anonymous_10)
FNDA:0,(anonymous_11)
FNDA:0,(anonymous_12)
FNDA:0,(anonymous_13)
FNDA:6,(anonymous_14)
FNDA:0,(anonymous_15)
DA:1,6
DA:4,6
DA:5,6
DA:6,6
DA:7,6
DA:8,6
DA:10,6
DA:14,6
DA:15,6
DA:19,6
DA:21,6
DA:22,6
DA:26,0
DA:27,0
DA:31,0
DA:37,6
DA:44,0
DA:45,0
DA:46,0
DA:48,0
DA:52,0
DA:57,0
DA:70,0
DA:71,0
DA:82,0
DA:84,0
DA:85,0
DA:86,0
DA:92,0
DA:103,0
DA:113,0
DA:114,0
DA:117,0
DA:118,0
DA:122,0
DA:125,0
DA:139,6
DA:141,6
DA:142,1
DA:145,5
DA:146,1
DA:155,4
DA:162,4
DA:163,1
DA:168,3
DA:169,3
DA:170,3
DA:171,3
DA:173,3
DA:174,3
DA:176,3
DA:177,1
DA:186,2
DA:187,2
DA:193,1
DA:198,1
DA:199,1
DA:203,1
DA:214,0
DA:216,0
DA:217,0
DA:221,0
DA:223,0
DA:224,0
LF:64
LH:35
BRDA:45,0,0,0
BRDA:45,0,1,0
BRDA:122,1,0,0
BRDA:122,1,1,0
BRDA:141,2,0,1
BRDA:141,2,1,5
BRDA:145,3,0,1
BRDA:145,3,1,4
BRDA:162,4,0,1
BRDA:162,4,1,3
BRDA:176,5,0,1
BRDA:176,5,1,2
BRDA:190,6,0,2
BRDA:190,6,1,0
BRDA:198,7,0,1
BRDA:198,7,1,0
BRDA:216,8,0,0
BRDA:216,8,1,0
BRDA:19,9,0,6
BRDA:19,9,1,0
BRDA:19,10,0,6
BRDA:19,10,1,6
BRDA:19,11,0,6
BRDA:19,11,1,0
BRDA:19,12,0,6
BRDA:19,12,1,6
BRDA:21,13,0,6
BRDA:21,13,1,0
BRDA:21,14,0,6
BRDA:21,14,1,6
BRF:30
BRH:19
end_of_record
TN:
SF:src\modules\administrativas\solicitudes\constants\solicitud-estado.constants.ts
FN:1,(anonymous_0)
FNF:1
FNH:1
FNDA:6,(anonymous_0)
DA:1,6
DA:2,6
DA:3,6
LF:3
LH:3
BRDA:1,0,0,6
BRDA:1,0,1,6
BRF:2
BRH:2
end_of_record
TN:
SF:src\modules\administrativas\solicitudes\dto\create-solicitud.dto.ts
FNF:0
FNH:0
DA:1,1
DA:10,1
DA:13,1
DA:17,1
DA:21,1
DA:25,1
DA:29,1
DA:33,1
DA:37,1
DA:41,1
DA:45,1
DA:49,1
DA:53,1
DA:57,1
DA:61,1
DA:65,1
DA:69,1
DA:73,1
LF:18
LH:18
BRDA:45,0,0,1
BRDA:45,0,1,0
BRDA:45,1,0,1
BRDA:45,1,1,1
BRF:4
BRH:3
end_of_record
TN:
SF:src\modules\administrativas\solicitudes\dto\reject-solicitud.dto.ts
FNF:0
FNH:0
DA:1,2
DA:3,2
DA:8,2
LF:3
LH:3
BRF:0
BRH:0
end_of_record
TN:
SF:src\modules\administrativas\solicitudes\dto\update-solicitud.dto.ts
FNF:0
FNH:0
DA:1,1
DA:2,1
DA:4,1
LF:3
LH:3
BRF:0
BRH:0
end_of_record
TN:
SF:src\modules\administrativas\solicitudes\entities\solicitud.entity.ts
FN:73,(anonymous_2)
FN:73,(anonymous_3)
FN:77,(anonymous_4)
FN:81,(anonymous_5)
FN:85,(anonymous_6)
FN:89,(anonymous_7)
FN:89,(anonymous_8)
FNF:7
FNH:0
FNDA:0,(anonymous_2)
FNDA:0,(anonymous_3)
FNDA:0,(anonymous_4)
FNDA:0,(anonymous_5)
FNDA:0,(anonymous_6)
FNDA:0,(anonymous_7)
FNDA:0,(anonymous_8)
DA:1,61
DA:2,61
DA:3,61
DA:4,61
DA:5,61
DA:6,61
DA:17,61
DA:19,61
DA:22,61
DA:25,61
DA:28,61
DA:31,61
DA:34,61
DA:37,61
DA:40,61
DA:43,61
DA:46,61
DA:49,61
DA:52,61
DA:55,61
DA:58,61
DA:61,61
DA:64,61
DA:67,61
DA:70,61
DA:73,0
DA:75,61
DA:77,0
DA:79,61
DA:81,0
DA:83,61
DA:85,0
DA:87,61
DA:89,0
DA:91,61
LF:35
LH:30
BRDA:43,0,0,61
BRDA:43,0,1,0
BRDA:43,1,0,61
BRDA:43,1,1,61
BRDA:67,2,0,61
BRDA:67,2,1,0
BRDA:67,3,0,61
BRDA:67,3,1,61
BRDA:70,4,0,61
BRDA:70,4,1,0
BRDA:70,5,0,61
BRDA:70,5,1,61
BRDA:75,6,0,14
BRDA:75,6,1,47
BRDA:75,7,0,61
BRDA:75,7,1,14
BRDA:79,8,0,61
BRDA:79,8,1,0
BRDA:79,9,0,61
BRDA:79,9,1,61
BRDA:83,10,0,61
BRDA:83,10,1,0
BRDA:83,11,0,61
BRDA:83,11,1,61
BRDA:87,12,0,61
BRDA:87,12,1,0
BRDA:87,13,0,61
BRDA:87,13,1,61
BRDA:91,14,0,58
BRDA:91,14,1,3
BRDA:91,15,0,61
BRDA:91,15,1,58
BRF:32
BRH:26
end_of_record
TN:
SF:src\modules\administrativas\tipossolicitud\tipossolicitud.controller.ts
FN:13,(anonymous_4)
FN:16,(anonymous_5)
FN:21,(anonymous_6)
FN:26,(anonymous_7)
FN:31,(anonymous_8)
FN:36,(anonymous_9)
FNF:6
FNH:1
FNDA:1,(anonymous_4)
FNDA:0,(anonymous_5)
FNDA:0,(anonymous_6)
FNDA:0,(anonymous_7)
FNDA:0,(anonymous_8)
FNDA:0,(anonymous_9)
DA:1,1
DA:2,1
DA:3,1
DA:4,1
DA:5,1
DA:7,1
DA:12,1
DA:13,1
DA:16,1
DA:17,0
DA:21,1
DA:22,0
DA:26,1
DA:27,0
DA:31,1
DA:32,0
DA:36,1
DA:37,0
LF:18
LH:13
BRDA:16,0,0,1
BRDA:16,0,1,0
BRDA:16,1,0,1
BRDA:16,1,1,1
BRDA:31,2,0,1
BRDA:31,2,1,0
BRDA:31,3,0,1
BRDA:31,3,1,1
BRDA:13,4,0,1
BRDA:13,4,1,0
BRDA:13,5,0,1
BRDA:13,5,1,1
BRF:12
BRH:9
end_of_record
TN:
SF:src\modules\administrativas\tipossolicitud\tipossolicitud.module.ts
FNF:0
FNH:0
DA:1,0
DA:2,0
DA:3,0
DA:4,0
DA:5,0
DA:12,0
LF:6
LH:0
BRF:0
BRH:0
end_of_record
TN:
SF:src\modules\administrativas\tipossolicitud\tipossolicitud.service.ts
FN:10,(anonymous_4)
FN:14,(anonymous_5)
FN:18,(anonymous_6)
FN:25,(anonymous_7)
FN:31,(anonymous_8)
FN:42,(anonymous_9)
FNF:6
FNH:1
FNDA:1,(anonymous_4)
FNDA:0,(anonymous_5)
FNDA:0,(anonymous_6)
FNDA:0,(anonymous_7)
FNDA:0,(anonymous_8)
FNDA:0,(anonymous_9)
DA:1,2
DA:4,2
DA:5,2
DA:6,2
DA:9,2
DA:12,1
DA:15,0
DA:16,0
DA:19,0
DA:26,0
DA:32,0
DA:35,0
DA:36,0
DA:38,0
DA:39,0
DA:43,0
DA:44,0
DA:45,0
DA:47,0
DA:48,0
LF:20
LH:6
BRDA:35,0,0,0
BRDA:35,0,1,0
BRDA:44,1,0,0
BRDA:44,1,1,0
BRDA:12,2,0,2
BRDA:12,2,1,0
BRDA:12,3,0,2
BRDA:12,3,1,2
BRF:8
BRH:3
end_of_record
TN:
SF:src\modules\administrativas\tipossolicitud\dto\create-tipossolicitud.dto.ts
FNF:0
FNH:0
DA:1,1
DA:3,1
DA:6,1
DA:10,1
LF:4
LH:4
BRF:0
BRH:0
end_of_record
TN:
SF:src\modules\administrativas\tipossolicitud\dto\update-tipossolicitud.dto.ts
FNF:0
FNH:0
DA:1,1
DA:2,1
DA:4,1
LF:3
LH:3
BRF:0
BRH:0
end_of_record
TN:
SF:src\modules\administrativas\tipossolicitud\entities\tipossolicitud.entity.ts
FNF:0
FNH:0
DA:1,63
DA:4,63
DA:6,63
DA:9,63
DA:12,63
LF:5
LH:5
BRF:0
BRH:0
end_of_record
TN:
SF:src\modules\authentication\auth\auth.controller.ts
FN:10,(anonymous_4)
FN:13,(anonymous_5)
FN:20,(anonymous_6)
FN:33,(anonymous_7)
FN:41,(anonymous_8)
FNF:5
FNH:0
FNDA:0,(anonymous_4)
FNDA:0,(anonymous_5)
FNDA:0,(anonymous_6)
FNDA:0,(anonymous_7)
FNDA:0,(anonymous_8)
DA:1,0
DA:2,0
DA:3,0
DA:4,0
DA:5,0
DA:6,0
DA:9,0
DA:10,0
DA:13,0
DA:14,0
DA:15,0
DA:20,0
DA:21,0
DA:22,0
DA:33,0
DA:34,0
DA:35,0
DA:41,0
DA:42,0
LF:19
LH:0
BRDA:13,0,0,0
BRDA:13,0,1,0
BRDA:13,1,0,0
BRDA:13,1,1,0
BRDA:20,2,0,0
BRDA:20,2,1,0
BRDA:20,3,0,0
BRDA:20,3,1,0
BRDA:10,4,0,0
BRDA:10,4,1,0
BRDA:10,5,0,0
BRDA:10,5,1,0
BRF:12
BRH:0
end_of_record
TN:
SF:src\modules\authentication\auth\auth.module.ts
FN:26,(anonymous_1)
FNF:1
FNH:0
FNDA:0,(anonymous_1)
DA:1,0
DA:2,0
DA:3,0
DA:4,0
DA:5,0
DA:6,0
DA:7,0
DA:8,0
DA:9,0
DA:10,0
DA:11,0
DA:12,0
DA:13,0
DA:14,0
DA:26,0
DA:49,0
LF:16
LH:0
BRDA:29,0,0,0
BRDA:29,0,1,0
BRF:2
BRH:0
end_of_record
TN:
SF:src\modules\authentication\auth\auth.service.ts
FN:11,(anonymous_11)
FN:18,(anonymous_12)
FN:19,(anonymous_13)
FN:50,(anonymous_14)
FN:63,(anonymous_15)
FN:71,(anonymous_16)
FN:85,(anonymous_17)
FN:91,(anonymous_18)
FNF:8
FNH:4
FNDA:7,(anonymous_11)
FNDA:6,(anonymous_12)
FNDA:6,(anonymous_13)
FNDA:0,(anonymous_14)
FNDA:0,(anonymous_15)
FNDA:0,(anonymous_16)
FNDA:0,(anonymous_17)
FNDA:2,(anonymous_18)
DA:1,1
DA:2,1
DA:3,1
DA:4,1
DA:5,1
DA:6,1
DA:7,1
DA:10,1
DA:12,7
DA:13,7
DA:14,7
DA:15,7
DA:19,6
DA:20,6
DA:21,6
DA:22,1
DA:25,5
DA:26,4
DA:27,1
DA:30,3
DA:32,3
DA:33,1
DA:36,2
DA:37,1
DA:40,1
DA:41,1
DA:42,1
DA:45,1
DA:46,1
DA:51,0
DA:52,0
DA:53,0
DA:55,0
DA:56,0
DA:57,0
DA:59,0
DA:60,0
DA:64,0
DA:65,0
DA:72,0
DA:73,0
DA:74,0
DA:81,0
DA:82,0
DA:86,0
DA:92,2
DA:93,2
DA:94,2
LF:48
LH:32
BRDA:21,0,0,1
BRDA:21,0,1,5
BRDA:25,1,0,4
BRDA:25,1,1,1
BRDA:26,2,0,1
BRDA:26,2,1,3
BRDA:32,3,0,1
BRDA:32,3,1,2
BRDA:36,4,0,1
BRDA:36,4,1,1
BRDA:52,5,0,0
BRDA:52,5,1,0
BRDA:52,6,0,0
BRDA:52,6,1,0
BRDA:56,7,0,0
BRDA:56,7,1,0
BRDA:73,8,0,0
BRDA:73,8,1,0
BRDA:12,9,0,1
BRDA:12,9,1,0
BRDA:12,10,0,1
BRDA:12,10,1,1
BRDA:12,11,0,1
BRDA:12,11,1,0
BRDA:12,12,0,1
BRDA:12,12,1,1
BRDA:13,13,0,1
BRDA:13,13,1,0
BRDA:13,14,0,1
BRDA:13,14,1,1
BRDA:14,15,0,1
BRDA:14,15,1,0
BRDA:14,16,0,1
BRDA:14,16,1,1
BRF:34
BRH:22
end_of_record
TN:
SF:src\modules\authentication\auth\roles.service.ts
FN:8,(anonymous_4)
FN:14,(anonymous_5)
FN:34,(anonymous_6)
FNF:3
FNH:0
FNDA:0,(anonymous_4)
FNDA:0,(anonymous_5)
FNDA:0,(anonymous_6)
DA:1,2
DA:2,2
DA:3,2
DA:7,2
DA:9,0
DA:10,0
DA:15,0
DA:18,0
DA:19,0
DA:20,0
DA:23,0
DA:31,0
DA:34,0
DA:37,0
DA:39,0
LF:15
LH:4
BRDA:19,0,0,0
BRDA:19,0,1,0
BRDA:9,1,0,2
BRDA:9,1,1,0
BRDA:9,2,0,2
BRDA:9,2,1,2
BRF:6
BRH:3
end_of_record
TN:
SF:src\modules\authentication\auth\decorators\permissions.decorator.ts
FN:7,(anonymous_0)
FNF:1
FNH:1
FNDA:7,(anonymous_0)
DA:1,2
DA:4,2
DA:7,2
DA:8,7
LF:4
LH:4
BRF:0
BRH:0
end_of_record
TN:
SF:src\modules\authentication\auth\dto\login.dto.ts
FNF:0
FNH:0
DA:1,0
DA:3,0
DA:5,0
DA:8,0
LF:4
LH:0
BRF:0
BRH:0
end_of_record
TN:
SF:src\modules\authentication\auth\dto\register.dto.ts
FN:15,(anonymous_2)
FNF:1
FNH:0
FNDA:0,(anonymous_2)
DA:1,0
DA:2,0
DA:4,0
DA:6,0
DA:10,0
DA:13,0
DA:15,0
DA:18,0
LF:8
LH:0
BRDA:13,0,0,0
BRDA:13,0,1,0
BRDA:13,1,0,0
BRDA:13,1,1,0
BRDA:15,2,0,0
BRDA:15,2,1,0
BRF:6
BRH:0
end_of_record
TN:
SF:src\modules\authentication\auth\guards\api-key.guard.ts
FN:6,(anonymous_1)
FNF:1
FNH:0
FNDA:0,(anonymous_1)
DA:2,39
DA:5,39
DA:7,0
DA:8,0
DA:10,0
DA:11,0
DA:13,0
LF:7
LH:2
BRDA:10,0,0,0
BRDA:10,0,1,0
BRDA:10,1,0,0
BRDA:10,1,1,0
BRF:4
BRH:0
end_of_record
TN:
SF:src\modules\authentication\auth\guards\jwt-auth.guard.ts
FN:9,(anonymous_1)
FNF:1
FNH:0
FNDA:0,(anonymous_1)
DA:1,1
DA:2,1
DA:5,1
DA:12,0
DA:15,0
DA:16,0
DA:20,0
DA:25,0
LF:8
LH:3
BRDA:12,0,0,0
BRDA:12,0,1,0
BRDA:12,1,0,0
BRDA:12,1,1,0
BRDA:15,2,0,0
BRDA:15,2,1,0
BRDA:15,3,0,0
BRDA:15,3,1,0
BRF:8
BRH:0
end_of_record
TN:
SF:src\modules\authentication\auth\guards\permissions.guard.ts
FN:8,(anonymous_2)
FN:13,(anonymous_3)
FN:38,(anonymous_4)
FNF:3
FNH:1
FNDA:1,(anonymous_2)
FNDA:0,(anonymous_3)
FNDA:0,(anonymous_4)
DA:1,2
DA:2,2
DA:3,2
DA:4,2
DA:7,2
DA:9,1
DA:10,1
DA:14,0
DA:19,0
DA:20,0
DA:23,0
DA:24,0
DA:26,0
DA:27,0
DA:30,0
DA:31,0
DA:35,0
DA:38,0
DA:40,0
DA:41,0
DA:44,0
LF:21
LH:7
BRDA:19,0,0,0
BRDA:19,0,1,0
BRDA:26,1,0,0
BRDA:26,1,1,0
BRDA:30,2,0,0
BRDA:30,2,1,0
BRDA:40,3,0,0
BRDA:40,3,1,0
BRDA:9,4,0,2
BRDA:9,4,1,0
BRDA:9,5,0,2
BRDA:9,5,1,2
BRDA:9,6,0,2
BRDA:9,6,1,0
BRDA:9,7,0,2
BRDA:9,7,1,2
BRF:16
BRH:6
end_of_record
TN:
SF:src\modules\authentication\auth\strategies\jwt.strategy.ts
FN:10,(anonymous_2)
FN:18,(anonymous_3)
FNF:2
FNH:0
FNDA:0,(anonymous_2)
FNDA:0,(anonymous_3)
DA:1,0
DA:2,0
DA:3,0
DA:4,0
DA:5,0
DA:6,0
DA:9,0
DA:10,0
DA:11,0
DA:20,0
DA:21,0
DA:22,0
DA:24,0
LF:13
LH:0
BRDA:21,0,0,0
BRDA:21,0,1,0
BRDA:10,1,0,0
BRDA:10,1,1,0
BRDA:10,2,0,0
BRDA:10,2,1,0
BRF:6
BRH:0
end_of_record
TN:
SF:src\modules\authentication\rol_permisos\rol_permisos.controller.ts
FN:15,(anonymous_4)
FN:19,(anonymous_5)
FN:24,(anonymous_6)
FN:29,(anonymous_7)
FN:34,(anonymous_8)
FN:40,(anonymous_9)
FN:46,(anonymous_10)
FNF:7
FNH:6
FNDA:6,(anonymous_4)
FNDA:1,(anonymous_5)
FNDA:1,(anonymous_6)
FNDA:0,(anonymous_7)
FNDA:1,(anonymous_8)
FNDA:1,(anonymous_9)
FNDA:1,(anonymous_10)
DA:1,1
DA:2,1
DA:3,1
DA:4,1
DA:5,1
DA:6,1
DA:7,1
DA:8,1
DA:9,1
DA:14,1
DA:15,6
DA:19,1
DA:20,1
DA:24,1
DA:25,1
DA:29,1
DA:30,0
DA:34,1
DA:35,1
DA:40,1
DA:41,1
DA:46,1
DA:47,1
LF:23
LH:22
BRDA:19,0,0,1
BRDA:19,0,1,0
BRDA:19,1,0,1
BRDA:19,1,1,1
BRDA:29,2,0,0
BRDA:29,2,1,1
BRDA:29,3,0,1
BRDA:29,3,1,1
BRDA:40,4,0,1
BRDA:40,4,1,0
BRDA:40,5,0,1
BRDA:40,5,1,1
BRDA:15,6,0,1
BRDA:15,6,1,0
BRDA:15,7,0,1
BRDA:15,7,1,1
BRF:16
BRH:12
end_of_record
TN:
SF:src\modules\authentication\rol_permisos\rol_permisos.module.ts
FNF:0
FNH:0
DA:1,0
DA:2,0
DA:3,0
DA:4,0
DA:5,0
DA:6,0
DA:16,0
LF:7
LH:0
BRF:0
BRH:0
end_of_record
TN:
SF:src\modules\authentication\rol_permisos\rol_permisos.service.ts
FN:11,(anonymous_4)
FN:16,(anonymous_5)
FN:21,(anonymous_6)
FN:27,(anonymous_7)
FN:34,(anonymous_8)
FN:47,(anonymous_9)
FN:53,(anonymous_10)
FNF:7
FNH:6
FNDA:7,(anonymous_4)
FNDA:1,(anonymous_5)
FNDA:1,(anonymous_6)
FNDA:0,(anonymous_7)
FNDA:4,(anonymous_8)
FNDA:1,(anonymous_9)
FNDA:1,(anonymous_10)
DA:1,2
DA:2,2
DA:3,2
DA:6,2
DA:10,2
DA:13,7
DA:17,1
DA:18,1
DA:22,1
DA:28,0
DA:35,4
DA:40,4
DA:41,1
DA:44,3
DA:48,1
DA:49,1
DA:50,1
DA:54,1
DA:55,1
LF:19
LH:18
BRDA:40,0,0,1
BRDA:40,0,1,3
BRDA:13,1,0,2
BRDA:13,1,1,0
BRDA:13,2,0,2
BRDA:13,2,1,2
BRF:6
BRH:5
end_of_record
TN:
SF:src\modules\authentication\rol_permisos\dto\create-rol_permiso.dto.ts
FNF:0
FNH:0
DA:1,1
DA:2,1
DA:4,1
DA:7,1
DA:11,1
DA:15,1
LF:6
LH:6
BRDA:7,0,0,0
BRDA:7,0,1,1
BRDA:7,1,0,1
BRDA:7,1,1,1
BRF:4
BRH:3
end_of_record
TN:
SF:src\modules\authentication\rol_permisos\dto\update-rol_permiso.dto.ts
FNF:0
FNH:0
DA:1,1
DA:2,1
DA:4,1
LF:3
LH:3
BRF:0
BRH:0
end_of_record
TN:
SF:src\modules\authentication\rol_permisos\entities\rol_permiso.entity.ts
FN:34,(anonymous_2)
FNF:1
FNH:0
FNDA:0,(anonymous_2)
DA:1,2
DA:2,2
DA:5,2
DA:7,2
DA:10,2
DA:13,2
DA:18,2
DA:20,2
DA:26,2
DA:29,2
DA:32,2
DA:34,0
DA:36,2
LF:13
LH:12
BRDA:26,0,0,0
BRDA:26,0,1,2
BRDA:26,1,0,2
BRDA:26,1,1,2
BRF:4
BRH:3
end_of_record
TN:
SF:src\modules\authentication\usuarios\usuarios.controller.ts
FN:15,(anonymous_4)
FN:19,(anonymous_5)
FN:25,(anonymous_6)
FN:30,(anonymous_7)
FN:36,(anonymous_8)
FN:41,(anonymous_9)
FN:47,(anonymous_10)
FNF:7
FNH:1
FNDA:1,(anonymous_4)
FNDA:0,(anonymous_5)
FNDA:0,(anonymous_6)
FNDA:0,(anonymous_7)
FNDA:0,(anonymous_8)
FNDA:0,(anonymous_9)
FNDA:0,(anonymous_10)
DA:1,1
DA:2,1
DA:3,1
DA:4,1
DA:6,1
DA:7,1
DA:8,1
DA:9,1
DA:10,1
DA:14,1
DA:15,1
DA:19,1
DA:20,0
DA:25,1
DA:26,0
DA:30,1
DA:31,0
DA:36,1
DA:37,0
DA:41,1
DA:42,0
DA:47,1
DA:48,0
LF:23
LH:17
BRDA:19,0,0,1
BRDA:19,0,1,0
BRDA:19,1,0,1
BRDA:19,1,1,1
BRDA:36,2,0,1
BRDA:36,2,1,0
BRDA:36,3,0,1
BRDA:36,3,1,1
BRDA:41,4,0,1
BRDA:41,4,1,0
BRDA:41,5,0,1
BRDA:41,5,1,1
BRDA:15,6,0,1
BRDA:15,6,1,0
BRDA:15,7,0,1
BRDA:15,7,1,1
BRF:16
BRH:12
end_of_record
TN:
SF:src\modules\authentication\usuarios\usuarios.module.ts
FNF:0
FNH:0
DA:1,0
DA:2,0
DA:3,0
DA:4,0
DA:5,0
DA:6,0
DA:7,0
DA:8,0
DA:18,0
LF:9
LH:0
BRF:0
BRH:0
end_of_record
TN:
SF:src\modules\authentication\usuarios\usuarios.service.ts
FN:11,(anonymous_13)
FN:15,(anonymous_14)
FN:19,(anonymous_15)
FN:24,(anonymous_16)
FN:37,(anonymous_17)
FN:47,(anonymous_18)
FN:51,(anonymous_19)
FN:58,(anonymous_20)
FN:62,(anonymous_21)
FN:67,(anonymous_22)
FNF:10
FNH:1
FNDA:1,(anonymous_13)
FNDA:0,(anonymous_14)
FNDA:0,(anonymous_15)
FNDA:0,(anonymous_16)
FNDA:0,(anonymous_17)
FNDA:0,(anonymous_18)
FNDA:0,(anonymous_19)
FNDA:0,(anonymous_20)
FNDA:0,(anonymous_21)
FNDA:0,(anonymous_22)
DA:1,3
DA:4,3
DA:5,3
DA:6,3
DA:7,3
DA:10,3
DA:13,1
DA:16,0
DA:20,0
DA:21,0
DA:25,0
DA:26,0
DA:27,0
DA:28,0
DA:34,0
DA:38,0
DA:44,0
DA:48,0
DA:52,0
DA:59,0
DA:63,0
DA:64,0
DA:68,0
LF:23
LH:7
BRDA:16,0,0,0
BRDA:16,0,1,0
BRDA:13,1,0,3
BRDA:13,1,1,0
BRDA:13,2,0,3
BRDA:13,2,1,3
BRF:6
BRH:3
end_of_record
TN:
SF:src\modules\authentication\usuarios\dto\create-usuario.dto.ts
FNF:0
FNH:0
DA:1,1
DA:3,1
DA:5,1
DA:7,1
DA:11,1
DA:14,1
LF:6
LH:6
BRDA:14,0,0,0
BRDA:14,0,1,1
BRDA:14,1,0,1
BRDA:14,1,1,1
BRF:4
BRH:3
end_of_record
TN:
SF:src\modules\authentication\usuarios\dto\update-usuario.dto.ts
FNF:0
FNH:0
DA:1,1
DA:2,1
DA:4,1
LF:3
LH:3
BRF:0
BRH:0
end_of_record
TN:
SF:src\modules\authentication\usuarios\entities\usuario.entity.ts
FN:7,(anonymous_2)
FN:44,(anonymous_3)
FN:44,(anonymous_4)
FN:47,(anonymous_5)
FN:47,(anonymous_6)
FNF:5
FNH:1
FNDA:61,(anonymous_2)
FNDA:0,(anonymous_3)
FNDA:0,(anonymous_4)
FNDA:0,(anonymous_5)
FNDA:0,(anonymous_6)
DA:1,61
DA:2,61
DA:3,61
DA:7,61
DA:8,61
DA:9,61
DA:10,61
DA:11,61
DA:12,61
DA:16,61
DA:18,61
DA:21,61
DA:24,61
DA:27,61
DA:30,61
DA:33,61
DA:36,61
DA:39,61
DA:42,61
DA:44,0
DA:45,61
DA:47,0
DA:48,61
LF:23
LH:21
BRDA:7,0,0,61
BRDA:7,0,1,61
BRDA:39,1,0,61
BRDA:39,1,1,0
BRDA:39,2,0,61
BRDA:39,2,1,61
BRDA:42,3,0,61
BRDA:42,3,1,0
BRDA:42,4,0,61
BRDA:42,4,1,61
BRDA:45,5,0,36
BRDA:45,5,1,25
BRDA:45,6,0,61
BRDA:45,6,1,36
BRDA:48,7,0,30
BRDA:48,7,1,31
BRDA:48,8,0,61
BRDA:48,8,1,30
BRF:18
BRH:16
end_of_record
TN:
SF:src\modules\auxiliares\escuelas\escuelas.controller.ts
FN:14,(anonymous_4)
FN:17,(anonymous_5)
FN:22,(anonymous_6)
FN:27,(anonymous_7)
FN:32,(anonymous_8)
FN:37,(anonymous_9)
FNF:6
FNH:1
FNDA:1,(anonymous_4)
FNDA:0,(anonymous_5)
FNDA:0,(anonymous_6)
FNDA:0,(anonymous_7)
FNDA:0,(anonymous_8)
FNDA:0,(anonymous_9)
DA:1,1
DA:2,1
DA:3,1
DA:4,1
DA:6,1
DA:8,1
DA:13,1
DA:14,1
DA:17,1
DA:18,0
DA:22,1
DA:23,0
DA:27,1
DA:28,0
DA:32,1
DA:33,0
DA:37,1
DA:38,0
LF:18
LH:13
BRDA:17,0,0,1
BRDA:17,0,1,0
BRDA:17,1,0,1
BRDA:17,1,1,1
BRDA:17,2,0,1
BRDA:17,2,1,0
BRDA:17,3,0,1
BRDA:17,3,1,1
BRDA:22,4,0,1
BRDA:22,4,1,0
BRDA:22,5,0,1
BRDA:22,5,1,1
BRDA:27,6,0,1
BRDA:27,6,1,0
BRDA:27,7,0,1
BRDA:27,7,1,1
BRDA:32,8,0,1
BRDA:32,8,1,0
BRDA:32,9,0,1
BRDA:32,9,1,1
BRDA:14,10,0,1
BRDA:14,10,1,0
BRDA:14,11,0,1
BRDA:14,11,1,1
BRF:24
BRH:18
end_of_record
TN:
SF:src\modules\auxiliares\escuelas\escuelas.module.ts
FNF:0
FNH:0
DA:1,0
DA:2,0
DA:3,0
DA:4,0
DA:5,0
DA:6,0
DA:13,0
LF:7
LH:0
BRF:0
BRH:0
end_of_record
TN:
SF:src\modules\auxiliares\escuelas\escuelas.service.ts
FN:10,(anonymous_4)
FN:14,(anonymous_5)
FN:17,(anonymous_6)
FN:22,(anonymous_7)
FN:31,(anonymous_8)
FN:46,(anonymous_9)
FNF:6
FNH:1
FNDA:1,(anonymous_4)
FNDA:0,(anonymous_5)
FNDA:0,(anonymous_6)
FNDA:0,(anonymous_7)
FNDA:0,(anonymous_8)
FNDA:0,(anonymous_9)
DA:1,2
DA:4,2
DA:5,2
DA:6,2
DA:9,2
DA:12,1
DA:15,0
DA:18,0
DA:23,0
DA:32,0
DA:35,0
DA:36,0
DA:38,0
DA:39,0
DA:47,0
LF:15
LH:6
BRDA:35,0,0,0
BRDA:35,0,1,0
BRDA:12,1,0,2
BRDA:12,1,1,0
BRDA:12,2,0,2
BRDA:12,2,1,2
BRF:6
BRH:3
end_of_record
TN:
SF:src\modules\auxiliares\escuelas\dto\create-escuela.dto.ts
FNF:0
FNH:0
DA:1,1
DA:3,1
DA:6,1
DA:10,1
LF:4
LH:4
BRF:0
BRH:0
end_of_record
TN:
SF:src\modules\auxiliares\escuelas\dto\update-escuela.dto.ts
FNF:0
FNH:0
DA:1,1
DA:2,1
DA:3,1
DA:5,1
DA:8,1
DA:12,1
LF:6
LH:6
BRF:0
BRH:0
end_of_record
TN:
SF:src\modules\auxiliares\escuelas\entities\escuela.entity.ts
FN:18,(anonymous_2)
FN:18,(anonymous_3)
FN:23,(anonymous_4)
FN:23,(anonymous_5)
FNF:4
FNH:0
FNDA:0,(anonymous_2)
FNDA:0,(anonymous_3)
FNDA:0,(anonymous_4)
FNDA:0,(anonymous_5)
DA:1,61
DA:3,61
DA:4,61
DA:7,61
DA:9,61
DA:12,61
DA:15,61
DA:18,0
DA:20,61
DA:23,0
DA:24,61
LF:11
LH:9
BRDA:20,0,0,2
BRDA:20,0,1,59
BRDA:20,1,0,61
BRDA:20,1,1,2
BRF:4
BRH:4
end_of_record
TN:
SF:src\modules\auxiliares\estados\estados.controller.ts
FN:14,(anonymous_4)
FN:17,(anonymous_5)
FN:22,(anonymous_6)
FN:27,(anonymous_7)
FN:32,(anonymous_8)
FN:37,(anonymous_9)
FN:42,(anonymous_10)
FNF:7
FNH:1
FNDA:1,(anonymous_4)
FNDA:0,(anonymous_5)
FNDA:0,(anonymous_6)
FNDA:0,(anonymous_7)
FNDA:0,(anonymous_8)
FNDA:0,(anonymous_9)
FNDA:0,(anonymous_10)
DA:1,1
DA:2,1
DA:3,1
DA:4,1
DA:5,1
DA:6,1
DA:8,1
DA:13,1
DA:14,1
DA:17,1
DA:18,0
DA:22,1
DA:23,0
DA:27,1
DA:28,0
DA:32,1
DA:33,0
DA:37,1
DA:38,0
DA:42,1
DA:43,0
LF:21
LH:15
BRDA:17,0,0,1
BRDA:17,0,1,0
BRDA:17,1,0,1
BRDA:17,1,1,1
BRDA:27,2,0,0
BRDA:27,2,1,1
BRDA:27,3,0,1
BRDA:27,3,1,1
BRDA:37,4,0,1
BRDA:37,4,1,0
BRDA:37,5,0,1
BRDA:37,5,1,1
BRDA:14,6,0,1
BRDA:14,6,1,0
BRDA:14,7,0,1
BRDA:14,7,1,1
BRF:16
BRH:12
end_of_record
TN:
SF:src\modules\auxiliares\estados\estados.module.ts
FNF:0
FNH:0
DA:1,0
DA:2,0
DA:3,0
DA:4,0
DA:5,0
DA:12,0
LF:6
LH:0
BRF:0
BRH:0
end_of_record
TN:
SF:src\modules\auxiliares\estados\estados.service.ts
FN:10,(anonymous_4)
FN:14,(anonymous_5)
FN:19,(anonymous_6)
FN:27,(anonymous_7)
FN:38,(anonymous_8)
FN:46,(anonymous_9)
FN:54,(anonymous_10)
FNF:7
FNH:1
FNDA:1,(anonymous_4)
FNDA:0,(anonymous_5)
FNDA:0,(anonymous_6)
FNDA:0,(anonymous_7)
FNDA:0,(anonymous_8)
FNDA:0,(anonymous_9)
FNDA:0,(anonymous_10)
DA:1,2
DA:4,2
DA:5,2
DA:6,2
DA:9,2
DA:12,1
DA:15,0
DA:16,0
DA:20,0
DA:28,0
DA:39,0
DA:47,0
DA:48,0
DA:49,0
DA:51,0
DA:52,0
DA:55,0
DA:56,0
DA:57,0
DA:59,0
DA:60,0
LF:21
LH:6
BRDA:48,0,0,0
BRDA:48,0,1,0
BRDA:56,1,0,0
BRDA:56,1,1,0
BRDA:12,2,0,2
BRDA:12,2,1,0
BRDA:12,3,0,2
BRDA:12,3,1,2
BRF:8
BRH:3
end_of_record
TN:
SF:src\modules\auxiliares\estados\dto\create-estado.dto.ts
FNF:0
FNH:0
DA:1,1
DA:2,1
DA:3,1
DA:5,1
DA:8,1
DA:12,1
LF:6
LH:6
BRDA:12,0,0,0
BRDA:12,0,1,1
BRDA:12,1,0,1
BRDA:12,1,1,1
BRF:4
BRH:3
end_of_record
TN:
SF:src\modules\auxiliares\estados\dto\update-estado.dto.ts
FNF:0
FNH:0
DA:1,1
DA:2,1
DA:4,1
LF:3
LH:3
BRF:0
BRH:0
end_of_record
TN:
SF:src\modules\auxiliares\estados\entities\estado.entity.ts
FN:5,(anonymous_2)
FN:27,(anonymous_3)
FN:27,(anonymous_4)
FNF:3
FNH:1
FNDA:61,(anonymous_2)
FNDA:0,(anonymous_3)
FNDA:0,(anonymous_4)
DA:1,61
DA:2,61
DA:3,61
DA:5,61
DA:6,61
DA:7,61
DA:8,61
DA:12,61
DA:14,61
DA:17,61
DA:24,61
DA:27,0
DA:28,61
LF:13
LH:12
BRDA:5,0,0,61
BRDA:5,0,1,61
BRF:2
BRH:2
end_of_record
TN:
SF:src\modules\auxiliares\facultades\facultades.controller.ts
FN:13,(anonymous_4)
FN:16,(anonymous_5)
FN:21,(anonymous_6)
FN:26,(anonymous_7)
FN:31,(anonymous_8)
FN:36,(anonymous_9)
FNF:6
FNH:1
FNDA:1,(anonymous_4)
FNDA:0,(anonymous_5)
FNDA:0,(anonymous_6)
FNDA:0,(anonymous_7)
FNDA:0,(anonymous_8)
FNDA:0,(anonymous_9)
DA:1,1
DA:2,1
DA:3,1
DA:4,1
DA:5,1
DA:7,1
DA:12,1
DA:13,1
DA:16,1
DA:17,0
DA:21,1
DA:22,0
DA:26,1
DA:27,0
DA:31,1
DA:32,0
DA:36,1
DA:37,0
LF:18
LH:13
BRDA:16,0,0,1
BRDA:16,0,1,0
BRDA:16,1,0,1
BRDA:16,1,1,1
BRDA:31,2,0,1
BRDA:31,2,1,0
BRDA:31,3,0,1
BRDA:31,3,1,1
BRDA:13,4,0,1
BRDA:13,4,1,0
BRDA:13,5,0,1
BRDA:13,5,1,1
BRF:12
BRH:9
end_of_record
TN:
SF:src\modules\auxiliares\facultades\facultades.module.ts
FNF:0
FNH:0
DA:1,0
DA:2,0
DA:3,0
DA:4,0
DA:5,0
DA:12,0
LF:6
LH:0
BRF:0
BRH:0
end_of_record
TN:
SF:src\modules\auxiliares\facultades\facultades.service.ts
FN:10,(anonymous_4)
FN:15,(anonymous_5)
FN:20,(anonymous_6)
FN:24,(anonymous_7)
FN:32,(anonymous_8)
FN:43,(anonymous_9)
FNF:6
FNH:1
FNDA:1,(anonymous_4)
FNDA:0,(anonymous_5)
FNDA:0,(anonymous_6)
FNDA:0,(anonymous_7)
FNDA:0,(anonymous_8)
FNDA:0,(anonymous_9)
DA:1,2
DA:4,2
DA:5,2
DA:6,2
DA:9,2
DA:12,1
DA:16,0
DA:17,0
DA:21,0
DA:25,0
DA:33,0
DA:36,0
DA:37,0
DA:39,0
DA:40,0
DA:44,0
LF:16
LH:6
BRDA:36,0,0,0
BRDA:36,0,1,0
BRDA:12,1,0,2
BRDA:12,1,1,0
BRDA:12,2,0,2
BRDA:12,2,1,2
BRF:6
BRH:3
end_of_record
TN:
SF:src\modules\auxiliares\facultades\dto\create-facultade.dto.ts
FNF:0
FNH:0
DA:1,1
DA:3,1
DA:6,1
DA:10,1
LF:4
LH:4
BRF:0
BRH:0
end_of_record
TN:
SF:src\modules\auxiliares\facultades\dto\update-facultade.dto.ts
FNF:0
FNH:0
DA:1,1
DA:2,1
DA:4,1
LF:3
LH:3
BRF:0
BRH:0
end_of_record
TN:
SF:src\modules\auxiliares\facultades\entities\facultad.entity.ts
FN:17,(anonymous_2)
FN:17,(anonymous_3)
FN:21,(anonymous_4)
FN:21,(anonymous_5)
FNF:4
FNH:0
FNDA:0,(anonymous_2)
FNDA:0,(anonymous_3)
FNDA:0,(anonymous_4)
FNDA:0,(anonymous_5)
DA:1,61
DA:2,61
DA:3,61
DA:6,61
DA:8,61
DA:11,61
DA:14,61
DA:17,0
DA:18,61
DA:21,0
DA:22,61
LF:11
LH:9
BRF:0
BRH:0
end_of_record
TN:
SF:src\modules\auxiliares\textos\textos.controller.ts
FN:13,(anonymous_4)
FN:16,(anonymous_5)
FN:21,(anonymous_6)
FN:26,(anonymous_7)
FN:31,(anonymous_8)
FN:36,(anonymous_9)
FNF:6
FNH:1
FNDA:1,(anonymous_4)
FNDA:0,(anonymous_5)
FNDA:0,(anonymous_6)
FNDA:0,(anonymous_7)
FNDA:0,(anonymous_8)
FNDA:0,(anonymous_9)
DA:1,1
DA:2,1
DA:3,1
DA:4,1
DA:5,1
DA:7,1
DA:12,1
DA:13,1
DA:16,1
DA:17,0
DA:21,1
DA:22,0
DA:26,1
DA:27,0
DA:31,1
DA:32,0
DA:36,1
DA:37,0
LF:18
LH:13
BRDA:16,0,0,1
BRDA:16,0,1,0
BRDA:16,1,0,1
BRDA:16,1,1,1
BRDA:31,2,0,1
BRDA:31,2,1,0
BRDA:31,3,0,1
BRDA:31,3,1,1
BRDA:13,4,0,1
BRDA:13,4,1,0
BRDA:13,5,0,1
BRDA:13,5,1,1
BRF:12
BRH:9
end_of_record
TN:
SF:src\modules\auxiliares\textos\textos.module.ts
FNF:0
FNH:0
DA:1,0
DA:2,0
DA:3,0
DA:4,0
DA:5,0
DA:6,0
DA:14,0
LF:7
LH:0
BRF:0
BRH:0
end_of_record
TN:
SF:src\modules\auxiliares\textos\textos.service.ts
FN:10,(anonymous_4)
FN:12,(anonymous_5)
FN:16,(anonymous_6)
FN:20,(anonymous_7)
FN:24,(anonymous_8)
FN:28,(anonymous_9)
FNF:6
FNH:1
FNDA:1,(anonymous_4)
FNDA:0,(anonymous_5)
FNDA:0,(anonymous_6)
FNDA:0,(anonymous_7)
FNDA:0,(anonymous_8)
FNDA:0,(anonymous_9)
DA:1,2
DA:4,2
DA:5,2
DA:6,2
DA:9,2
DA:10,1
DA:13,0
DA:17,0
DA:21,0
DA:25,0
DA:29,0
LF:11
LH:6
BRDA:10,0,0,2
BRDA:10,0,1,0
BRDA:10,1,0,2
BRDA:10,1,1,2
BRF:4
BRH:3
end_of_record
TN:
SF:src\modules\auxiliares\textos\dto\create-texto.dto.ts
FNF:0
FNH:0
DA:1,1
DA:3,1
DA:6,1
DA:10,1
LF:4
LH:4
BRF:0
BRH:0
end_of_record
TN:
SF:src\modules\auxiliares\textos\dto\update-texto.dto.ts
FNF:0
FNH:0
DA:1,1
DA:2,1
DA:4,1
LF:3
LH:3
BRF:0
BRH:0
end_of_record
TN:
SF:src\modules\auxiliares\textos\schemas\texto.schema.ts
FNF:0
FNH:0
DA:1,2
DA:2,2
DA:8,2
DA:10,2
DA:13,2
DA:16,2
LF:6
LH:6
BRF:0
BRH:0
end_of_record
TN:
SF:src\modules\calificaciones\actanotas\actanotas.controller.ts
FN:12,(anonymous_4)
FN:15,(anonymous_5)
FN:20,(anonymous_6)
FN:25,(anonymous_7)
FN:30,(anonymous_8)
FNF:5
FNH:1
FNDA:1,(anonymous_4)
FNDA:0,(anonymous_5)
FNDA:0,(anonymous_6)
FNDA:0,(anonymous_7)
FNDA:0,(anonymous_8)
DA:1,1
DA:2,1
DA:3,1
DA:4,1
DA:5,1
DA:11,1
DA:12,1
DA:15,1
DA:16,0
DA:20,1
DA:21,0
DA:25,1
DA:26,0
DA:30,1
DA:31,0
LF:15
LH:11
BRDA:15,0,0,1
BRDA:15,0,1,0
BRDA:15,1,0,1
BRDA:15,1,1,1
BRDA:30,2,0,1
BRDA:30,2,1,0
BRDA:30,3,0,1
BRDA:30,3,1,1
BRDA:12,4,0,1
BRDA:12,4,1,0
BRDA:12,5,0,1
BRDA:12,5,1,1
BRF:12
BRH:9
end_of_record
TN:
SF:src\modules\calificaciones\actanotas\actanotas.module.ts
FNF:0
FNH:0
DA:1,0
DA:2,0
DA:3,0
DA:4,0
DA:5,0
DA:13,0
LF:6
LH:0
BRF:0
BRH:0
end_of_record
TN:
SF:src\modules\calificaciones\actanotas\actanotas.service.ts
FN:10,(anonymous_4)
FN:12,(anonymous_5)
FN:16,(anonymous_6)
FN:20,(anonymous_7)
FN:24,(anonymous_8)
FN:28,(anonymous_9)
FNF:6
FNH:1
FNDA:1,(anonymous_4)
FNDA:0,(anonymous_5)
FNDA:0,(anonymous_6)
FNDA:0,(anonymous_7)
FNDA:0,(anonymous_8)
FNDA:0,(anonymous_9)
DA:1,2
DA:4,2
DA:5,2
DA:9,2
DA:10,1
DA:13,0
DA:17,0
DA:21,0
DA:25,0
DA:29,0
LF:10
LH:5
BRDA:10,0,0,2
BRDA:10,0,1,0
BRDA:10,1,0,2
BRDA:10,1,1,2
BRF:4
BRH:3
end_of_record
TN:
SF:src\modules\calificaciones\actanotas\dto\create-actanota.dto.ts
FN:40,(anonymous_2)
FNF:1
FNH:0
FNDA:0,(anonymous_2)
DA:1,1
DA:2,1
DA:7,1
DA:11,1
DA:14,1
DA:17,1
DA:20,1
DA:23,1
DA:27,1
DA:29,1
DA:33,1
DA:36,1
DA:40,0
DA:41,1
LF:14
LH:13
BRF:0
BRH:0
end_of_record
TN:
SF:src\modules\calificaciones\actanotas\dto\update-actanota.dto.ts
FNF:0
FNH:0
DA:1,1
DA:2,1
DA:4,1
LF:3
LH:3
BRF:0
BRH:0
end_of_record
TN:
SF:src\modules\calificaciones\actanotas\schemas\actanota.schema.ts
FNF:0
FNH:0
DA:1,0
DA:2,0
DA:8,0
DA:10,0
DA:13,0
DA:16,0
DA:19,0
DA:22,0
DA:35,0
DA:43,0
LF:10
LH:0
BRDA:22,0,0,0
BRDA:22,0,1,0
BRDA:22,1,0,0
BRDA:22,1,1,0
BRF:4
BRH:0
end_of_record
TN:
SF:src\modules\calificaciones\evaluaciones\evaluaciones.controller.ts
FN:13,(anonymous_4)
FN:16,(anonymous_5)
FN:21,(anonymous_6)
FN:26,(anonymous_7)
FN:31,(anonymous_8)
FN:36,(anonymous_9)
FNF:6
FNH:1
FNDA:1,(anonymous_4)
FNDA:0,(anonymous_5)
FNDA:0,(anonymous_6)
FNDA:0,(anonymous_7)
FNDA:0,(anonymous_8)
FNDA:0,(anonymous_9)
DA:1,1
DA:2,1
DA:3,1
DA:4,1
DA:5,1
DA:7,1
DA:12,1
DA:13,1
DA:16,1
DA:17,0
DA:21,1
DA:22,0
DA:26,1
DA:27,0
DA:31,1
DA:32,0
DA:36,1
DA:37,0
LF:18
LH:13
BRDA:16,0,0,1
BRDA:16,0,1,0
BRDA:16,1,0,1
BRDA:16,1,1,1
BRDA:31,2,0,1
BRDA:31,2,1,0
BRDA:31,3,0,1
BRDA:31,3,1,1
BRDA:13,4,0,1
BRDA:13,4,1,0
BRDA:13,5,0,1
BRDA:13,5,1,1
BRF:12
BRH:9
end_of_record
TN:
SF:src\modules\calificaciones\evaluaciones\evaluaciones.module.ts
FNF:0
FNH:0
DA:1,0
DA:2,0
DA:3,0
DA:4,0
DA:5,0
DA:6,0
DA:16,0
LF:7
LH:0
BRF:0
BRH:0
end_of_record
TN:
SF:src\modules\calificaciones\evaluaciones\evaluaciones.service.ts
FN:10,(anonymous_4)
FN:14,(anonymous_5)
FN:18,(anonymous_6)
FN:23,(anonymous_7)
FN:29,(anonymous_8)
FN:39,(anonymous_9)
FNF:6
FNH:1
FNDA:1,(anonymous_4)
FNDA:0,(anonymous_5)
FNDA:0,(anonymous_6)
FNDA:0,(anonymous_7)
FNDA:0,(anonymous_8)
FNDA:0,(anonymous_9)
DA:1,2
DA:4,2
DA:5,2
DA:6,2
DA:9,2
DA:12,1
DA:15,0
DA:16,0
DA:19,0
DA:24,0
DA:30,0
DA:33,0
DA:34,0
DA:36,0
DA:37,0
DA:40,0
DA:41,0
DA:42,0
DA:44,0
DA:45,0
LF:20
LH:6
BRDA:33,0,0,0
BRDA:33,0,1,0
BRDA:41,1,0,0
BRDA:41,1,1,0
BRDA:12,2,0,2
BRDA:12,2,1,0
BRDA:12,3,0,2
BRDA:12,3,1,2
BRF:8
BRH:3
end_of_record
TN:
SF:src\modules\calificaciones\evaluaciones\dto\create-evaluacion.dto.ts
FNF:0
FNH:0
DA:1,1
DA:3,1
DA:6,1
DA:10,1
DA:14,1
DA:18,1
LF:6
LH:6
BRF:0
BRH:0
end_of_record
TN:
SF:src\modules\calificaciones\evaluaciones\dto\update-evaluacion.dto.ts
FNF:0
FNH:0
DA:1,1
DA:2,1
DA:4,1
LF:3
LH:3
BRF:0
BRH:0
end_of_record
TN:
SF:src\modules\calificaciones\evaluaciones\entities\evaluacion.entity.ts
FN:28,(anonymous_2)
FNF:1
FNH:0
FNDA:0,(anonymous_2)
DA:1,4
DA:2,4
DA:5,4
DA:7,4
DA:10,4
DA:13,4
DA:16,4
DA:19,4
DA:22,4
DA:25,4
DA:28,0
DA:30,4
LF:12
LH:11
BRDA:22,0,0,4
BRDA:22,0,1,0
BRDA:22,1,0,4
BRDA:22,1,1,4
BRDA:25,2,0,4
BRDA:25,2,1,0
BRDA:25,3,0,4
BRDA:25,3,1,4
BRDA:30,4,0,4
BRDA:30,4,1,0
BRDA:30,5,0,4
BRDA:30,5,1,4
BRF:12
BRH:9
end_of_record
TN:
SF:src\modules\calificaciones\notas\notas.controller.ts
FN:13,(anonymous_4)
FN:16,(anonymous_5)
FN:21,(anonymous_6)
FN:26,(anonymous_7)
FN:31,(anonymous_8)
FN:36,(anonymous_9)
FNF:6
FNH:1
FNDA:1,(anonymous_4)
FNDA:0,(anonymous_5)
FNDA:0,(anonymous_6)
FNDA:0,(anonymous_7)
FNDA:0,(anonymous_8)
FNDA:0,(anonymous_9)
DA:1,1
DA:2,1
DA:3,1
DA:4,1
DA:5,1
DA:7,1
DA:12,1
DA:13,1
DA:16,1
DA:17,0
DA:21,1
DA:22,0
DA:26,1
DA:27,0
DA:31,1
DA:32,0
DA:36,1
DA:37,0
LF:18
LH:13
BRDA:16,0,0,1
BRDA:16,0,1,0
BRDA:16,1,0,1
BRDA:16,1,1,1
BRDA:31,2,0,1
BRDA:31,2,1,0
BRDA:31,3,0,1
BRDA:31,3,1,1
BRDA:13,4,0,1
BRDA:13,4,1,0
BRDA:13,5,0,1
BRDA:13,5,1,1
BRF:12
BRH:9
end_of_record
TN:
SF:src\modules\calificaciones\notas\notas.module.ts
FNF:0
FNH:0
DA:1,0
DA:2,0
DA:3,0
DA:4,0
DA:5,0
DA:6,0
DA:7,0
DA:8,0
DA:20,0
LF:9
LH:0
BRF:0
BRH:0
end_of_record
TN:
SF:src\modules\calificaciones\notas\notas.service.ts
FN:10,(anonymous_4)
FN:14,(anonymous_5)
FN:18,(anonymous_6)
FN:23,(anonymous_7)
FN:29,(anonymous_8)
FN:39,(anonymous_9)
FNF:6
FNH:1
FNDA:1,(anonymous_4)
FNDA:0,(anonymous_5)
FNDA:0,(anonymous_6)
FNDA:0,(anonymous_7)
FNDA:0,(anonymous_8)
FNDA:0,(anonymous_9)
DA:1,2
DA:4,2
DA:5,2
DA:6,2
DA:9,2
DA:12,1
DA:15,0
DA:16,0
DA:19,0
DA:24,0
DA:30,0
DA:33,0
DA:34,0
DA:36,0
DA:37,0
DA:40,0
DA:41,0
DA:42,0
DA:44,0
DA:45,0
LF:20
LH:6
BRDA:33,0,0,0
BRDA:33,0,1,0
BRDA:41,1,0,0
BRDA:41,1,1,0
BRDA:12,2,0,2
BRDA:12,2,1,0
BRDA:12,3,0,2
BRDA:12,3,1,2
BRF:8
BRH:3
end_of_record
TN:
SF:src\modules\calificaciones\notas\dto\create-nota.dto.ts
FNF:0
FNH:0
DA:1,1
DA:2,1
DA:5,1
DA:8,1
DA:12,1
DA:16,1
DA:22,1
LF:7
LH:7
BRF:0
BRH:0
end_of_record
TN:
SF:src\modules\calificaciones\notas\dto\update-nota.dto.ts
FNF:0
FNH:0
DA:1,1
DA:2,1
DA:4,1
LF:3
LH:3
BRF:0
BRH:0
end_of_record
TN:
SF:src\modules\calificaciones\notas\entities\nota.entity.ts
FN:23,(anonymous_2)
FN:26,(anonymous_3)
FN:31,(anonymous_4)
FN:36,(anonymous_5)
FN:41,(anonymous_6)
FNF:5
FNH:0
FNDA:0,(anonymous_2)
FNDA:0,(anonymous_3)
FNDA:0,(anonymous_4)
FNDA:0,(anonymous_5)
FNDA:0,(anonymous_6)
DA:1,2
DA:2,2
DA:3,2
DA:4,2
DA:7,2
DA:9,2
DA:12,2
DA:15,2
DA:18,2
DA:21,2
DA:23,0
DA:24,2
DA:26,0
DA:27,2
DA:31,0
DA:33,2
DA:36,0
DA:38,2
DA:41,0
DA:43,2
LF:20
LH:15
BRDA:24,0,0,2
BRDA:24,0,1,0
BRDA:24,1,0,2
BRDA:24,1,1,2
BRDA:27,2,0,2
BRDA:27,2,1,0
BRDA:27,3,0,2
BRDA:27,3,1,2
BRDA:33,4,0,2
BRDA:33,4,1,0
BRDA:33,5,0,2
BRDA:33,5,1,2
BRDA:38,6,0,2
BRDA:38,6,1,0
BRDA:38,7,0,2
BRDA:38,7,1,2
BRDA:43,8,0,2
BRDA:43,8,1,0
BRDA:43,9,0,2
BRDA:43,9,1,2
BRF:20
BRH:15
end_of_record
TN:
SF:src\modules\calificaciones\notasfinal\notasfinal.controller.ts
FN:13,(anonymous_4)
FN:16,(anonymous_5)
FN:21,(anonymous_6)
FN:26,(anonymous_7)
FN:31,(anonymous_8)
FN:36,(anonymous_9)
FNF:6
FNH:1
FNDA:1,(anonymous_4)
FNDA:0,(anonymous_5)
FNDA:0,(anonymous_6)
FNDA:0,(anonymous_7)
FNDA:0,(anonymous_8)
FNDA:0,(anonymous_9)
DA:1,1
DA:2,1
DA:3,1
DA:4,1
DA:5,1
DA:7,1
DA:12,1
DA:13,1
DA:16,1
DA:17,0
DA:21,1
DA:22,0
DA:26,1
DA:27,0
DA:31,1
DA:32,0
DA:36,1
DA:37,0
LF:18
LH:13
BRDA:16,0,0,1
BRDA:16,0,1,0
BRDA:16,1,0,1
BRDA:16,1,1,1
BRDA:31,2,0,1
BRDA:31,2,1,0
BRDA:31,3,0,1
BRDA:31,3,1,1
BRDA:13,4,0,1
BRDA:13,4,1,0
BRDA:13,5,0,1
BRDA:13,5,1,1
BRF:12
BRH:9
end_of_record
TN:
SF:src\modules\calificaciones\notasfinal\notasfinal.module.ts
FNF:0
FNH:0
DA:1,0
DA:2,0
DA:3,0
DA:4,0
DA:5,0
DA:6,0
DA:7,0
DA:18,0
LF:8
LH:0
BRF:0
BRH:0
end_of_record
TN:
SF:src\modules\calificaciones\notasfinal\notasfinal.service.ts
FN:10,(anonymous_4)
FN:14,(anonymous_5)
FN:18,(anonymous_6)
FN:23,(anonymous_7)
FN:31,(anonymous_8)
FN:41,(anonymous_9)
FNF:6
FNH:1
FNDA:1,(anonymous_4)
FNDA:0,(anonymous_5)
FNDA:0,(anonymous_6)
FNDA:0,(anonymous_7)
FNDA:0,(anonymous_8)
FNDA:0,(anonymous_9)
DA:1,2
DA:4,2
DA:5,2
DA:6,2
DA:9,2
DA:12,1
DA:15,0
DA:16,0
DA:19,0
DA:24,0
DA:32,0
DA:35,0
DA:36,0
DA:38,0
DA:39,0
DA:42,0
DA:43,0
DA:44,0
DA:46,0
DA:47,0
LF:20
LH:6
BRDA:35,0,0,0
BRDA:35,0,1,0
BRDA:43,1,0,0
BRDA:43,1,1,0
BRDA:12,2,0,2
BRDA:12,2,1,0
BRDA:12,3,0,2
BRDA:12,3,1,2
BRF:8
BRH:3
end_of_record
TN:
SF:src\modules\calificaciones\notasfinal\dto\create-notasfinal.dto.ts
FNF:0
FNH:0
DA:1,1
DA:2,1
DA:5,1
DA:8,1
DA:12,1
DA:18,1
DA:22,1
LF:7
LH:7
BRF:0
BRH:0
end_of_record
TN:
SF:src\modules\calificaciones\notasfinal\dto\update-notasfinal.dto.ts
FNF:0
FNH:0
DA:1,1
DA:2,1
DA:4,1
LF:3
LH:3
BRF:0
BRH:0
end_of_record
TN:
SF:src\modules\calificaciones\notasfinal\entities\notasfinal.entity.ts
FN:22,(anonymous_2)
FN:25,(anonymous_3)
FN:30,(anonymous_4)
FN:35,(anonymous_5)
FNF:4
FNH:0
FNDA:0,(anonymous_2)
FNDA:0,(anonymous_3)
FNDA:0,(anonymous_4)
FNDA:0,(anonymous_5)
DA:1,2
DA:2,2
DA:3,2
DA:6,2
DA:8,2
DA:11,2
DA:14,2
DA:17,2
DA:20,2
DA:22,0
DA:23,2
DA:25,0
DA:26,2
DA:30,0
DA:32,2
DA:35,0
DA:37,2
LF:17
LH:13
BRDA:23,0,0,2
BRDA:23,0,1,0
BRDA:23,1,0,2
BRDA:23,1,1,2
BRDA:26,2,0,2
BRDA:26,2,1,0
BRDA:26,3,0,2
BRDA:26,3,1,2
BRDA:32,4,0,2
BRDA:32,4,1,0
BRDA:32,5,0,2
BRDA:32,5,1,2
BRDA:37,6,0,2
BRDA:37,6,1,0
BRDA:37,7,0,2
BRDA:37,7,1,2
BRF:16
BRH:12
end_of_record
TN:
SF:src\modules\estructura\aulas\aulas.controller.ts
FN:12,(anonymous_4)
FN:15,(anonymous_5)
FN:20,(anonymous_6)
FN:25,(anonymous_7)
FN:30,(anonymous_8)
FN:35,(anonymous_9)
FNF:6
FNH:1
FNDA:1,(anonymous_4)
FNDA:0,(anonymous_5)
FNDA:0,(anonymous_6)
FNDA:0,(anonymous_7)
FNDA:0,(anonymous_8)
FNDA:0,(anonymous_9)
DA:1,1
DA:2,1
DA:3,1
DA:4,1
DA:6,1
DA:11,1
DA:12,1
DA:15,1
DA:16,0
DA:20,1
DA:21,0
DA:25,1
DA:26,0
DA:30,1
DA:31,0
DA:35,1
DA:36,0
LF:17
LH:12
BRDA:15,0,0,1
BRDA:15,0,1,0
BRDA:15,1,0,1
BRDA:15,1,1,1
BRDA:30,2,0,1
BRDA:30,2,1,0
BRDA:30,3,0,1
BRDA:30,3,1,1
BRDA:12,4,0,1
BRDA:12,4,1,0
BRDA:12,5,0,1
BRDA:12,5,1,1
BRF:12
BRH:9
end_of_record
TN:
SF:src\modules\estructura\aulas\aulas.module.ts
FNF:0
FNH:0
DA:1,0
DA:2,0
DA:3,0
DA:4,0
DA:5,0
DA:12,0
LF:6
LH:0
BRF:0
BRH:0
end_of_record
TN:
SF:src\modules\estructura\aulas\aulas.service.ts
FN:10,(anonymous_4)
FN:15,(anonymous_5)
FN:20,(anonymous_6)
FN:24,(anonymous_7)
FN:28,(anonymous_8)
FN:37,(anonymous_9)
FNF:6
FNH:1
FNDA:1,(anonymous_4)
FNDA:0,(anonymous_5)
FNDA:0,(anonymous_6)
FNDA:0,(anonymous_7)
FNDA:0,(anonymous_8)
FNDA:0,(anonymous_9)
DA:1,2
DA:4,2
DA:5,2
DA:6,2
DA:9,2
DA:12,1
DA:16,0
DA:17,0
DA:21,0
DA:25,0
DA:29,0
DA:30,0
DA:31,0
DA:33,0
DA:34,0
DA:38,0
DA:39,0
DA:40,0
DA:42,0
DA:43,0
LF:20
LH:6
BRDA:30,0,0,0
BRDA:30,0,1,0
BRDA:39,1,0,0
BRDA:39,1,1,0
BRDA:12,2,0,2
BRDA:12,2,1,0
BRDA:12,3,0,2
BRDA:12,3,1,2
BRF:8
BRH:3
end_of_record
TN:
SF:src\modules\estructura\aulas\dto\create-aula.dto.ts
FNF:0
FNH:0
DA:1,1
DA:3,1
DA:6,1
DA:10,1
DA:14,1
DA:18,1
LF:6
LH:6
BRF:0
BRH:0
end_of_record
TN:
SF:src\modules\estructura\aulas\dto\update-aula.dto.ts
FNF:0
FNH:0
DA:1,1
DA:2,1
DA:4,1
LF:3
LH:3
BRF:0
BRH:0
end_of_record
TN:
SF:src\modules\estructura\aulas\entities\aula.entity.ts
FNF:0
FNH:0
DA:1,30
DA:4,30
DA:6,30
DA:9,30
DA:12,30
DA:15,30
DA:18,30
LF:7
LH:7
BRF:0
BRH:0
end_of_record
TN:
SF:src\modules\estructura\ciclos\ciclos.controller.ts
FN:12,(anonymous_4)
FN:15,(anonymous_5)
FN:20,(anonymous_6)
FN:25,(anonymous_7)
FN:30,(anonymous_8)
FN:35,(anonymous_9)
FNF:6
FNH:1
FNDA:1,(anonymous_4)
FNDA:0,(anonymous_5)
FNDA:0,(anonymous_6)
FNDA:0,(anonymous_7)
FNDA:0,(anonymous_8)
FNDA:0,(anonymous_9)
DA:1,1
DA:2,1
DA:3,1
DA:4,1
DA:6,1
DA:11,1
DA:12,1
DA:15,1
DA:16,0
DA:20,1
DA:21,0
DA:25,1
DA:26,0
DA:30,1
DA:31,0
DA:35,1
DA:36,0
LF:17
LH:12
BRDA:15,0,0,1
BRDA:15,0,1,0
BRDA:15,1,0,1
BRDA:15,1,1,1
BRDA:30,2,0,1
BRDA:30,2,1,0
BRDA:30,3,0,1
BRDA:30,3,1,1
BRDA:12,4,0,1
BRDA:12,4,1,0
BRDA:12,5,0,1
BRDA:12,5,1,1
BRF:12
BRH:9
end_of_record
TN:
SF:src\modules\estructura\ciclos\ciclos.module.ts
FNF:0
FNH:0
DA:1,0
DA:2,0
DA:3,0
DA:4,0
DA:5,0
DA:6,0
DA:7,0
DA:19,0
LF:8
LH:0
BRF:0
BRH:0
end_of_record
TN:
SF:src\modules\estructura\ciclos\ciclos.service.ts
FN:10,(anonymous_4)
FN:15,(anonymous_5)
FN:20,(anonymous_6)
FN:26,(anonymous_7)
FN:33,(anonymous_8)
FN:44,(anonymous_9)
FN:53,(anonymous_10)
FNF:7
FNH:1
FNDA:1,(anonymous_4)
FNDA:0,(anonymous_5)
FNDA:0,(anonymous_6)
FNDA:0,(anonymous_7)
FNDA:0,(anonymous_8)
FNDA:0,(anonymous_9)
FNDA:0,(anonymous_10)
DA:1,4
DA:4,4
DA:5,4
DA:6,4
DA:9,4
DA:12,1
DA:16,0
DA:17,0
DA:21,0
DA:27,0
DA:34,0
DA:37,0
DA:38,0
DA:40,0
DA:41,0
DA:45,0
DA:46,0
DA:47,0
DA:49,0
DA:50,0
DA:54,0
LF:21
LH:6
BRDA:37,0,0,0
BRDA:37,0,1,0
BRDA:46,1,0,0
BRDA:46,1,1,0
BRDA:12,2,0,4
BRDA:12,2,1,0
BRDA:12,3,0,4
BRDA:12,3,1,4
BRF:8
BRH:3
end_of_record
TN:
SF:src\modules\estructura\ciclos\dto\create-ciclo.dto.ts
FNF:0
FNH:0
DA:2,1
DA:4,1
DA:7,1
DA:11,1
DA:15,1
DA:19,1
DA:23,1
LF:7
LH:7
BRF:0
BRH:0
end_of_record
TN:
SF:src\modules\estructura\ciclos\dto\update-ciclo.dto.ts
FNF:0
FNH:0
DA:1,1
DA:2,1
DA:4,1
LF:3
LH:3
BRF:0
BRH:0
end_of_record
TN:
SF:src\modules\estructura\ciclos\entities\ciclo.entity.ts
FN:28,(anonymous_2)
FN:33,(anonymous_3)
FNF:2
FNH:0
FNDA:0,(anonymous_2)
FNDA:0,(anonymous_3)
DA:1,30
DA:2,30
DA:3,30
DA:6,30
DA:8,30
DA:11,30
DA:14,30
DA:18,30
DA:22,30
DA:25,30
DA:28,0
DA:30,30
DA:33,0
DA:35,30
LF:14
LH:12
BRDA:30,0,0,30
BRDA:30,0,1,0
BRDA:30,1,0,30
BRDA:30,1,1,30
BRDA:35,2,0,30
BRDA:35,2,1,0
BRDA:35,3,0,30
BRDA:35,3,1,30
BRF:8
BRH:6
end_of_record
TN:
SF:src\modules\estructura\grupos\grupos.controller.ts
FN:13,(anonymous_4)
FN:16,(anonymous_5)
FN:21,(anonymous_6)
FN:26,(anonymous_7)
FN:31,(anonymous_8)
FN:36,(anonymous_9)
FNF:6
FNH:1
FNDA:1,(anonymous_4)
FNDA:0,(anonymous_5)
FNDA:0,(anonymous_6)
FNDA:0,(anonymous_7)
FNDA:0,(anonymous_8)
FNDA:0,(anonymous_9)
DA:1,1
DA:2,1
DA:3,1
DA:4,1
DA:5,1
DA:7,1
DA:12,1
DA:13,1
DA:16,1
DA:17,0
DA:21,1
DA:22,0
DA:26,1
DA:27,0
DA:31,1
DA:32,0
DA:36,1
DA:37,0
LF:18
LH:13
BRDA:16,0,0,1
BRDA:16,0,1,0
BRDA:16,1,0,1
BRDA:16,1,1,1
BRDA:31,2,0,1
BRDA:31,2,1,0
BRDA:31,3,0,1
BRDA:31,3,1,1
BRDA:13,4,0,1
BRDA:13,4,1,0
BRDA:13,5,0,1
BRDA:13,5,1,1
BRF:12
BRH:9
end_of_record
TN:
SF:src\modules\estructura\grupos\grupos.module.ts
FNF:0
FNH:0
DA:1,0
DA:2,0
DA:3,0
DA:4,0
DA:5,0
DA:6,0
DA:7,0
DA:8,0
DA:9,0
DA:23,0
LF:10
LH:0
BRF:0
BRH:0
end_of_record
TN:
SF:src\modules\estructura\grupos\grupos.service.ts
FN:10,(anonymous_4)
FN:15,(anonymous_5)
FN:20,(anonymous_6)
FN:26,(anonymous_7)
FN:33,(anonymous_8)
FN:44,(anonymous_9)
FNF:6
FNH:1
FNDA:1,(anonymous_4)
FNDA:0,(anonymous_5)
FNDA:0,(anonymous_6)
FNDA:0,(anonymous_7)
FNDA:0,(anonymous_8)
FNDA:0,(anonymous_9)
DA:1,4
DA:4,4
DA:5,4
DA:6,4
DA:9,4
DA:12,1
DA:16,0
DA:17,0
DA:21,0
DA:27,0
DA:34,0
DA:37,0
DA:38,0
DA:40,0
DA:41,0
DA:45,0
DA:46,0
DA:47,0
DA:49,0
DA:50,0
LF:20
LH:6
BRDA:37,0,0,0
BRDA:37,0,1,0
BRDA:46,1,0,0
BRDA:46,1,1,0
BRDA:12,2,0,4
BRDA:12,2,1,0
BRDA:12,3,0,4
BRDA:12,3,1,4
BRF:8
BRH:3
end_of_record
TN:
SF:src\modules\estructura\grupos\dto\create-grupo.dto.ts
FNF:0
FNH:0
DA:1,1
DA:3,1
DA:5,1
DA:8,1
DA:11,1
DA:14,1
DA:17,1
DA:20,1
DA:23,1
LF:9
LH:9
BRF:0
BRH:0
end_of_record
TN:
SF:src\modules\estructura\grupos\dto\update-grupo.dto.ts
FNF:0
FNH:0
DA:1,1
DA:2,1
DA:4,1
LF:3
LH:3
BRF:0
BRH:0
end_of_record
TN:
SF:src\modules\estructura\grupos\entities\grupo.entity.ts
FN:22,(anonymous_2)
FN:46,(anonymous_3)
FN:46,(anonymous_4)
FN:50,(anonymous_5)
FN:54,(anonymous_6)
FNF:5
FNH:0
FNDA:0,(anonymous_2)
FNDA:0,(anonymous_3)
FNDA:0,(anonymous_4)
FNDA:0,(anonymous_5)
FNDA:0,(anonymous_6)
DA:2,24
DA:3,24
DA:4,24
DA:5,24
DA:6,24
DA:9,24
DA:11,24
DA:14,24
DA:17,24
DA:20,24
DA:22,0
DA:24,24
DA:27,24
DA:30,24
DA:33,24
DA:36,24
DA:40,24
DA:43,24
DA:46,0
DA:48,24
DA:50,0
DA:52,24
DA:54,0
DA:56,24
LF:24
LH:20
BRDA:24,0,0,24
BRDA:24,0,1,0
BRDA:24,1,0,24
BRDA:24,1,1,24
BRDA:40,2,0,24
BRDA:40,2,1,0
BRDA:40,3,0,24
BRDA:40,3,1,24
BRDA:43,4,0,24
BRDA:43,4,1,0
BRDA:43,5,0,24
BRDA:43,5,1,24
BRDA:48,6,0,8
BRDA:48,6,1,16
BRDA:48,7,0,24
BRDA:48,7,1,8
BRDA:52,8,0,24
BRDA:52,8,1,0
BRDA:52,9,0,24
BRDA:52,9,1,24
BRDA:56,10,0,24
BRDA:56,10,1,0
BRDA:56,11,0,24
BRDA:56,11,1,24
BRF:24
BRH:19
end_of_record
TN:
SF:src\modules\estructura\idiomas\idiomas.controller.ts
FN:13,(anonymous_4)
FN:16,(anonymous_5)
FN:21,(anonymous_6)
FN:26,(anonymous_7)
FN:31,(anonymous_8)
FN:36,(anonymous_9)
FNF:6
FNH:1
FNDA:1,(anonymous_4)
FNDA:0,(anonymous_5)
FNDA:0,(anonymous_6)
FNDA:0,(anonymous_7)
FNDA:0,(anonymous_8)
FNDA:0,(anonymous_9)
DA:1,1
DA:2,1
DA:3,1
DA:4,1
DA:5,1
DA:7,1
DA:12,1
DA:13,1
DA:16,1
DA:17,0
DA:21,1
DA:22,0
DA:26,1
DA:27,0
DA:31,1
DA:32,0
DA:36,1
DA:37,0
LF:18
LH:13
BRDA:16,0,0,1
BRDA:16,0,1,0
BRDA:16,1,0,1
BRDA:16,1,1,1
BRDA:31,2,0,1
BRDA:31,2,1,0
BRDA:31,3,0,1
BRDA:31,3,1,1
BRDA:13,4,0,1
BRDA:13,4,1,0
BRDA:13,5,0,1
BRDA:13,5,1,1
BRF:12
BRH:9
end_of_record
TN:
SF:src\modules\estructura\idiomas\idiomas.module.ts
FNF:0
FNH:0
DA:1,0
DA:2,0
DA:3,0
DA:4,0
DA:5,0
DA:12,0
LF:6
LH:0
BRF:0
BRH:0
end_of_record
TN:
SF:src\modules\estructura\idiomas\idiomas.service.ts
FN:10,(anonymous_4)
FN:14,(anonymous_5)
FN:19,(anonymous_6)
FN:27,(anonymous_7)
FN:35,(anonymous_8)
FN:46,(anonymous_9)
FNF:6
FNH:1
FNDA:1,(anonymous_4)
FNDA:0,(anonymous_5)
FNDA:0,(anonymous_6)
FNDA:0,(anonymous_7)
FNDA:0,(anonymous_8)
FNDA:0,(anonymous_9)
DA:1,2
DA:4,2
DA:5,2
DA:6,2
DA:9,2
DA:12,1
DA:15,0
DA:16,0
DA:20,0
DA:28,0
DA:36,0
DA:39,0
DA:40,0
DA:42,0
DA:43,0
DA:47,0
DA:48,0
DA:49,0
DA:51,0
DA:52,0
LF:20
LH:6
BRDA:39,0,0,0
BRDA:39,0,1,0
BRDA:48,1,0,0
BRDA:48,1,1,0
BRDA:12,2,0,2
BRDA:12,2,1,0
BRDA:12,3,0,2
BRDA:12,3,1,2
BRF:8
BRH:3
end_of_record
TN:
SF:src\modules\estructura\idiomas\dto\create-idioma.dto.ts
FNF:0
FNH:0
DA:1,1
DA:3,1
DA:6,1
LF:3
LH:3
BRF:0
BRH:0
end_of_record
TN:
SF:src\modules\estructura\idiomas\dto\update-idioma.dto.ts
FNF:0
FNH:0
DA:1,1
DA:2,1
DA:4,1
LF:3
LH:3
BRF:0
BRH:0
end_of_record
TN:
SF:src\modules\estructura\idiomas\entities\idioma.entity.ts
FNF:0
FNH:0
DA:1,67
DA:4,67
DA:6,67
DA:9,67
LF:4
LH:4
BRF:0
BRH:0
end_of_record
TN:
SF:src\modules\estructura\modulos\modulos.controller.ts
FN:14,(anonymous_4)
FN:17,(anonymous_5)
FN:22,(anonymous_6)
FN:27,(anonymous_7)
FN:32,(anonymous_8)
FN:37,(anonymous_9)
FN:42,(anonymous_10)
FNF:7
FNH:1
FNDA:1,(anonymous_4)
FNDA:0,(anonymous_5)
FNDA:0,(anonymous_6)
FNDA:0,(anonymous_7)
FNDA:0,(anonymous_8)
FNDA:0,(anonymous_9)
FNDA:0,(anonymous_10)
DA:1,1
DA:2,1
DA:3,1
DA:4,1
DA:6,1
DA:8,1
DA:13,1
DA:14,1
DA:17,1
DA:18,0
DA:22,1
DA:23,0
DA:27,1
DA:28,0
DA:32,1
DA:33,0
DA:37,1
DA:38,0
DA:42,1
DA:43,0
LF:20
LH:14
BRDA:17,0,0,1
BRDA:17,0,1,0
BRDA:17,1,0,1
BRDA:17,1,1,1
BRDA:17,2,0,1
BRDA:17,2,1,0
BRDA:17,3,0,1
BRDA:17,3,1,1
BRDA:22,4,0,1
BRDA:22,4,1,0
BRDA:22,5,0,1
BRDA:22,5,1,1
BRDA:27,6,0,1
BRDA:27,6,1,0
BRDA:27,7,0,1
BRDA:27,7,1,1
BRDA:32,8,0,1
BRDA:32,8,1,0
BRDA:32,9,0,1
BRDA:32,9,1,1
BRDA:37,10,0,1
BRDA:37,10,1,0
BRDA:37,11,0,1
BRDA:37,11,1,1
BRDA:37,12,0,1
BRDA:37,12,1,0
BRDA:37,13,0,1
BRDA:37,13,1,1
BRDA:14,14,0,1
BRDA:14,14,1,0
BRDA:14,15,0,1
BRDA:14,15,1,1
BRF:32
BRH:24
end_of_record
TN:
SF:src\modules\estructura\modulos\modulos.module.ts
FNF:0
FNH:0
DA:1,0
DA:2,0
DA:3,0
DA:4,0
DA:5,0
DA:13,0
LF:6
LH:0
BRF:0
BRH:0
end_of_record
TN:
SF:src\modules\estructura\modulos\modulos.service.ts
FN:10,(anonymous_4)
FN:15,(anonymous_5)
FN:20,(anonymous_6)
FN:28,(anonymous_7)
FN:39,(anonymous_8)
FN:47,(anonymous_9)
FN:58,(anonymous_10)
FN:62,(anonymous_11)
FN:69,(anonymous_12)
FNF:9
FNH:1
FNDA:1,(anonymous_4)
FNDA:0,(anonymous_5)
FNDA:0,(anonymous_6)
FNDA:0,(anonymous_7)
FNDA:0,(anonymous_8)
FNDA:0,(anonymous_9)
FNDA:0,(anonymous_10)
FNDA:0,(anonymous_11)
FNDA:0,(anonymous_12)
DA:1,10
DA:4,10
DA:5,10
DA:6,10
DA:9,10
DA:12,1
DA:16,0
DA:17,0
DA:21,0
DA:29,0
DA:40,0
DA:48,0
DA:51,0
DA:52,0
DA:54,0
DA:55,0
DA:59,0
DA:63,0
DA:70,0
LF:19
LH:6
BRDA:51,0,0,0
BRDA:51,0,1,0
BRDA:12,1,0,10
BRDA:12,1,1,0
BRDA:12,2,0,10
BRDA:12,2,1,10
BRF:6
BRH:3
end_of_record
TN:
SF:src\modules\estructura\modulos\dto\create-modulo.dto.ts
FNF:0
FNH:0
DA:1,1
DA:3,1
DA:5,1
DA:8,1
DA:11,1
DA:14,1
DA:18,1
DA:22,1
LF:8
LH:8
BRDA:8,0,0,1
BRDA:8,0,1,0
BRDA:8,1,0,1
BRDA:8,1,1,1
BRDA:11,2,0,1
BRDA:11,2,1,0
BRDA:11,3,0,1
BRDA:11,3,1,1
BRF:8
BRH:6
end_of_record
TN:
SF:src\modules\estructura\modulos\dto\update-modulo.dto.ts
FNF:0
FNH:0
DA:1,1
DA:2,1
DA:3,1
DA:5,1
DA:8,1
DA:12,1
DA:16,1
DA:20,1
LF:8
LH:8
BRDA:12,0,0,1
BRDA:12,0,1,0
BRDA:12,1,0,1
BRDA:12,1,1,1
BRDA:16,2,0,1
BRDA:16,2,1,0
BRDA:16,3,0,1
BRDA:16,3,1,1
BRF:8
BRH:6
end_of_record
TN:
SF:src\modules\estructura\modulos\entities\modulo.entity.ts
FN:28,(anonymous_2)
FN:28,(anonymous_3)
FNF:2
FNH:0
FNDA:0,(anonymous_2)
FNDA:0,(anonymous_3)
DA:1,24
DA:2,24
DA:5,24
DA:7,24
DA:10,24
DA:13,24
DA:16,24
DA:19,24
DA:22,24
DA:25,24
DA:28,0
DA:29,24
LF:12
LH:11
BRDA:13,0,0,24
BRDA:13,0,1,0
BRDA:13,1,0,24
BRDA:13,1,1,24
BRDA:16,2,0,24
BRDA:16,2,1,0
BRDA:16,3,0,24
BRDA:16,3,1,24
BRF:8
BRH:6
end_of_record
TN:
SF:src\modules\estructura\niveles\niveles.controller.ts
FN:13,(anonymous_4)
FN:16,(anonymous_5)
FN:21,(anonymous_6)
FN:26,(anonymous_7)
FN:31,(anonymous_8)
FN:36,(anonymous_9)
FNF:6
FNH:1
FNDA:1,(anonymous_4)
FNDA:0,(anonymous_5)
FNDA:0,(anonymous_6)
FNDA:0,(anonymous_7)
FNDA:0,(anonymous_8)
FNDA:0,(anonymous_9)
DA:1,1
DA:2,1
DA:3,1
DA:4,1
DA:5,1
DA:7,1
DA:12,1
DA:13,1
DA:16,1
DA:17,0
DA:21,1
DA:22,0
DA:26,1
DA:27,0
DA:31,1
DA:32,0
DA:36,1
DA:37,0
LF:18
LH:13
BRDA:16,0,0,1
BRDA:16,0,1,0
BRDA:16,1,0,1
BRDA:16,1,1,1
BRDA:31,2,0,1
BRDA:31,2,1,0
BRDA:31,3,0,1
BRDA:31,3,1,1
BRDA:13,4,0,1
BRDA:13,4,1,0
BRDA:13,5,0,1
BRDA:13,5,1,1
BRF:12
BRH:9
end_of_record
TN:
SF:src\modules\estructura\niveles\niveles.module.ts
FNF:0
FNH:0
DA:1,0
DA:2,0
DA:3,0
DA:4,0
DA:5,0
DA:12,0
LF:6
LH:0
BRF:0
BRH:0
end_of_record
TN:
SF:src\modules\estructura\niveles\niveles.service.ts
FN:10,(anonymous_4)
FN:15,(anonymous_5)
FN:20,(anonymous_6)
FN:28,(anonymous_7)
FN:32,(anonymous_8)
FN:43,(anonymous_9)
FNF:6
FNH:1
FNDA:1,(anonymous_4)
FNDA:0,(anonymous_5)
FNDA:0,(anonymous_6)
FNDA:0,(anonymous_7)
FNDA:0,(anonymous_8)
FNDA:0,(anonymous_9)
DA:1,2
DA:4,2
DA:5,2
DA:6,2
DA:9,2
DA:12,1
DA:16,0
DA:17,0
DA:21,0
DA:29,0
DA:33,0
DA:36,0
DA:37,0
DA:39,0
DA:40,0
DA:44,0
DA:45,0
DA:46,0
DA:48,0
DA:49,0
LF:20
LH:6
BRDA:36,0,0,0
BRDA:36,0,1,0
BRDA:45,1,0,0
BRDA:45,1,1,0
BRDA:12,2,0,2
BRDA:12,2,1,0
BRDA:12,3,0,2
BRDA:12,3,1,2
BRF:8
BRH:3
end_of_record
TN:
SF:src\modules\estructura\niveles\dto\create-nivel.dto.ts
FNF:0
FNH:0
DA:1,1
DA:3,1
DA:6,1
DA:10,1
LF:4
LH:4
BRF:0
BRH:0
end_of_record
TN:
SF:src\modules\estructura\niveles\dto\update-nivel.dto.ts
FNF:0
FNH:0
DA:1,1
DA:2,1
DA:4,1
LF:3
LH:3
BRF:0
BRH:0
end_of_record
TN:
SF:src\modules\estructura\niveles\entities\nivel.entity.ts
FNF:0
FNH:0
DA:1,67
DA:4,67
DA:6,67
DA:9,67
DA:12,67
LF:5
LH:5
BRF:0
BRH:0
end_of_record
TN:
SF:src\modules\examen_ubicacion\actasexamenubicacion\actasexamenubicacion.controller.ts
FN:12,(anonymous_4)
FN:15,(anonymous_5)
FN:20,(anonymous_6)
FN:25,(anonymous_7)
FN:30,(anonymous_8)
FN:35,(anonymous_9)
FNF:6
FNH:1
FNDA:1,(anonymous_4)
FNDA:0,(anonymous_5)
FNDA:0,(anonymous_6)
FNDA:0,(anonymous_7)
FNDA:0,(anonymous_8)
FNDA:0,(anonymous_9)
DA:1,1
DA:2,1
DA:3,1
DA:4,1
DA:5,1
DA:11,1
DA:12,1
DA:15,1
DA:16,0
DA:20,1
DA:21,0
DA:25,1
DA:26,0
DA:30,1
DA:31,0
DA:35,1
DA:36,0
LF:17
LH:12
BRDA:15,0,0,1
BRDA:15,0,1,0
BRDA:15,1,0,1
BRDA:15,1,1,1
BRDA:30,2,0,1
BRDA:30,2,1,0
BRDA:30,3,0,1
BRDA:30,3,1,1
BRDA:12,4,0,1
BRDA:12,4,1,0
BRDA:12,5,0,1
BRDA:12,5,1,1
BRF:12
BRH:9
end_of_record
TN:
SF:src\modules\examen_ubicacion\actasexamenubicacion\actasexamenubicacion.module.ts
FNF:0
FNH:0
DA:1,0
DA:2,0
DA:3,0
DA:4,0
DA:5,0
DA:6,0
DA:16,0
LF:7
LH:0
BRF:0
BRH:0
end_of_record
TN:
SF:src\modules\examen_ubicacion\actasexamenubicacion\actasexamenubicacion.service.ts
FN:11,(anonymous_4)
FN:16,(anonymous_5)
FN:21,(anonymous_6)
FN:25,(anonymous_7)
FN:29,(anonymous_8)
FN:33,(anonymous_9)
FNF:6
FNH:1
FNDA:1,(anonymous_4)
FNDA:0,(anonymous_5)
FNDA:0,(anonymous_6)
FNDA:0,(anonymous_7)
FNDA:0,(anonymous_8)
FNDA:0,(anonymous_9)
DA:1,2
DA:5,2
DA:6,2
DA:7,2
DA:10,2
DA:13,1
DA:17,0
DA:18,0
DA:22,0
DA:26,0
DA:30,0
DA:34,0
LF:12
LH:6
BRDA:13,0,0,2
BRDA:13,0,1,0
BRDA:13,1,0,2
BRDA:13,1,1,2
BRF:4
BRH:3
end_of_record
TN:
SF:src\modules\examen_ubicacion\actasexamenubicacion\dto\create-actasexamenubicacion.dto.ts
FN:46,(anonymous_2)
FNF:1
FNH:0
FNDA:0,(anonymous_2)
DA:1,1
DA:2,1
DA:6,1
DA:9,1
DA:12,1
DA:15,1
DA:18,1
DA:21,1
DA:24,1
DA:27,1
DA:30,1
DA:33,1
DA:36,1
DA:39,1
DA:42,1
DA:46,0
DA:47,1
LF:17
LH:16
BRDA:33,0,0,1
BRDA:33,0,1,0
BRDA:33,1,0,1
BRDA:33,1,1,1
BRF:4
BRH:3
end_of_record
TN:
SF:src\modules\examen_ubicacion\actasexamenubicacion\dto\update-actasexamenubicacion.dto.ts
FNF:0
FNH:0
DA:1,1
DA:2,1
DA:4,1
LF:3
LH:3
BRF:0
BRH:0
end_of_record
TN:
SF:src\modules\examen_ubicacion\actasexamenubicacion\schemas\actasexamenubicacion.schema.ts
FNF:0
FNH:0
DA:1,2
DA:8,2
DA:11,2
DA:14,2
DA:17,2
DA:20,2
DA:23,2
DA:26,2
DA:30,2
DA:32,2
DA:35,2
DA:38,2
DA:41,2
DA:44,2
DA:47,2
DA:50,2
LF:16
LH:16
BRDA:35,0,0,2
BRDA:35,0,1,0
BRDA:35,1,0,2
BRDA:35,1,1,2
BRF:4
BRH:3
end_of_record
TN:
SF:src\modules\examen_ubicacion\calificacionesubicacion\calificacionesubicacion.controller.ts
FN:12,(anonymous_4)
FN:15,(anonymous_5)
FN:20,(anonymous_6)
FN:25,(anonymous_7)
FN:30,(anonymous_8)
FN:35,(anonymous_9)
FNF:6
FNH:1
FNDA:1,(anonymous_4)
FNDA:0,(anonymous_5)
FNDA:0,(anonymous_6)
FNDA:0,(anonymous_7)
FNDA:0,(anonymous_8)
FNDA:0,(anonymous_9)
DA:1,1
DA:2,1
DA:3,1
DA:4,1
DA:6,1
DA:11,1
DA:12,1
DA:15,1
DA:16,0
DA:20,1
DA:21,0
DA:25,1
DA:26,0
DA:30,1
DA:31,0
DA:35,1
DA:36,0
LF:17
LH:12
BRDA:15,0,0,1
BRDA:15,0,1,0
BRDA:15,1,0,1
BRDA:15,1,1,1
BRDA:30,2,0,1
BRDA:30,2,1,0
BRDA:30,3,0,1
BRDA:30,3,1,1
BRDA:12,4,0,1
BRDA:12,4,1,0
BRDA:12,5,0,1
BRDA:12,5,1,1
BRF:12
BRH:9
end_of_record
TN:
SF:src\modules\examen_ubicacion\calificacionesubicacion\calificacionesubicacion.module.ts
FNF:0
FNH:0
DA:1,0
DA:2,0
DA:3,0
DA:4,0
DA:5,0
DA:6,0
DA:7,0
DA:8,0
DA:20,0
LF:9
LH:0
BRF:0
BRH:0
end_of_record
TN:
SF:src\modules\examen_ubicacion\calificacionesubicacion\calificacionesubicacion.service.ts
FN:10,(anonymous_4)
FN:14,(anonymous_5)
FN:18,(anonymous_6)
FN:26,(anonymous_7)
FN:32,(anonymous_8)
FN:40,(anonymous_9)
FNF:6
FNH:1
FNDA:1,(anonymous_4)
FNDA:0,(anonymous_5)
FNDA:0,(anonymous_6)
FNDA:0,(anonymous_7)
FNDA:0,(anonymous_8)
FNDA:0,(anonymous_9)
DA:1,2
DA:4,2
DA:5,2
DA:6,2
DA:9,2
DA:12,1
DA:15,0
DA:16,0
DA:19,0
DA:27,0
DA:33,0
DA:34,0
DA:35,0
DA:37,0
DA:38,0
DA:41,0
DA:42,0
DA:43,0
DA:45,0
DA:46,0
LF:20
LH:6
BRDA:34,0,0,0
BRDA:34,0,1,0
BRDA:42,1,0,0
BRDA:42,1,1,0
BRDA:12,2,0,2
BRDA:12,2,1,0
BRDA:12,3,0,2
BRDA:12,3,1,2
BRF:8
BRH:3
end_of_record
TN:
SF:src\modules\examen_ubicacion\calificacionesubicacion\dto\create-calificacionesubicacion.dto.ts
FNF:0
FNH:0
DA:1,1
DA:3,1
DA:6,1
DA:10,1
DA:14,1
DA:18,1
DA:22,1
LF:7
LH:7
BRF:0
BRH:0
end_of_record
TN:
SF:src\modules\examen_ubicacion\calificacionesubicacion\dto\update-calificacionesubicacion.dto.ts
FNF:0
FNH:0
DA:1,1
DA:2,1
DA:4,1
LF:3
LH:3
BRF:0
BRH:0
end_of_record
TN:
SF:src\modules\examen_ubicacion\calificacionesubicacion\entities\calificacionesubicacion.entity.ts
FN:27,(anonymous_2)
FN:31,(anonymous_3)
FN:35,(anonymous_4)
FNF:3
FNH:0
FNDA:0,(anonymous_2)
FNDA:0,(anonymous_3)
FNDA:0,(anonymous_4)
DA:1,4
DA:2,4
DA:3,4
DA:4,4
DA:7,4
DA:9,4
DA:12,4
DA:15,4
DA:18,4
DA:21,4
DA:24,4
DA:27,0
DA:29,4
DA:31,0
DA:33,4
DA:35,0
DA:37,4
LF:17
LH:14
BRDA:29,0,0,4
BRDA:29,0,1,0
BRDA:29,1,0,4
BRDA:29,1,1,4
BRDA:33,2,0,4
BRDA:33,2,1,0
BRDA:33,3,0,4
BRDA:33,3,1,4
BRDA:37,4,0,4
BRDA:37,4,1,0
BRDA:37,5,0,4
BRDA:37,5,1,4
BRF:12
BRH:9
end_of_record
TN:
SF:src\modules\examen_ubicacion\cronogramaubicacion\cronogramaubicacion.controller.ts
FN:12,(anonymous_4)
FN:15,(anonymous_5)
FN:20,(anonymous_6)
FN:25,(anonymous_7)
FN:30,(anonymous_8)
FN:35,(anonymous_9)
FNF:6
FNH:1
FNDA:1,(anonymous_4)
FNDA:0,(anonymous_5)
FNDA:0,(anonymous_6)
FNDA:0,(anonymous_7)
FNDA:0,(anonymous_8)
FNDA:0,(anonymous_9)
DA:1,1
DA:2,1
DA:3,1
DA:4,1
DA:5,1
DA:11,1
DA:12,1
DA:15,1
DA:16,0
DA:20,1
DA:21,0
DA:25,1
DA:26,0
DA:30,1
DA:31,0
DA:35,1
DA:36,0
LF:17
LH:12
BRDA:15,0,0,1
BRDA:15,0,1,0
BRDA:15,1,0,1
BRDA:15,1,1,1
BRDA:30,2,0,1
BRDA:30,2,1,0
BRDA:30,3,0,1
BRDA:30,3,1,1
BRDA:12,4,0,1
BRDA:12,4,1,0
BRDA:12,5,0,1
BRDA:12,5,1,1
BRF:12
BRH:9
end_of_record
TN:
SF:src\modules\examen_ubicacion\cronogramaubicacion\cronogramaubicacion.module.ts
FNF:0
FNH:0
DA:1,0
DA:2,0
DA:3,0
DA:4,0
DA:5,0
DA:6,0
DA:16,0
LF:7
LH:0
BRF:0
BRH:0
end_of_record
TN:
SF:src\modules\examen_ubicacion\cronogramaubicacion\cronogramaubicacion.service.ts
FN:10,(anonymous_4)
FN:14,(anonymous_5)
FN:19,(anonymous_6)
FN:25,(anonymous_7)
FN:32,(anonymous_8)
FN:41,(anonymous_9)
FNF:6
FNH:1
FNDA:1,(anonymous_4)
FNDA:0,(anonymous_5)
FNDA:0,(anonymous_6)
FNDA:0,(anonymous_7)
FNDA:0,(anonymous_8)
FNDA:0,(anonymous_9)
DA:1,2
DA:4,2
DA:5,2
DA:6,2
DA:9,2
DA:12,1
DA:15,0
DA:16,0
DA:20,0
DA:26,0
DA:33,0
DA:34,0
DA:35,0
DA:37,0
DA:38,0
DA:42,0
DA:43,0
DA:44,0
DA:46,0
DA:47,0
LF:20
LH:6
BRDA:34,0,0,0
BRDA:34,0,1,0
BRDA:43,1,0,0
BRDA:43,1,1,0
BRDA:12,2,0,2
BRDA:12,2,1,0
BRDA:12,3,0,2
BRDA:12,3,1,2
BRF:8
BRH:3
end_of_record
TN:
SF:src\modules\examen_ubicacion\cronogramaubicacion\dto\create-cronogramaubicacion.dto.ts
FNF:0
FNH:0
DA:1,1
DA:3,1
DA:6,1
DA:10,1
DA:14,1
LF:5
LH:5
BRDA:10,0,0,1
BRDA:10,0,1,0
BRDA:10,1,0,1
BRDA:10,1,1,1
BRF:4
BRH:3
end_of_record
TN:
SF:src\modules\examen_ubicacion\cronogramaubicacion\dto\update-cronogramaubicacion.dto.ts
FNF:0
FNH:0
DA:1,1
DA:2,1
DA:4,1
LF:3
LH:3
BRF:0
BRH:0
end_of_record
TN:
SF:src\modules\examen_ubicacion\cronogramaubicacion\entities\cronogramaubicacion.entity.ts
FN:18,(anonymous_2)
FN:21,(anonymous_3)
FN:25,(anonymous_4)
FNF:3
FNH:0
FNDA:0,(anonymous_2)
FNDA:0,(anonymous_3)
FNDA:0,(anonymous_4)
DA:1,2
DA:2,2
DA:5,2
DA:7,2
DA:10,2
DA:13,2
DA:16,2
DA:18,0
DA:19,2
DA:21,0
DA:22,2
DA:25,0
DA:27,2
LF:13
LH:10
BRDA:13,0,0,2
BRDA:13,0,1,0
BRDA:13,1,0,2
BRDA:13,1,1,2
BRDA:19,2,0,2
BRDA:19,2,1,0
BRDA:19,3,0,2
BRDA:19,3,1,2
BRDA:22,4,0,2
BRDA:22,4,1,0
BRDA:22,5,0,2
BRDA:22,5,1,2
BRDA:27,6,0,2
BRDA:27,6,1,0
BRDA:27,7,0,2
BRDA:27,7,1,2
BRF:16
BRH:12
end_of_record
TN:
SF:src\modules\examen_ubicacion\detallesubicacion\detallesubicacion.controller.ts
FN:13,(anonymous_4)
FN:16,(anonymous_5)
FN:21,(anonymous_6)
FN:26,(anonymous_7)
FN:31,(anonymous_8)
FN:36,(anonymous_9)
FN:41,(anonymous_10)
FN:46,(anonymous_11)
FNF:8
FNH:1
FNDA:1,(anonymous_4)
FNDA:0,(anonymous_5)
FNDA:0,(anonymous_6)
FNDA:0,(anonymous_7)
FNDA:0,(anonymous_8)
FNDA:0,(anonymous_9)
FNDA:0,(anonymous_10)
FNDA:0,(anonymous_11)
DA:1,1
DA:2,1
DA:3,1
DA:4,1
DA:5,1
DA:7,1
DA:12,1
DA:13,1
DA:16,1
DA:17,0
DA:21,1
DA:22,0
DA:26,1
DA:27,0
DA:31,1
DA:32,0
DA:36,1
DA:37,0
DA:41,1
DA:42,0
DA:46,1
DA:47,0
LF:22
LH:15
BRDA:16,0,0,1
BRDA:16,0,1,0
BRDA:16,1,0,1
BRDA:16,1,1,1
BRDA:41,2,0,1
BRDA:41,2,1,0
BRDA:41,3,0,1
BRDA:41,3,1,1
BRDA:13,4,0,1
BRDA:13,4,1,0
BRDA:13,5,0,1
BRDA:13,5,1,1
BRF:12
BRH:9
end_of_record
TN:
SF:src\modules\examen_ubicacion\detallesubicacion\detallesubicacion.module.ts
FNF:0
FNH:0
DA:1,0
DA:2,0
DA:3,0
DA:4,0
DA:5,0
DA:6,0
DA:7,0
DA:8,0
DA:20,0
LF:9
LH:0
BRF:0
BRH:0
end_of_record
TN:
SF:src\modules\examen_ubicacion\detallesubicacion\detallesubicacion.service.ts
FN:10,(anonymous_4)
FN:15,(anonymous_5)
FN:20,(anonymous_6)
FN:27,(anonymous_7)
FN:42,(anonymous_8)
FN:49,(anonymous_9)
FN:61,(anonymous_10)
FN:72,(anonymous_11)
FNF:8
FNH:1
FNDA:1,(anonymous_4)
FNDA:0,(anonymous_5)
FNDA:0,(anonymous_6)
FNDA:0,(anonymous_7)
FNDA:0,(anonymous_8)
FNDA:0,(anonymous_9)
FNDA:0,(anonymous_10)
FNDA:0,(anonymous_11)
DA:1,2
DA:4,2
DA:5,2
DA:6,2
DA:9,2
DA:12,1
DA:16,0
DA:17,0
DA:21,0
DA:28,0
DA:43,0
DA:50,0
DA:62,0
DA:65,0
DA:66,0
DA:68,0
DA:69,0
DA:73,0
DA:74,0
DA:75,0
DA:77,0
DA:78,0
LF:22
LH:6
BRDA:65,0,0,0
BRDA:65,0,1,0
BRDA:74,1,0,0
BRDA:74,1,1,0
BRDA:12,2,0,2
BRDA:12,2,1,0
BRDA:12,3,0,2
BRDA:12,3,1,2
BRF:8
BRH:3
end_of_record
TN:
[...]
BRDA:8,5,0,1
BRDA:8,5,1,1
BRF:12
BRH:9
end_of_record
TN:
SF:src\modules\seguimiento_docente\perfil_docente_resultados\perfil_docente_resultados.module.ts
FNF:0
FNH:0
DA:1,0
DA:2,0
DA:3,0
DA:4,0
DA:5,0
DA:6,0
DA:7,0
DA:8,0
DA:9,0
DA:10,0
DA:11,0
DA:29,0
LF:12
LH:0
BRF:0
BRH:0
end_of_record
TN:
SF:src\modules\seguimiento_docente\perfil_docente_resultados\perfil_docente_resultados.service.ts
FN:15,(anonymous_4)
FN:29,(anonymous_5)
FN:34,(anonymous_6)
FN:40,(anonymous_7)
FN:52,(anonymous_8)
FN:63,(anonymous_9)
FN:69,(anonymous_10)
FN:83,(anonymous_11)
FN:129,(anonymous_12)
FN:135,(anonymous_13)
FN:150,(anonymous_14)
FN:170,(anonymous_15)
FNF:12
FNH:1
FNDA:1,(anonymous_4)
FNDA:0,(anonymous_5)
FNDA:0,(anonymous_6)
FNDA:0,(anonymous_7)
FNDA:0,(anonymous_8)
FNDA:0,(anonymous_9)
FNDA:0,(anonymous_10)
FNDA:0,(anonymous_11)
FNDA:0,(anonymous_12)
FNDA:0,(anonymous_13)
FNDA:0,(anonymous_14)
FNDA:0,(anonymous_15)
DA:1,4
DA:2,4
DA:3,4
DA:6,4
DA:7,4
DA:8,4
DA:9,4
DA:10,4
DA:11,4
DA:14,4
DA:17,1
DA:19,1
DA:21,1
DA:23,1
DA:25,1
DA:26,1
DA:30,0
DA:31,0
DA:35,0
DA:41,0
DA:53,0
DA:57,0
DA:58,0
DA:60,0
DA:64,0
DA:65,0
DA:66,0
DA:71,0
DA:74,0
DA:77,0
DA:82,0
DA:83,0
DA:84,0
DA:85,0
DA:90,0
DA:94,0
DA:95,0
DA:100,0
DA:103,0
DA:106,0
DA:110,0
DA:111,0
DA:112,0
DA:114,0
DA:126,0
DA:130,0
DA:136,0
DA:137,0
DA:138,0
DA:142,0
DA:150,0
DA:156,0
DA:162,0
DA:166,0
DA:170,0
LF:55
LH:16
BRDA:57,0,0,0
BRDA:57,0,1,0
BRDA:74,1,0,0
BRDA:74,1,1,0
BRDA:84,2,0,0
BRDA:84,2,1,0
BRDA:84,3,0,0
BRDA:84,3,1,0
BRDA:94,4,0,0
BRDA:94,4,1,0
BRDA:110,5,0,0
BRDA:110,5,1,0
BRDA:137,6,0,0
BRDA:137,6,1,0
BRDA:174,7,0,0
BRDA:174,7,1,0
BRDA:17,8,0,4
BRDA:17,8,1,0
BRDA:17,9,0,4
BRDA:17,9,1,4
BRDA:17,10,0,4
BRDA:17,10,1,0
BRDA:17,11,0,4
BRDA:17,11,1,4
BRDA:19,12,0,4
BRDA:19,12,1,0
BRDA:19,13,0,4
BRDA:19,13,1,4
BRDA:21,14,0,4
BRDA:21,14,1,0
BRDA:21,15,0,4
BRDA:21,15,1,4
BRDA:23,16,0,4
BRDA:23,16,1,0
BRDA:23,17,0,4
BRDA:23,17,1,4
BRDA:25,18,0,4
BRDA:25,18,1,0
BRDA:25,19,0,4
BRDA:25,19,1,4
BRF:40
BRH:18
end_of_record
TN:
SF:src\modules\seguimiento_docente\perfil_docente_resultados\dto\create-perfil_docente_resultado.dto.ts
FNF:0
FNH:0
DA:1,1
DA:3,1
DA:6,1
DA:10,1
DA:15,1
DA:19,1
LF:6
LH:6
BRF:0
BRH:0
end_of_record
TN:
SF:src\modules\seguimiento_docente\perfil_docente_resultados\dto\update-perfil_docente_resultado.dto.ts
FNF:0
FNH:0
DA:1,1
DA:2,1
DA:4,1
LF:3
LH:3
BRF:0
BRH:0
end_of_record
TN:
SF:src\modules\seguimiento_docente\perfil_docente_resultados\entities\perfil_docente_resultado.entity.ts
FN:31,(anonymous_2)
FN:35,(anonymous_3)
FN:39,(anonymous_4)
FNF:3
FNH:0
FNDA:0,(anonymous_2)
FNDA:0,(anonymous_3)
FNDA:0,(anonymous_4)
DA:1,6
DA:2,6
DA:3,6
DA:4,6
DA:7,6
DA:9,6
DA:12,6
DA:15,6
DA:18,6
DA:21,6
DA:25,6
DA:28,6
DA:31,0
DA:33,6
DA:35,0
DA:37,6
DA:39,0
DA:41,6
LF:18
LH:15
BRDA:25,0,0,6
BRDA:25,0,1,0
BRDA:25,1,0,6
BRDA:25,1,1,6
BRDA:28,2,0,6
BRDA:28,2,1,0
BRDA:28,3,0,6
BRDA:28,3,1,6
BRDA:33,4,0,6
BRDA:33,4,1,0
BRDA:33,5,0,6
BRDA:33,5,1,6
BRDA:37,6,0,6
BRDA:37,6,1,0
BRDA:37,7,0,6
BRDA:37,7,1,6
BRDA:41,8,0,6
BRDA:41,8,1,0
BRDA:41,9,0,6
BRDA:41,9,1,6
BRF:20
BRH:15
end_of_record
TN:
SF:src\modules\seguimiento_docente\puntaje_academico_administrativo\puntaje_academico_administrativo.controller.ts
FN:8,(anonymous_4)
FN:11,(anonymous_5)
FN:16,(anonymous_6)
FN:21,(anonymous_7)
FN:26,(anonymous_8)
FN:31,(anonymous_9)
FNF:6
FNH:6
FNDA:6,(anonymous_4)
FNDA:1,(anonymous_5)
FNDA:1,(anonymous_6)
FNDA:1,(anonymous_7)
FNDA:1,(anonymous_8)
FNDA:1,(anonymous_9)
DA:1,1
DA:2,1
DA:3,1
DA:4,1
DA:7,1
DA:8,6
DA:11,1
DA:12,1
DA:16,1
DA:17,1
DA:21,1
DA:22,1
DA:26,1
DA:27,1
DA:31,1
DA:32,1
LF:16
LH:16
BRDA:11,0,0,1
BRDA:11,0,1,0
BRDA:11,1,0,1
BRDA:11,1,1,1
BRDA:26,2,0,1
BRDA:26,2,1,0
BRDA:26,3,0,1
BRDA:26,3,1,1
BRDA:8,4,0,1
BRDA:8,4,1,0
BRDA:8,5,0,1
BRDA:8,5,1,1
BRF:12
BRH:9
end_of_record
TN:
SF:src\modules\seguimiento_docente\puntaje_academico_administrativo\puntaje_academico_administrativo.module.ts
FNF:0
FNH:0
DA:1,0
DA:2,0
DA:3,0
DA:4,0
DA:5,0
DA:13,0
LF:6
LH:0
BRF:0
BRH:0
end_of_record
TN:
SF:src\modules\seguimiento_docente\puntaje_academico_administrativo\puntaje_academico_administrativo.service.ts
FN:10,(anonymous_4)
FN:15,(anonymous_5)
FN:20,(anonymous_6)
FN:26,(anonymous_7)
FN:37,(anonymous_8)
FN:50,(anonymous_9)
FNF:6
FNH:6
FNDA:7,(anonymous_4)
FNDA:1,(anonymous_5)
FNDA:1,(anonymous_6)
FNDA:4,(anonymous_7)
FNDA:1,(anonymous_8)
FNDA:1,(anonymous_9)
DA:1,2
DA:2,2
DA:3,2
DA:6,2
DA:9,2
DA:12,7
DA:16,1
DA:17,1
DA:21,1
DA:27,4
DA:31,4
DA:32,1
DA:34,3
DA:38,1
DA:39,1
DA:41,1
DA:42,1
DA:43,0
DA:46,1
DA:47,1
DA:51,1
DA:52,1
LF:22
LH:21
BRDA:31,0,0,1
BRDA:31,0,1,3
BRDA:42,1,0,0
BRDA:42,1,1,1
BRDA:12,2,0,2
BRDA:12,2,1,0
BRDA:12,3,0,2
BRDA:12,3,1,2
BRF:8
BRH:6
end_of_record
TN:
SF:src\modules\seguimiento_docente\puntaje_academico_administrativo\dto\create-puntaje_academico_administrativo.dto.ts
FNF:0
FNH:0
DA:1,1
DA:3,1
DA:7,1
DA:11,1
DA:15,1
LF:5
LH:5
BRF:0
BRH:0
end_of_record
TN:
SF:src\modules\seguimiento_docente\puntaje_academico_administrativo\dto\update-puntaje_academico_administrativo.dto.ts
FNF:0
FNH:0
DA:1,1
DA:2,1
DA:4,1
LF:3
LH:3
BRF:0
BRH:0
end_of_record
TN:
SF:src\modules\seguimiento_docente\puntaje_academico_administrativo\entities\puntaje_academico_administrativo.entity.ts
FN:18,(anonymous_2)
FNF:1
FNH:0
FNDA:0,(anonymous_2)
DA:1,2
DA:2,2
DA:5,2
DA:7,2
DA:10,2
DA:13,2
DA:16,2
DA:18,0
DA:20,2
LF:9
LH:8
BRDA:20,0,0,2
BRDA:20,0,1,0
BRDA:20,1,0,2
BRDA:20,1,1,2
BRF:4
BRH:3
end_of_record
TN:
SF:src\modules\seguimiento_docente\tipo_documento_perfil\tipo_documento_perfil.controller.ts
FN:11,(anonymous_4)
FN:14,(anonymous_5)
FN:19,(anonymous_6)
FN:24,(anonymous_7)
FN:29,(anonymous_8)
FN:34,(anonymous_9)
FNF:6
FNH:1
FNDA:1,(anonymous_4)
FNDA:0,(anonymous_5)
FNDA:0,(anonymous_6)
FNDA:0,(anonymous_7)
FNDA:0,(anonymous_8)
FNDA:0,(anonymous_9)
DA:1,1
DA:2,1
DA:3,1
DA:4,1
DA:5,1
DA:6,1
DA:10,1
DA:11,1
DA:14,1
DA:15,0
DA:19,1
DA:20,0
DA:24,1
DA:25,0
DA:29,1
DA:30,0
DA:34,1
DA:35,0
LF:18
LH:13
BRDA:14,0,0,1
BRDA:14,0,1,0
BRDA:14,1,0,1
BRDA:14,1,1,1
BRDA:29,2,0,1
BRDA:29,2,1,0
BRDA:29,3,0,1
BRDA:29,3,1,1
BRDA:11,4,0,1
BRDA:11,4,1,0
BRDA:11,5,0,1
BRDA:11,5,1,1
BRF:12
BRH:9
end_of_record
TN:
SF:src\modules\seguimiento_docente\tipo_documento_perfil\tipo_documento_perfil.module.ts
FNF:0
FNH:0
DA:1,0
DA:2,0
DA:3,0
DA:4,0
DA:5,0
DA:12,0
LF:6
LH:0
BRF:0
BRH:0
end_of_record
TN:
SF:src\modules\seguimiento_docente\tipo_documento_perfil\tipo_documento_perfil.service.ts
FN:10,(anonymous_4)
FN:15,(anonymous_5)
FN:20,(anonymous_6)
FN:24,(anonymous_7)
FN:32,(anonymous_8)
FN:43,(anonymous_9)
FNF:6
FNH:6
FNDA:9,(anonymous_4)
FNDA:1,(anonymous_5)
FNDA:1,(anonymous_6)
FNDA:4,(anonymous_7)
FNDA:2,(anonymous_8)
FNDA:2,(anonymous_9)
DA:1,2
DA:4,2
DA:5,2
DA:6,2
DA:9,2
DA:12,9
DA:16,1
DA:17,1
DA:21,1
DA:25,4
DA:26,4
DA:27,2
DA:29,2
DA:33,2
DA:37,2
DA:38,1
DA:40,1
DA:44,2
DA:45,1
LF:19
LH:19
BRDA:26,0,0,2
BRDA:26,0,1,2
BRDA:37,1,0,1
BRDA:37,1,1,1
BRDA:12,2,0,2
BRDA:12,2,1,0
BRDA:12,3,0,2
BRDA:12,3,1,2
BRF:8
BRH:7
end_of_record
TN:
SF:src\modules\seguimiento_docente\tipo_documento_perfil\dto\create-tipo_documento_perfil.dto.ts
FNF:0
FNH:0
DA:1,1
DA:3,1
DA:6,1
DA:10,1
LF:4
LH:4
BRF:0
BRH:0
end_of_record
TN:
SF:src\modules\seguimiento_docente\tipo_documento_perfil\dto\update-tipo_documento_perfil.dto.ts
FNF:0
FNH:0
DA:1,1
DA:2,1
DA:4,1
LF:3
LH:3
BRF:0
BRH:0
end_of_record
TN:
SF:src\modules\seguimiento_docente\tipo_documento_perfil\entities\tipo_documento_perfil.entity.ts
FNF:0
FNH:0
DA:1,6
DA:4,6
DA:6,6
DA:9,6
DA:12,6
LF:5
LH:5
BRF:0
BRH:0
end_of_record
TN:
SF:src\q10\q10.controller.ts
FN:10,(anonymous_4)
FN:13,(anonymous_5)
FN:18,(anonymous_6)
FN:23,(anonymous_7)
FNF:4
FNH:1
FNDA:1,(anonymous_4)
FNDA:0,(anonymous_5)
FNDA:0,(anonymous_6)
FNDA:0,(anonymous_7)
DA:1,1
DA:2,1
DA:3,1
DA:4,1
DA:5,1
DA:9,1
DA:10,1
DA:13,1
DA:14,0
DA:18,1
DA:19,0
DA:23,1
DA:24,0
DA:25,0
LF:14
LH:10
BRDA:13,0,0,1
BRDA:13,0,1,0
BRDA:13,1,0,1
BRDA:13,1,1,1
BRDA:23,2,0,1
BRDA:23,2,1,0
BRDA:23,3,0,1
BRDA:23,3,1,1
BRDA:10,4,0,1
BRDA:10,4,1,0
BRDA:10,5,0,1
BRDA:10,5,1,1
BRF:12
BRH:9
end_of_record
TN:
SF:src\q10\q10.module.ts
FNF:0
FNH:0
DA:1,0
DA:2,0
DA:3,0
DA:4,0
DA:5,0
DA:6,0
DA:7,0
DA:14,0
LF:8
LH:0
BRF:0
BRH:0
end_of_record
TN:
SF:src\q10\q10.service.ts
FN:25,(anonymous_2)
FN:32,(anonymous_3)
FN:41,(anonymous_4)
FN:48,(anonymous_5)
FN:57,(anonymous_6)
FN:104,(anonymous_7)
FN:167,(anonymous_8)
FN:193,(anonymous_9)
FN:223,(anonymous_10)
FN:230,(anonymous_11)
FN:238,(anonymous_12)
FNF:11
FNH:4
FNDA:3,(anonymous_2)
FNDA:2,(anonymous_3)
FNDA:2,(anonymous_4)
FNDA:2,(anonymous_5)
FNDA:0,(anonymous_6)
FNDA:0,(anonymous_7)
FNDA:0,(anonymous_8)
FNDA:0,(anonymous_9)
FNDA:0,(anonymous_10)
FNDA:0,(anonymous_11)
FNDA:0,(anonymous_12)
DA:1,2
DA:2,2
DA:3,2
DA:4,2
DA:7,2
DA:8,2
DA:9,2
DA:21,2
DA:23,3
DA:26,3
DA:27,3
DA:28,3
DA:29,3
DA:33,2
DA:42,2
DA:43,2
DA:47,1
DA:48,2
DA:49,1
DA:51,1
DA:52,1
DA:58,0
DA:59,0
DA:60,0
DA:62,0
DA:64,0
DA:66,0
DA:67,0
DA:68,0
DA:74,0
DA:77,0
DA:88,0
DA:89,0
DA:92,0
DA:98,0
DA:99,0
DA:105,0
DA:106,0
DA:107,0
DA:116,0
DA:122,0
DA:125,0
DA:128,0
DA:130,0
DA:138,0
DA:140,0
DA:141,0
DA:142,0
DA:148,0
DA:154,0
DA:156,0
DA:159,0
DA:168,0
DA:182,0
DA:188,0
DA:189,0
DA:194,0
DA:196,0
DA:197,0
DA:199,0
DA:200,0
DA:202,0
DA:203,0
DA:205,0
DA:215,0
DA:216,0
DA:217,0
DA:219,0
DA:224,0
DA:225,0
DA:229,0
DA:230,0
DA:231,0
DA:233,0
DA:234,0
DA:239,0
DA:243,0
DA:244,0
LF:78
LH:21
BRDA:23,0,0,3
BRDA:23,0,1,3
BRDA:36,1,0,2
BRDA:36,1,1,0
BRDA:66,2,0,0
BRDA:66,2,1,0
BRDA:81,3,0,0
BRDA:81,3,1,0
BRDA:125,4,0,0
BRDA:125,4,1,0
BRDA:128,5,0,0
BRDA:128,5,1,0
BRDA:128,5,2,0
BRDA:128,5,3,0
BRDA:141,6,0,0
BRDA:141,6,1,0
BRDA:156,7,0,0
BRDA:156,7,1,0
BRDA:161,8,0,0
BRDA:161,8,1,0
BRDA:162,9,0,0
BRDA:162,9,1,0
BRDA:189,10,0,0
BRDA:189,10,1,0
BRDA:194,11,0,0
BRDA:194,11,1,0
BRDA:194,11,2,0
BRDA:212,12,0,0
BRDA:212,12,1,0
BRDA:213,13,0,0
BRDA:213,13,1,0
BRDA:213,13,2,0
BRDA:244,14,0,0
BRDA:244,14,1,0
BRDA:26,15,0,2
BRDA:26,15,1,0
BRDA:26,16,0,2
BRDA:26,16,1,2
BRDA:26,17,0,2
BRDA:26,17,1,0
BRDA:26,18,0,2
BRDA:26,18,1,2
BRDA:27,19,0,2
BRDA:27,19,1,0
BRDA:27,20,0,2
BRDA:27,20,1,2
BRDA:28,21,0,2
BRDA:28,21,1,0
BRDA:28,22,0,2
BRDA:28,22,1,2
BRF:50
BRH:15
end_of_record
TN:
SF:src\q10\dto\q10-estudiante.dto.ts
FNF:0
FNH:0
DA:1,1
DA:3,1
DA:7,1
DA:11,1
DA:15,1
DA:19,1
DA:23,1
DA:27,1
DA:31,1
DA:35,1
DA:39,1
DA:43,1
DA:47,1
DA:51,1
DA:55,1
DA:59,1
DA:63,1
DA:67,1
DA:71,1
DA:75,1
LF:20
LH:20
BRF:0
BRH:0
end_of_record
TN:
SF:src\q10\dto\q10-horarios.dto.ts
FNF:0
FNH:0
DA:1,1
DA:3,1
DA:6,1
DA:10,1
LF:4
LH:4
BRF:0
BRH:0
end_of_record
TN:
SF:src\q10\lib\q10.constants.ts
FNF:0
FNH:0
DA:1,2
DA:2,2
LF:2
LH:2
BRF:0
BRH:0
end_of_record
TN:
SF:src\q10\lib\q10.helpers.ts
FN:5,getCurretDate_YYYYMMDD
FNF:1
FNH:0
FNDA:0,getCurretDate_YYYYMMDD
DA:5,2
DA:6,0
DA:7,0
LF:3
LH:1
BRF:0
BRH:0
end_of_record
TN:
SF:src\shared\mailer\mailer.controller.ts
FN:9,(anonymous_4)
FN:12,(anonymous_5)
FNF:2
FNH:1
FNDA:1,(anonymous_4)
FNDA:0,(anonymous_5)
DA:1,1
DA:2,1
DA:3,1
DA:4,1
DA:8,1
DA:9,1
DA:12,1
DA:13,0
DA:14,0
DA:15,0
DA:18,0
DA:19,0
LF:12
LH:7
BRDA:12,0,0,1
BRDA:12,0,1,0
BRDA:12,1,0,1
BRDA:12,1,1,1
BRDA:9,2,0,1
BRDA:9,2,1,0
BRDA:9,3,0,1
BRDA:9,3,1,1
BRF:8
BRH:6
end_of_record
TN:
SF:src\shared\mailer\mailer.module.ts
FNF:0
FNH:0
DA:1,0
DA:2,0
DA:3,0
DA:10,0
LF:4
LH:0
BRF:0
BRH:0
end_of_record
TN:
SF:src\shared\mailer\mailer.service.ts
FN:11,(anonymous_11)
FN:44,(anonymous_12)
FN:54,(anonymous_13)
FNF:3
FNH:1
FNDA:2,(anonymous_11)
FNDA:0,(anonymous_12)
FNDA:0,(anonymous_13)
DA:1,8
DA:2,8
DA:4,8
DA:7,8
DA:13,2
DA:46,0
DA:47,0
DA:48,0
DA:49,0
DA:51,0
DA:55,0
DA:56,0
DA:58,0
DA:59,0
DA:60,0
DA:62,0
DA:70,0
LF:17
LH:5
BRDA:47,0,0,0
BRDA:47,0,1,0
BRDA:48,1,0,0
BRDA:48,1,1,0
BRDA:49,2,0,0
BRDA:49,2,1,0
BRDA:59,3,0,0
BRDA:59,3,1,0
BRDA:60,4,0,0
BRDA:60,4,1,0
BRF:10
BRH:0
end_of_record
TN:
SF:src\shared\mailer\dto\send-mail.dto.ts
FN:19,(anonymous_2)
FNF:1
FNH:0
FNDA:0,(anonymous_2)
DA:1,1
DA:3,1
DA:6,1
DA:9,1
DA:13,1
DA:17,1
DA:19,0
DA:23,1
LF:8
LH:7
BRF:0
BRH:0
end_of_record
TN:
SF:src\shared\mailer\templates\email-templates.ts
FN:5,getTemplate
FNF:1
FNH:1
FNDA:1,getTemplate
DA:2,9
DA:3,9
DA:5,9
DA:6,1
DA:99,1
LF:5
LH:5
BRF:0
BRH:0
end_of_record
TN:
SF:src\shared\mailer\templates\footer.ts
FNF:0
FNH:0
DA:1,9
LF:1
LH:1
BRF:0
BRH:0
end_of_record
TN:
SF:src\shared\mailer\templates\header.ts
FNF:0
FNH:0
DA:1,9
LF:1
LH:1
BRF:0
BRH:0
end_of_record
TN:
SF:src\shared\reportes\certificadosr\certificadosr.controller.ts
FN:9,(anonymous_2)
FN:12,(anonymous_3)
FNF:2
FNH:2
FNDA:1,(anonymous_2)
FNDA:1,(anonymous_3)
DA:1,1
DA:2,1
DA:4,1
DA:8,1
DA:9,1
DA:12,1
DA:13,1
LF:7
LH:7
BRDA:12,0,0,1
BRDA:12,0,1,0
BRDA:12,1,0,1
BRDA:12,1,1,1
BRDA:9,2,0,1
BRDA:9,2,1,0
BRDA:9,3,0,1
BRDA:9,3,1,1
BRF:8
BRH:6
end_of_record
TN:
SF:src\shared\reportes\certificadosr\certificadosr.module.ts
FNF:0
FNH:0
DA:1,0
DA:2,0
DA:3,0
DA:4,0
DA:8,0
DA:9,0
DA:10,0
DA:25,0
LF:8
LH:0
BRF:0
BRH:0
end_of_record
TN:
SF:src\shared\reportes\certificadosr\certificadosr.service.ts
FN:20,(anonymous_4)
FN:27,(anonymous_5)
FN:46,(anonymous_6)
FN:47,(anonymous_7)
FN:78,(anonymous_8)
FN:91,(anonymous_9)
FN:95,(anonymous_10)
FN:113,(anonymous_11)
FN:127,(anonymous_12)
FNF:9
FNH:9
FNDA:4,(anonymous_4)
FNDA:4,(anonymous_5)
FNDA:9,(anonymous_6)
FNDA:9,(anonymous_7)
FNDA:4,(anonymous_8)
FNDA:4,(anonymous_9)
FNDA:9,(anonymous_10)
FNDA:9,(anonymous_11)
FNDA:4,(anonymous_12)
DA:1,2
DA:2,2
DA:3,2
DA:4,2
DA:5,2
DA:10,2
DA:11,2
DA:19,2
DA:22,4
DA:24,4
DA:28,4
DA:43,4
DA:46,9
DA:47,9
DA:51,4
DA:52,4
DA:54,4
DA:55,9
DA:56,9
DA:58,9
DA:59,2
DA:62,7
DA:63,7
DA:72,7
DA:75,4
DA:81,4
DA:82,1
DA:85,3
DA:90,3
DA:91,4
DA:96,9
DA:102,9
DA:103,4
DA:106,5
DA:107,4
DA:110,1
DA:116,9
DA:117,3
DA:120,6
DA:121,5
DA:124,1
DA:128,4
LF:42
LH:42
BRDA:47,0,0,9
BRDA:47,0,1,8
BRDA:58,1,0,2
BRDA:58,1,1,7
BRDA:58,2,0,9
BRDA:58,2,1,8
BRDA:69,3,0,7
BRDA:69,3,1,2
BRDA:81,4,0,1
BRDA:81,4,1,3
BRDA:102,5,0,4
BRDA:102,5,1,5
BRDA:106,6,0,4
BRDA:106,6,1,1
BRDA:106,7,0,5
BRDA:106,7,1,3
BRDA:116,8,0,3
BRDA:116,8,1,6
BRDA:120,9,0,5
BRDA:120,9,1,1
BRDA:22,10,0,2
BRDA:22,10,1,0
BRDA:22,11,0,2
BRDA:22,11,1,2
BRDA:22,12,0,2
BRDA:22,12,1,0
BRDA:22,13,0,2
BRDA:22,13,1,2
BRF:28
BRH:26
end_of_record
TN:
SF:src\shared\reportes\tiempos\tiempos.controller.ts
FN:9,(anonymous_2)
FN:12,(anonymous_3)
FNF:2
FNH:2
FNDA:1,(anonymous_2)
FNDA:1,(anonymous_3)
DA:1,1
DA:2,1
DA:4,1
DA:8,1
DA:9,1
DA:12,1
DA:13,1
LF:7
LH:7
BRDA:12,0,0,1
BRDA:12,0,1,0
BRDA:12,1,0,1
BRDA:12,1,1,1
BRDA:9,2,0,1
BRDA:9,2,1,0
BRDA:9,3,0,1
BRDA:9,3,1,1
BRF:8
BRH:6
end_of_record
TN:
SF:src\shared\reportes\tiempos\tiempos.module.ts
FNF:0
FNH:0
DA:1,0
DA:2,0
DA:3,0
DA:4,0
DA:8,0
DA:9,0
DA:10,0
DA:25,0
LF:8
LH:0
BRF:0
BRH:0
end_of_record
TN:
SF:src\shared\reportes\tiempos\tiempos.service.ts
FN:15,(anonymous_4)
FN:22,(anonymous_5)
FN:32,(anonymous_6)
FN:33,(anonymous_7)
FN:46,(anonymous_8)
FN:50,(anonymous_9)
FN:79,(anonymous_10)
FN:80,(anonymous_11)
FN:83,(anonymous_12)
FNF:9
FNH:9
FNDA:5,(anonymous_4)
FNDA:5,(anonymous_5)
FNDA:6,(anonymous_6)
FNDA:6,(anonymous_7)
FNDA:3,(anonymous_8)
FNDA:6,(anonymous_9)
FNDA:6,(anonymous_10)
FNDA:1,(anonymous_11)
FNDA:3,(anonymous_12)
DA:1,2
DA:2,2
DA:3,2
DA:4,2
DA:5,2
DA:6,2
DA:10,2
DA:14,2
DA:17,5
DA:19,5
DA:23,5
DA:29,5
DA:32,6
DA:33,6
DA:37,5
DA:38,1
DA:41,4
DA:45,4
DA:46,3
DA:49,4
DA:51,6
DA:52,6
DA:54,6
DA:55,2
DA:58,4
DA:59,4
DA:61,4
DA:65,1
DA:68,3
DA:79,6
DA:80,1
DA:84,3
DA:86,3
DA:88,3
LF:34
LH:34
BRDA:33,0,0,6
BRDA:33,0,1,5
BRDA:37,1,0,1
BRDA:37,1,1,4
BRDA:54,2,0,2
BRDA:54,2,1,4
BRDA:61,3,0,1
BRDA:61,3,1,3
BRDA:62,4,0,4
BRDA:62,4,1,3
BRDA:73,5,0,1
BRDA:73,5,1,2
BRDA:17,6,0,2
BRDA:17,6,1,0
BRDA:17,7,0,2
BRDA:17,7,1,2
BRDA:17,8,0,2
BRDA:17,8,1,0
BRDA:17,9,0,2
BRDA:17,9,1,2
BRF:20
BRH:18
end_of_record
TN:
SF:src\shared\reportes\tiempos\dto\create-tiempo.dto.ts
FNF:0
FNH:0
DA:1,0
LF:1
LH:0
BRF:0
BRH:0
end_of_record
TN:
SF:src\shared\reportes\tiempos\dto\update-tiempo.dto.ts
FNF:0
FNH:0
DA:1,0
DA:2,0
DA:4,0
LF:3
LH:0
BRF:0
BRH:0
end_of_record
TN:
SF:src\shared\reportes\tiempos\entities\tiempo.entity.ts
FNF:0
FNH:0
DA:1,0
LF:1
LH:0
BRF:0
BRH:0
end_of_record
TN:
SF:src\shared\upload\upload.controller.ts
FN:18,(anonymous_4)
FN:22,(anonymous_5)
FNF:2
FNH:1
FNDA:1,(anonymous_4)
FNDA:0,(anonymous_5)
DA:1,1
DA:11,1
DA:12,1
DA:13,1
DA:17,1
DA:18,1
DA:22,1
DA:29,0
DA:30,0
DA:31,0
DA:33,0
DA:39,0
LF:12
LH:7
BRDA:29,0,0,0
BRDA:29,0,1,0
BRDA:30,1,0,0
BRDA:30,1,1,0
BRDA:30,2,0,0
BRDA:30,2,1,0
BRDA:23,3,0,0
BRDA:23,3,1,1
BRDA:23,4,0,1
BRDA:23,4,1,0
BRDA:23,4,2,0
BRDA:18,5,0,1
BRDA:18,5,1,0
BRDA:18,6,0,1
BRDA:18,6,1,1
BRF:15
BRH:5
end_of_record
TN:
SF:src\shared\upload\upload.module.ts
FN:7,(anonymous_1)
FNF:1
FNH:0
FNDA:0,(anonymous_1)
DA:1,0
DA:2,0
DA:3,0
DA:4,0
DA:7,0
DA:12,0
LF:6
LH:0
BRF:0
BRH:0
end_of_record
TN:
SF:src\shared\upload\upload.service.ts
FN:31,(anonymous_13)
FN:54,(anonymous_14)
FN:73,(anonymous_15)
FN:147,(anonymous_16)
FN:152,(anonymous_17)
FN:245,(anonymous_18)
FN:267,(anonymous_19)
FN:302,(anonymous_20)
FN:326,(anonymous_21)
FN:351,(anonymous_22)
FN:358,(anonymous_23)
FN:371,(anonymous_24)
FN:375,(anonymous_25)
FN:385,(anonymous_26)
FN:401,(anonymous_27)
FN:411,(anonymous_28)
FN:32,(anonymous_29)
FNF:17
FNH:13
FNDA:8,(anonymous_13)
FNDA:4,(anonymous_14)
FNDA:0,(anonymous_15)
FNDA:0,(anonymous_16)
FNDA:5,(anonymous_17)
FNDA:1,(anonymous_18)
FNDA:1,(anonymous_19)
FNDA:2,(anonymous_20)
FNDA:6,(anonymous_21)
FNDA:1,(anonymous_22)
FNDA:1,(anonymous_23)
FNDA:11,(anonymous_24)
FNDA:11,(anonymous_25)
FNDA:10,(anonymous_26)
FNDA:4,(anonymous_27)
FNDA:0,(anonymous_28)
FNDA:0,(anonymous_29)
DA:1,4
DA:9,4
DA:10,4
DA:12,4
DA:28,4
DA:32,0
DA:33,8
DA:36,8
DA:43,8
DA:48,8
DA:55,4
DA:57,0
DA:59,0
DA:61,0
DA:63,0
DA:65,0
DA:67,4
DA:69,0
DA:79,0
DA:80,0
DA:81,0
DA:82,0
DA:84,0
DA:85,0
DA:89,0
DA:96,0
DA:97,0
DA:109,0
DA:111,0
DA:123,0
DA:126,0
DA:127,0
DA:129,0
DA:130,0
DA:133,0
DA:141,0
DA:148,0
DA:149,0
DA:158,5
DA:159,5
DA:165,5
DA:167,0
DA:172,5
DA:173,5
DA:174,0
DA:177,5
DA:178,2
DA:179,0
DA:185,2
DA:186,2
DA:192,2
DA:194,0
DA:199,2
DA:200,2
DA:205,1
DA:210,1
DA:213,3
DA:214,3
DA:215,3
DA:217,3
DA:218,3
DA:219,3
DA:220,6
DA:223,0
DA:228,3
DA:231,3
DA:233,3
DA:234,4
DA:241,3
DA:245,3
DA:246,1
DA:249,1
DA:252,1
DA:255,3
DA:256,1
DA:261,2
DA:268,1
DA:269,1
DA:270,1
DA:275,1
DA:277,1
DA:278,1
DA:279,1
DA:282,0
DA:288,0
DA:289,0
DA:292,0
DA:293,0
DA:294,0
DA:296,0
DA:303,2
DA:304,2
DA:309,2
DA:310,1
DA:313,1
DA:320,0
DA:329,6
DA:332,6
DA:333,6
DA:344,6
DA:345,6
DA:348,6
DA:352,1
DA:357,1
DA:359,1
DA:362,1
DA:363,0
DA:372,11
DA:376,11
DA:386,10
DA:387,0
DA:392,10
DA:402,4
DA:403,4
DA:404,0
DA:408,4
DA:412,0
LF:117
LH:73
BRDA:55,0,0,0
BRDA:55,0,1,0
BRDA:55,0,2,0
BRDA:55,0,3,0
BRDA:55,0,4,0
BRDA:55,0,5,4
BRDA:55,0,6,0
BRDA:57,1,0,0
BRDA:57,1,1,0
BRDA:59,2,0,0
BRDA:59,2,1,0
BRDA:61,3,0,0
BRDA:61,3,1,0
BRDA:63,4,0,0
BRDA:63,4,1,0
BRDA:65,5,0,0
BRDA:65,5,1,0
BRDA:67,6,0,4
BRDA:67,6,1,0
BRDA:85,7,0,0
BRDA:85,7,1,0
BRDA:89,8,0,0
BRDA:89,8,1,0
BRDA:89,9,0,0
BRDA:89,9,1,0
BRDA:89,9,2,0
BRDA:89,9,3,0
BRDA:96,10,0,0
BRDA:96,10,1,0
BRDA:129,11,0,0
BRDA:129,11,1,0
BRDA:129,12,0,0
BRDA:129,12,1,0
BRDA:173,13,0,0
BRDA:173,13,1,5
BRDA:177,14,0,2
BRDA:177,14,1,3
BRDA:178,15,0,0
BRDA:178,15,1,2
BRDA:200,16,0,1
BRDA:200,16,1,1
BRDA:201,17,0,2
BRDA:201,17,1,2
BRDA:214,18,0,3
BRDA:214,18,1,0
BRDA:234,19,0,3
BRDA:234,19,1,1
BRDA:235,20,0,4
BRDA:235,20,1,4
BRDA:235,20,2,4
BRDA:235,20,3,4
BRDA:235,20,4,4
BRDA:246,21,0,1
BRDA:246,21,1,0
BRDA:249,22,0,1
BRDA:249,22,1,0
BRDA:255,23,0,1
BRDA:255,23,1,2
BRDA:275,24,0,1
BRDA:275,24,1,0
BRDA:277,25,0,1
BRDA:277,25,1,0
BRDA:288,26,0,0
BRDA:288,26,1,0
BRDA:309,27,0,1
BRDA:309,27,1,1
BRDA:344,28,0,6
BRDA:344,28,1,0
BRDA:345,29,0,6
BRDA:345,29,1,6
BRDA:357,30,0,1
BRDA:357,30,1,0
BRDA:359,31,0,1
BRDA:359,31,1,1
BRDA:362,32,0,0
BRDA:362,32,1,1
BRDA:386,33,0,0
BRDA:386,33,1,10
BRDA:386,34,0,10
BRDA:386,34,1,10
BRDA:395,35,0,10
BRDA:395,35,1,8
BRDA:396,36,0,10
BRDA:396,36,1,10
BRDA:397,37,0,10
BRDA:397,37,1,8
BRDA:403,38,0,0
BRDA:403,38,1,4
BRDA:412,39,0,0
BRDA:412,39,1,0
BRDA:33,40,0,3
BRDA:33,40,1,1
BRDA:33,41,0,4
BRDA:33,41,1,3
BRF:94
BRH:47
end_of_record
TN:
SF:src\types\csv-parser.d.ts
FNF:0
FNH:0
LF:0
LH:0
BRF:0
BRH:0
end_of_record
